<?xml version="1.0" encoding="UTF-8"?>
<coverage generated="1780262440641" clover="3.2.0">
  <project timestamp="1780262440641" name="All files">
    <metrics statements="94" coveredstatements="94" conditionals="32" coveredconditionals="31" methods="15" coveredmethods="15" elements="141" coveredelements="140" complexity="0" loc="94" ncloc="94" packages="1" files="3" classes="3"/>
    <file name="index.js" path="/home/runner/work/niceties/niceties/draftlog/src/index.js">
      <metrics statements="1" coveredstatements="1" conditionals="2" coveredconditionals="2" methods="0" coveredmethods="0"/>
      <line num="4" count="44" type="cond" truecount="2" falsecount="0"/>
    </file>
    <file name="non-tty.js" path="/home/runner/work/niceties/niceties/draftlog/src/non-tty.js">
      <metrics statements="3" coveredstatements="3" conditionals="0" coveredconditionals="0" methods="2" coveredmethods="2"/>
      <line num="6" count="9" type="stmt"/>
      <line num="9" count="9" type="stmt"/>
      <line num="10" count="5" type="stmt"/>
    </file>
    <file name="tty.js" path="/home/runner/work/niceties/niceties/draftlog/src/tty.js">
      <metrics statements="90" coveredstatements="90" conditionals="30" coveredconditionals="29" methods="13" coveredmethods="13"/>
      <line num="3" count="36" type="stmt"/>
      <line num="4" count="36" type="stmt"/>
      <line num="6" count="36" type="stmt"/>
      <line num="9" count="36" type="stmt"/>
      <line num="11" count="36" type="stmt"/>
      <line num="13" count="68" type="cond" truecount="4" falsecount="0"/>
      <line num="14" count="14" type="cond" truecount="2" falsecount="0"/>
      <line num="15" count="14" type="cond" truecount="2" falsecount="0"/>
      <line num="16" count="13" type="stmt"/>
      <line num="18" count="13" type="stmt"/>
      <line num="19" count="13" type="stmt"/>
      <line num="20" count="13" type="stmt"/>
      <line num="23" count="13" type="cond" truecount="2" falsecount="0"/>
      <line num="24" count="12" type="stmt"/>
      <line num="26" count="1" type="stmt"/>
      <line num="29" count="13" type="stmt"/>
      <line num="33" count="13" type="stmt"/>
      <line num="37" count="13" type="stmt"/>
      <line num="38" count="13" type="stmt"/>
      <line num="39" count="13" type="stmt"/>
      <line num="40" count="19" type="stmt"/>
      <line num="42" count="13" type="stmt"/>
      <line num="44" count="13" type="stmt"/>
      <line num="47" count="13" type="stmt"/>
      <line num="50" count="55" type="stmt"/>
      <line num="59" count="53" type="stmt"/>
      <line num="62" count="53" type="stmt"/>
      <line num="63" count="53" type="stmt"/>
      <line num="64" count="53" type="stmt"/>
      <line num="66" count="53" type="stmt"/>
      <line num="70" count="53" type="stmt"/>
      <line num="71" count="53" type="stmt"/>
      <line num="73" count="53" type="cond" truecount="2" falsecount="0"/>
      <line num="74" count="33" type="stmt"/>
      <line num="78" count="53" type="stmt"/>
      <line num="79" count="25" type="stmt"/>
      <line num="80" count="25" type="stmt"/>
      <line num="83" count="53" type="stmt"/>
      <line num="85" count="53" type="stmt"/>
      <line num="98" count="35" type="stmt"/>
      <line num="101" count="35" type="stmt"/>
      <line num="102" count="35" type="stmt"/>
      <line num="103" count="35" type="stmt"/>
      <line num="105" count="35" type="stmt"/>
      <line num="106" count="63" type="stmt"/>
      <line num="107" count="63" type="cond" truecount="2" falsecount="0"/>
      <line num="108" count="4" type="stmt"/>
      <line num="110" count="59" type="stmt"/>
      <line num="111" count="59" type="stmt"/>
      <line num="114" count="35" type="stmt"/>
      <line num="124" count="63" type="cond" truecount="2" falsecount="0"/>
      <line num="125" count="63" type="stmt"/>
      <line num="126" count="63" type="cond" truecount="2" falsecount="0"/>
      <line num="129" count="36" type="stmt"/>
      <line num="130" count="14" type="stmt"/>
      <line num="131" count="14" type="cond" truecount="1" falsecount="1"/>
      <line num="132" count="14" type="stmt"/>
      <line num="133" count="14" type="cond" truecount="2" falsecount="0"/>
      <line num="134" count="8" type="stmt"/>
      <line num="139" count="36" type="stmt"/>
      <line num="140" count="36" type="stmt"/>
      <line num="141" count="2" type="cond" truecount="2" falsecount="0"/>
      <line num="142" count="1" type="stmt"/>
      <line num="147" count="34" type="stmt"/>
      <line num="151" count="34" type="stmt"/>
      <line num="155" count="33" type="stmt"/>
      <line num="156" count="33" type="stmt"/>
      <line num="157" count="33" type="stmt"/>
      <line num="159" count="33" type="stmt"/>
      <line num="164" count="9" type="stmt"/>
      <line num="165" count="9" type="stmt"/>
      <line num="166" count="9" type="stmt"/>
      <line num="168" count="9" type="stmt"/>
      <line num="173" count="27" type="cond" truecount="2" falsecount="0"/>
      <line num="174" count="23" type="stmt"/>
      <line num="175" count="23" type="stmt"/>
      <line num="180" count="23" type="stmt"/>
      <line num="181" count="23" type="cond" truecount="2" falsecount="0"/>
      <line num="182" count="1" type="stmt"/>
      <line num="185" count="22" type="stmt"/>
      <line num="186" count="22" type="cond" truecount="2" falsecount="0"/>
      <line num="187" count="1" type="stmt"/>
      <line num="190" count="21" type="stmt"/>
      <line num="191" count="21" type="stmt"/>
      <line num="192" count="21" type="stmt"/>
      <line num="196" count="21" type="stmt"/>
      <line num="198" count="21" type="stmt"/>
      <line num="199" count="40" type="stmt"/>
      <line num="201" count="21" type="stmt"/>
      <line num="204" count="21" type="stmt"/>
    </file>
  </project>
</coverage>
