{"/home/runner/work/niceties/niceties/draftlog/src/index.js": {"path":"/home/runner/work/niceties/niceties/draftlog/src/index.js","statementMap":{"0":{"start":{"line":4,"column":18},"end":{"line":4,"column":82}}},"fnMap":{},"branchMap":{"0":{"loc":{"start":{"line":4,"column":31},"end":{"line":4,"column":81}},"type":"cond-expr","locations":[{"start":{"line":4,"column":54},"end":{"line":4,"column":64}},{"start":{"line":4,"column":67},"end":{"line":4,"column":81}}],"line":4}},"s":{"0":44},"f":{},"b":{"0":[36,8]},"meta":{"lastBranch":1,"lastFunction":0,"lastStatement":1,"seen":{"s:4:18:4:82":0,"b:4:54:4:64:4:67:4:81":0}}}
,"/home/runner/work/niceties/niceties/draftlog/src/non-tty.js": {"path":"/home/runner/work/niceties/niceties/draftlog/src/non-tty.js","statementMap":{"0":{"start":{"line":6,"column":4},"end":{"line":6,"column":null}},"1":{"start":{"line":9,"column":4},"end":{"line":11,"column":null}},"2":{"start":{"line":10,"column":8},"end":{"line":10,"column":null}}},"fnMap":{"0":{"name":"draft","decl":{"start":{"line":5,"column":16},"end":{"line":5,"column":21}},"loc":{"start":{"line":5,"column":28},"end":{"line":12,"column":null}},"line":5},"1":{"name":"(anonymous_1)","decl":{"start":{"line":9,"column":11},"end":{"line":9,"column":18}},"loc":{"start":{"line":9,"column":22},"end":{"line":11,"column":5}},"line":9}},"branchMap":{},"s":{"0":9,"1":9,"2":5},"f":{"0":9,"1":5},"b":{},"meta":{"lastBranch":0,"lastFunction":2,"lastStatement":3,"seen":{"f:5:16:5:21":0,"s:6:4:6:Infinity":0,"s:9:4:11:Infinity":1,"f:9:11:9:18":1,"s:10:8:10:Infinity":2}}}
,"/home/runner/work/niceties/niceties/draftlog/src/tty.js": {"path":"/home/runner/work/niceties/niceties/draftlog/src/tty.js","statementMap":{"0":{"start":{"line":3,"column":22},"end":{"line":3,"column":27}},"1":{"start":{"line":4,"column":22},"end":{"line":4,"column":27}},"2":{"start":{"line":6,"column":22},"end":{"line":6,"column":42}},"3":{"start":{"line":9,"column":14},"end":{"line":9,"column":16}},"4":{"start":{"line":11,"column":0},"end":{"line":52,"column":null}},"5":{"start":{"line":13,"column":8},"end":{"line":49,"column":null}},"6":{"start":{"line":14,"column":24},"end":{"line":14,"column":76}},"7":{"start":{"line":15,"column":12},"end":{"line":48,"column":null}},"8":{"start":{"line":16,"column":49},"end":{"line":16,"column":70}},"9":{"start":{"line":18,"column":16},"end":{"line":18,"column":null}},"10":{"start":{"line":19,"column":16},"end":{"line":30,"column":null}},"11":{"start":{"line":20,"column":20},"end":{"line":20,"column":null}},"12":{"start":{"line":23,"column":20},"end":{"line":27,"column":null}},"13":{"start":{"line":24,"column":24},"end":{"line":24,"column":null}},"14":{"start":{"line":26,"column":24},"end":{"line":26,"column":null}},"15":{"start":{"line":29,"column":20},"end":{"line":29,"column":null}},"16":{"start":{"line":33,"column":31},"end":{"line":33,"column":71}},"17":{"start":{"line":37,"column":16},"end":{"line":37,"column":null}},"18":{"start":{"line":38,"column":16},"end":{"line":45,"column":null}},"19":{"start":{"line":39,"column":20},"end":{"line":41,"column":null}},"20":{"start":{"line":39,"column":33},"end":{"line":39,"column":43}},"21":{"start":{"line":40,"column":24},"end":{"line":40,"column":null}},"22":{"start":{"line":42,"column":20},"end":{"line":42,"column":null}},"23":{"start":{"line":44,"column":20},"end":{"line":44,"column":null}},"24":{"start":{"line":47,"column":16},"end":{"line":47,"column":null}},"25":{"start":{"line":50,"column":8},"end":{"line":50,"column":null}},"26":{"start":{"line":59,"column":21},"end":{"line":59,"column":39}},"27":{"start":{"line":62,"column":4},"end":{"line":62,"column":null}},"28":{"start":{"line":63,"column":4},"end":{"line":67,"column":null}},"29":{"start":{"line":64,"column":8},"end":{"line":64,"column":null}},"30":{"start":{"line":66,"column":8},"end":{"line":66,"column":null}},"31":{"start":{"line":70,"column":17},"end":{"line":70,"column":34}},"32":{"start":{"line":71,"column":4},"end":{"line":71,"column":null}},"33":{"start":{"line":73,"column":4},"end":{"line":75,"column":null}},"34":{"start":{"line":74,"column":8},"end":{"line":74,"column":null}},"35":{"start":{"line":78,"column":20},"end":{"line":81,"column":5}},"36":{"start":{"line":79,"column":8},"end":{"line":79,"column":null}},"37":{"start":{"line":80,"column":8},"end":{"line":80,"column":null}},"38":{"start":{"line":83,"column":4},"end":{"line":83,"column":null}},"39":{"start":{"line":85,"column":4},"end":{"line":85,"column":null}},"40":{"start":{"line":98,"column":17},"end":{"line":98,"column":36}},"41":{"start":{"line":101,"column":20},"end":{"line":101,"column":28}},"42":{"start":{"line":102,"column":19},"end":{"line":102,"column":20}},"43":{"start":{"line":103,"column":21},"end":{"line":103,"column":33}},"44":{"start":{"line":105,"column":4},"end":{"line":112,"column":null}},"45":{"start":{"line":105,"column":17},"end":{"line":105,"column":33}},"46":{"start":{"line":106,"column":25},"end":{"line":106,"column":62}},"47":{"start":{"line":107,"column":8},"end":{"line":109,"column":null}},"48":{"start":{"line":108,"column":12},"end":{"line":108,"column":null}},"49":{"start":{"line":110,"column":8},"end":{"line":110,"column":null}},"50":{"start":{"line":111,"column":8},"end":{"line":111,"column":null}},"51":{"start":{"line":114,"column":4},"end":{"line":114,"column":null}},"52":{"start":{"line":124,"column":20},"end":{"line":124,"column":48}},"53":{"start":{"line":125,"column":17},"end":{"line":125,"column":38}},"54":{"start":{"line":126,"column":4},"end":{"line":126,"column":null}},"55":{"start":{"line":129,"column":17},"end":{"line":137,"column":2}},"56":{"start":{"line":130,"column":18},"end":{"line":130,"column":37}},"57":{"start":{"line":131,"column":4},"end":{"line":136,"column":null}},"58":{"start":{"line":132,"column":8},"end":{"line":132,"column":null}},"59":{"start":{"line":133,"column":8},"end":{"line":135,"column":null}},"60":{"start":{"line":134,"column":12},"end":{"line":134,"column":null}},"61":{"start":{"line":139,"column":0},"end":{"line":139,"column":null}},"62":{"start":{"line":140,"column":0},"end":{"line":144,"column":null}},"63":{"start":{"line":141,"column":4},"end":{"line":143,"column":null}},"64":{"start":{"line":142,"column":8},"end":{"line":142,"column":null}},"65":{"start":{"line":147,"column":4},"end":{"line":147,"column":null}},"66":{"start":{"line":151,"column":4},"end":{"line":151,"column":null}},"67":{"start":{"line":155,"column":4},"end":{"line":155,"column":null}},"68":{"start":{"line":156,"column":4},"end":{"line":160,"column":null}},"69":{"start":{"line":157,"column":8},"end":{"line":157,"column":null}},"70":{"start":{"line":159,"column":8},"end":{"line":159,"column":null}},"71":{"start":{"line":164,"column":4},"end":{"line":164,"column":null}},"72":{"start":{"line":165,"column":4},"end":{"line":169,"column":null}},"73":{"start":{"line":166,"column":8},"end":{"line":166,"column":null}},"74":{"start":{"line":168,"column":8},"end":{"line":168,"column":null}},"75":{"start":{"line":173,"column":4},"end":{"line":176,"column":null}},"76":{"start":{"line":174,"column":8},"end":{"line":174,"column":null}},"77":{"start":{"line":175,"column":8},"end":{"line":175,"column":null}},"78":{"start":{"line":180,"column":4},"end":{"line":180,"column":null}},"79":{"start":{"line":181,"column":4},"end":{"line":183,"column":null}},"80":{"start":{"line":182,"column":8},"end":{"line":182,"column":null}},"81":{"start":{"line":185,"column":37},"end":{"line":185,"column":58}},"82":{"start":{"line":186,"column":4},"end":{"line":188,"column":null}},"83":{"start":{"line":187,"column":8},"end":{"line":187,"column":null}},"84":{"start":{"line":190,"column":4},"end":{"line":190,"column":null}},"85":{"start":{"line":191,"column":4},"end":{"line":205,"column":null}},"86":{"start":{"line":192,"column":8},"end":{"line":192,"column":null}},"87":{"start":{"line":196,"column":8},"end":{"line":196,"column":null}},"88":{"start":{"line":198,"column":8},"end":{"line":200,"column":null}},"89":{"start":{"line":198,"column":21},"end":{"line":198,"column":31}},"90":{"start":{"line":199,"column":12},"end":{"line":199,"column":null}},"91":{"start":{"line":201,"column":8},"end":{"line":201,"column":null}},"92":{"start":{"line":204,"column":8},"end":{"line":204,"column":null}}},"fnMap":{"0":{"name":"(anonymous_0)","decl":{"start":{"line":12,"column":4},"end":{"line":12,"column":12}},"loc":{"start":{"line":12,"column":86},"end":{"line":51,"column":null}},"line":12},"1":{"name":"draft","decl":{"start":{"line":58,"column":16},"end":{"line":58,"column":21}},"loc":{"start":{"line":58,"column":28},"end":{"line":86,"column":null}},"line":58},"2":{"name":"(anonymous_2)","decl":{"start":{"line":78,"column":20},"end":{"line":78,"column":27}},"loc":{"start":{"line":78,"column":31},"end":{"line":81,"column":5}},"line":78},"3":{"name":"computeVisibleDraft","decl":{"start":{"line":97,"column":9},"end":{"line":97,"column":28}},"loc":{"start":{"line":97,"column":31},"end":{"line":115,"column":null}},"line":97},"4":{"name":"terminalRowsForLine","decl":{"start":{"line":123,"column":9},"end":{"line":123,"column":28}},"loc":{"start":{"line":123,"column":38},"end":{"line":127,"column":null}},"line":123},"5":{"name":"(anonymous_5)","decl":{"start":{"line":129,"column":42},"end":{"line":129,"column":43}},"loc":{"start":{"line":129,"column":87},"end":{"line":137,"column":1}},"line":129},"6":{"name":"(anonymous_6)","decl":{"start":{"line":140,"column":19},"end":{"line":140,"column":20}},"loc":{"start":{"line":140,"column":25},"end":{"line":144,"column":1}},"line":140},"7":{"name":"syncStart","decl":{"start":{"line":146,"column":9},"end":{"line":146,"column":18}},"loc":{"start":{"line":146,"column":21},"end":{"line":148,"column":null}},"line":146},"8":{"name":"syncEnd","decl":{"start":{"line":150,"column":9},"end":{"line":150,"column":16}},"loc":{"start":{"line":150,"column":19},"end":{"line":152,"column":null}},"line":150},"9":{"name":"hideCursor","decl":{"start":{"line":154,"column":9},"end":{"line":154,"column":19}},"loc":{"start":{"line":154,"column":22},"end":{"line":161,"column":null}},"line":154},"10":{"name":"showCursor","decl":{"start":{"line":163,"column":9},"end":{"line":163,"column":19}},"loc":{"start":{"line":163,"column":22},"end":{"line":170,"column":null}},"line":163},"11":{"name":"scheduleUpdate","decl":{"start":{"line":172,"column":9},"end":{"line":172,"column":23}},"loc":{"start":{"line":172,"column":26},"end":{"line":177,"column":null}},"line":172},"12":{"name":"flushUpdates","decl":{"start":{"line":179,"column":9},"end":{"line":179,"column":21}},"loc":{"start":{"line":179,"column":24},"end":{"line":206,"column":null}},"line":179}},"branchMap":{"0":{"loc":{"start":{"line":13,"column":8},"end":{"line":49,"column":null}},"type":"if","locations":[{"start":{"line":13,"column":8},"end":{"line":49,"column":null}},{"start":{},"end":{}}],"line":13},"1":{"loc":{"start":{"line":13,"column":12},"end":{"line":13,"column":48}},"type":"binary-expr","locations":[{"start":{"line":13,"column":12},"end":{"line":13,"column":28}},{"start":{"line":13,"column":32},"end":{"line":13,"column":48}}],"line":13},"2":{"loc":{"start":{"line":14,"column":24},"end":{"line":14,"column":76}},"type":"cond-expr","locations":[{"start":{"line":14,"column":52},"end":{"line":14,"column":57}},{"start":{"line":14,"column":60},"end":{"line":14,"column":76}}],"line":14},"3":{"loc":{"start":{"line":15,"column":12},"end":{"line":48,"column":null}},"type":"if","locations":[{"start":{"line":15,"column":12},"end":{"line":48,"column":null}},{"start":{},"end":{}}],"line":15},"4":{"loc":{"start":{"line":23,"column":20},"end":{"line":27,"column":null}},"type":"if","locations":[{"start":{"line":23,"column":20},"end":{"line":27,"column":null}},{"start":{"line":25,"column":27},"end":{"line":27,"column":null}}],"line":23},"5":{"loc":{"start":{"line":73,"column":4},"end":{"line":75,"column":null}},"type":"if","locations":[{"start":{"line":73,"column":4},"end":{"line":75,"column":null}},{"start":{},"end":{}}],"line":73},"6":{"loc":{"start":{"line":107,"column":8},"end":{"line":109,"column":null}},"type":"if","locations":[{"start":{"line":107,"column":8},"end":{"line":109,"column":null}},{"start":{},"end":{}}],"line":107},"7":{"loc":{"start":{"line":124,"column":20},"end":{"line":124,"column":48}},"type":"binary-expr","locations":[{"start":{"line":124,"column":20},"end":{"line":124,"column":42}},{"start":{"line":124,"column":46},"end":{"line":124,"column":48}}],"line":124},"8":{"loc":{"start":{"line":126,"column":11},"end":{"line":126,"column":55}},"type":"cond-expr","locations":[{"start":{"line":126,"column":25},"end":{"line":126,"column":26}},{"start":{"line":126,"column":29},"end":{"line":126,"column":55}}],"line":126},"9":{"loc":{"start":{"line":131,"column":4},"end":{"line":136,"column":null}},"type":"if","locations":[{"start":{"line":131,"column":4},"end":{"line":136,"column":null}},{"start":{},"end":{}}],"line":131},"10":{"loc":{"start":{"line":133,"column":8},"end":{"line":135,"column":null}},"type":"if","locations":[{"start":{"line":133,"column":8},"end":{"line":135,"column":null}},{"start":{},"end":{}}],"line":133},"11":{"loc":{"start":{"line":141,"column":4},"end":{"line":143,"column":null}},"type":"if","locations":[{"start":{"line":141,"column":4},"end":{"line":143,"column":null}},{"start":{},"end":{}}],"line":141},"12":{"loc":{"start":{"line":173,"column":4},"end":{"line":176,"column":null}},"type":"if","locations":[{"start":{"line":173,"column":4},"end":{"line":176,"column":null}},{"start":{},"end":{}}],"line":173},"13":{"loc":{"start":{"line":181,"column":4},"end":{"line":183,"column":null}},"type":"if","locations":[{"start":{"line":181,"column":4},"end":{"line":183,"column":null}},{"start":{},"end":{}}],"line":181},"14":{"loc":{"start":{"line":186,"column":4},"end":{"line":188,"column":null}},"type":"if","locations":[{"start":{"line":186,"column":4},"end":{"line":188,"column":null}},{"start":{},"end":{}}],"line":186}},"s":{"0":36,"1":36,"2":36,"3":36,"4":36,"5":68,"6":14,"7":14,"8":13,"9":13,"10":13,"11":13,"12":13,"13":12,"14":1,"15":13,"16":13,"17":13,"18":13,"19":13,"20":13,"21":19,"22":13,"23":13,"24":13,"25":55,"26":53,"27":53,"28":53,"29":53,"30":53,"31":53,"32":53,"33":53,"34":33,"35":53,"36":25,"37":25,"38":53,"39":53,"40":35,"41":35,"42":35,"43":35,"44":35,"45":35,"46":63,"47":63,"48":4,"49":59,"50":59,"51":35,"52":63,"53":63,"54":63,"55":36,"56":14,"57":14,"58":14,"59":14,"60":8,"61":36,"62":36,"63":2,"64":1,"65":34,"66":34,"67":33,"68":33,"69":33,"70":33,"71":9,"72":9,"73":9,"74":9,"75":27,"76":23,"77":23,"78":23,"79":23,"80":1,"81":22,"82":22,"83":1,"84":21,"85":21,"86":21,"87":21,"88":21,"89":21,"90":40,"91":21,"92":21},"f":{"0":68,"1":53,"2":25,"3":35,"4":63,"5":14,"6":2,"7":34,"8":34,"9":33,"10":9,"11":27,"12":23},"b":{"0":[14,54],"1":[68,15],"2":[13,1],"3":[13,1],"4":[12,1],"5":[33,20],"6":[4,59],"7":[63,63],"8":[1,62],"9":[14,0],"10":[8,6],"11":[1,1],"12":[23,4],"13":[1,22],"14":[1,21]},"meta":{"lastBranch":15,"lastFunction":13,"lastStatement":93,"seen":{"s:3:22:3:27":0,"s:4:22:4:27":1,"s:6:22:6:42":2,"s:9:14:9:16":3,"s:11:0:52:Infinity":4,"f:12:4:12:12":0,"b:13:8:49:Infinity:undefined:undefined:undefined:undefined":0,"s:13:8:49:Infinity":5,"b:13:12:13:28:13:32:13:48":1,"s:14:24:14:76":6,"b:14:52:14:57:14:60:14:76":2,"b:15:12:48:Infinity:undefined:undefined:undefined:undefined":3,"s:15:12:48:Infinity":7,"s:16:49:16:70":8,"s:18:16:18:Infinity":9,"s:19:16:30:Infinity":10,"s:20:20:20:Infinity":11,"b:23:20:27:Infinity:25:27:27:Infinity":4,"s:23:20:27:Infinity":12,"s:24:24:24:Infinity":13,"s:26:24:26:Infinity":14,"s:29:20:29:Infinity":15,"s:33:31:33:71":16,"s:37:16:37:Infinity":17,"s:38:16:45:Infinity":18,"s:39:20:41:Infinity":19,"s:39:33:39:43":20,"s:40:24:40:Infinity":21,"s:42:20:42:Infinity":22,"s:44:20:44:Infinity":23,"s:47:16:47:Infinity":24,"s:50:8:50:Infinity":25,"f:58:16:58:21":1,"s:59:21:59:39":26,"s:62:4:62:Infinity":27,"s:63:4:67:Infinity":28,"s:64:8:64:Infinity":29,"s:66:8:66:Infinity":30,"s:70:17:70:34":31,"s:71:4:71:Infinity":32,"b:73:4:75:Infinity:undefined:undefined:undefined:undefined":5,"s:73:4:75:Infinity":33,"s:74:8:74:Infinity":34,"s:78:20:81:5":35,"f:78:20:78:27":2,"s:79:8:79:Infinity":36,"s:80:8:80:Infinity":37,"s:83:4:83:Infinity":38,"s:85:4:85:Infinity":39,"f:97:9:97:28":3,"s:98:17:98:36":40,"s:101:20:101:28":41,"s:102:19:102:20":42,"s:103:21:103:33":43,"s:105:4:112:Infinity":44,"s:105:17:105:33":45,"s:106:25:106:62":46,"b:107:8:109:Infinity:undefined:undefined:undefined:undefined":6,"s:107:8:109:Infinity":47,"s:108:12:108:Infinity":48,"s:110:8:110:Infinity":49,"s:111:8:111:Infinity":50,"s:114:4:114:Infinity":51,"f:123:9:123:28":4,"s:124:20:124:48":52,"b:124:20:124:42:124:46:124:48":7,"s:125:17:125:38":53,"s:126:4:126:Infinity":54,"b:126:25:126:26:126:29:126:55":8,"s:129:17:137:2":55,"f:129:42:129:43":5,"s:130:18:130:37":56,"b:131:4:136:Infinity:undefined:undefined:undefined:undefined":9,"s:131:4:136:Infinity":57,"s:132:8:132:Infinity":58,"b:133:8:135:Infinity:undefined:undefined:undefined:undefined":10,"s:133:8:135:Infinity":59,"s:134:12:134:Infinity":60,"s:139:0:139:Infinity":61,"s:140:0:144:Infinity":62,"f:140:19:140:20":6,"b:141:4:143:Infinity:undefined:undefined:undefined:undefined":11,"s:141:4:143:Infinity":63,"s:142:8:142:Infinity":64,"f:146:9:146:18":7,"s:147:4:147:Infinity":65,"f:150:9:150:16":8,"s:151:4:151:Infinity":66,"f:154:9:154:19":9,"s:155:4:155:Infinity":67,"s:156:4:160:Infinity":68,"s:157:8:157:Infinity":69,"s:159:8:159:Infinity":70,"f:163:9:163:19":10,"s:164:4:164:Infinity":71,"s:165:4:169:Infinity":72,"s:166:8:166:Infinity":73,"s:168:8:168:Infinity":74,"f:172:9:172:23":11,"b:173:4:176:Infinity:undefined:undefined:undefined:undefined":12,"s:173:4:176:Infinity":75,"s:174:8:174:Infinity":76,"s:175:8:175:Infinity":77,"f:179:9:179:21":12,"s:180:4:180:Infinity":78,"b:181:4:183:Infinity:undefined:undefined:undefined:undefined":13,"s:181:4:183:Infinity":79,"s:182:8:182:Infinity":80,"s:185:37:185:58":81,"b:186:4:188:Infinity:undefined:undefined:undefined:undefined":14,"s:186:4:188:Infinity":82,"s:187:8:187:Infinity":83,"s:190:4:190:Infinity":84,"s:191:4:205:Infinity":85,"s:192:8:192:Infinity":86,"s:196:8:196:Infinity":87,"s:198:8:200:Infinity":88,"s:198:21:198:31":89,"s:199:12:199:Infinity":90,"s:201:8:201:Infinity":91,"s:204:8:204:Infinity":92}}}
}
