<?xml version="1.0" encoding="UTF-8"?>
<coverage generated="1780262440980" clover="3.2.0">
  <project timestamp="1780262440980" name="All files">
    <metrics statements="95" coveredstatements="93" conditionals="55" coveredconditionals="50" methods="25" coveredmethods="24" elements="175" coveredelements="167" complexity="0" loc="95" ncloc="95" packages="1" files="8" classes="8"/>
    <file name="appender-utils.js" path="/home/runner/work/niceties/niceties/logger/src/appender-utils.js">
      <metrics statements="16" coveredstatements="15" conditionals="6" coveredconditionals="5" methods="5" coveredmethods="5"/>
      <line num="19" count="4" type="stmt"/>
      <line num="21" count="14" type="stmt"/>
      <line num="22" count="8" type="cond" truecount="2" falsecount="0"/>
      <line num="23" count="4" type="stmt"/>
      <line num="26" count="14" type="cond" truecount="2" falsecount="0"/>
      <line num="27" count="1" type="stmt"/>
      <line num="29" count="14" type="stmt"/>
      <line num="38" count="4" type="stmt"/>
      <line num="40" count="2" type="stmt"/>
      <line num="41" count="2" type="stmt"/>
      <line num="42" count="4" type="stmt"/>
      <line num="43" count="4" type="stmt"/>
      <line num="49" count="4" type="stmt"/>
      <line num="50" count="2" type="cond" truecount="1" falsecount="1"/>
      <line num="51" count="0" type="stmt"/>
      <line num="53" count="2" type="stmt"/>
    </file>
    <file name="console-appender.js" path="/home/runner/work/niceties/niceties/logger/src/console-appender.js">
      <metrics statements="3" coveredstatements="3" conditionals="0" coveredconditionals="0" methods="2" coveredmethods="2"/>
      <line num="13" count="1" type="stmt"/>
      <line num="14" count="11" type="stmt"/>
      <line num="15" count="11" type="stmt"/>
    </file>
    <file name="core.js" path="/home/runner/work/niceties/niceties/logger/src/core.js">
      <metrics statements="36" coveredstatements="36" conditionals="17" coveredconditionals="17" methods="9" coveredmethods="9"/>
      <line num="19" count="1" type="stmt"/>
      <line num="25" count="1" type="stmt"/>
      <line num="30" count="26" type="cond" truecount="2" falsecount="0"/>
      <line num="31" count="3" type="cond" truecount="2" falsecount="0"/>
      <line num="32" count="1" type="stmt"/>
      <line num="34" count="2" type="stmt"/>
      <line num="36" count="23" type="cond" truecount="2" falsecount="0"/>
      <line num="37" count="2" type="stmt"/>
      <line num="38" count="2" type="stmt"/>
      <line num="40" count="26" type="stmt"/>
      <line num="54" count="1" type="stmt"/>
      <line num="55" count="26" type="stmt"/>
      <line num="58" count="26" type="stmt"/>
      <line num="59" count="25" type="stmt"/>
      <line num="62" count="26" type="stmt"/>
      <line num="64" count="26" type="stmt"/>
      <line num="72" count="26" type="stmt"/>
      <line num="73" count="28" type="stmt"/>
      <line num="87" count="26" type="stmt"/>
      <line num="94" count="7" type="stmt"/>
      <line num="103" count="14" type="cond" truecount="2" falsecount="0"/>
      <line num="104" count="7" type="stmt"/>
      <line num="106" count="14" type="stmt"/>
      <line num="114" count="3" type="cond" truecount="2" falsecount="0"/>
      <line num="122" count="4" type="cond" truecount="2" falsecount="0"/>
      <line num="129" count="7" type="cond" truecount="2" falsecount="0"/>
      <line num="130" count="6" type="stmt"/>
      <line num="131" count="6" type="stmt"/>
      <line num="132" count="6" type="cond" truecount="2" falsecount="0"/>
      <line num="133" count="4" type="stmt"/>
      <line num="134" count="4" type="stmt"/>
      <line num="136" count="2" type="stmt"/>
      <line num="139" count="7" type="stmt"/>
      <line num="144" count="26" type="stmt"/>
      <line num="149" count="26" type="stmt"/>
      <line num="151" count="26" type="stmt"/>
    </file>
    <file name="default-formatting.js" path="/home/runner/work/niceties/niceties/logger/src/default-formatting.js">
      <metrics statements="7" coveredstatements="7" conditionals="0" coveredconditionals="0" methods="1" coveredmethods="1"/>
      <line num="9" count="1" type="stmt"/>
      <line num="12" count="1" type="stmt"/>
      <line num="15" count="1" type="stmt"/>
      <line num="18" count="1" type="stmt"/>
      <line num="22" count="1" type="stmt"/>
      <line num="28" count="1" type="stmt"/>
      <line num="29" count="1" type="stmt"/>
    </file>
    <file name="format-utils.js" path="/home/runner/work/niceties/niceties/logger/src/format-utils.js">
      <metrics statements="8" coveredstatements="7" conditionals="21" coveredconditionals="17" methods="3" coveredmethods="2"/>
      <line num="16" count="1" type="stmt"/>
      <line num="17" count="11" type="cond" truecount="1" falsecount="0"/>
      <line num="19" count="11" type="cond" truecount="2" falsecount="0"/>
      <line num="26" count="11" type="stmt"/>
      <line num="27" count="11" type="cond" truecount="7" falsecount="0"/>
      <line num="28" count="11" type="cond" truecount="2" falsecount="0"/>
      <line num="38" count="1" type="stmt"/>
      <line num="39" count="0" type="cond" truecount="0" falsecount="3"/>
    </file>
    <file name="global-appender.js" path="/home/runner/work/niceties/niceties/logger/src/global-appender.js">
      <metrics statements="9" coveredstatements="9" conditionals="6" coveredconditionals="6" methods="1" coveredmethods="1"/>
      <line num="18" count="3" type="stmt"/>
      <line num="19" count="37" type="cond" truecount="2" falsecount="0"/>
      <line num="20" count="33" type="stmt"/>
      <line num="21" count="33" type="cond" truecount="2" falsecount="0"/>
      <line num="22" count="33" type="cond" truecount="2" falsecount="0"/>
      <line num="23" count="5" type="stmt"/>
      <line num="24" count="5" type="stmt"/>
      <line num="26" count="28" type="stmt"/>
      <line num="29" count="37" type="stmt"/>
    </file>
    <file name="simple.js" path="/home/runner/work/niceties/niceties/logger/src/simple.js">
      <metrics statements="14" coveredstatements="14" conditionals="5" coveredconditionals="5" methods="4" coveredmethods="4"/>
      <line num="23" count="1" type="stmt"/>
      <line num="25" count="7" type="stmt"/>
      <line num="26" count="5" type="stmt"/>
      <line num="29" count="7" type="stmt"/>
      <line num="36" count="8" type="stmt"/>
      <line num="52" count="3" type="cond" truecount="2" falsecount="0"/>
      <line num="53" count="2" type="stmt"/>
      <line num="54" count="2" type="stmt"/>
      <line num="55" count="2" type="cond" truecount="2" falsecount="0"/>
      <line num="56" count="1" type="stmt"/>
      <line num="57" count="1" type="stmt"/>
      <line num="59" count="1" type="stmt"/>
      <line num="62" count="3" type="stmt"/>
      <line num="67" count="7" type="stmt"/>
    </file>
    <file name="types.js" path="/home/runner/work/niceties/niceties/logger/src/types.js">
      <metrics statements="2" coveredstatements="2" conditionals="0" coveredconditionals="0" methods="0" coveredmethods="0"/>
      <line num="10" count="5" type="stmt"/>
      <line num="25" count="5" type="stmt"/>
    </file>
  </project>
</coverage>
