{"/home/runner/work/niceties/niceties/logger/src/appender-utils.js": {"path":"/home/runner/work/niceties/niceties/logger/src/appender-utils.js","statementMap":{"0":{"start":{"line":19,"column":30},"end":{"line":30,"column":1}},"1":{"start":{"line":21,"column":71},"end":{"line":25,"column":5}},"2":{"start":{"line":22,"column":8},"end":{"line":24,"column":null}},"3":{"start":{"line":23,"column":12},"end":{"line":23,"column":null}},"4":{"start":{"line":26,"column":4},"end":{"line":28,"column":null}},"5":{"start":{"line":27,"column":8},"end":{"line":27,"column":null}},"6":{"start":{"line":29,"column":4},"end":{"line":29,"column":null}},"7":{"start":{"line":38,"column":32},"end":{"line":54,"column":1}},"8":{"start":{"line":40,"column":19},"end":{"line":48,"column":5}},"9":{"start":{"line":41,"column":8},"end":{"line":47,"column":null}},"10":{"start":{"line":42,"column":12},"end":{"line":46,"column":null}},"11":{"start":{"line":43,"column":16},"end":{"line":43,"column":null}},"12":{"start":{"line":49,"column":17},"end":{"line":49,"column":58}},"13":{"start":{"line":49,"column":36},"end":{"line":49,"column":41}},"14":{"start":{"line":50,"column":4},"end":{"line":52,"column":null}},"15":{"start":{"line":51,"column":8},"end":{"line":51,"column":null}},"16":{"start":{"line":53,"column":4},"end":{"line":53,"column":null}}},"fnMap":{"0":{"name":"(anonymous_0)","decl":{"start":{"line":19,"column":30},"end":{"line":19,"column":31}},"loc":{"start":{"line":19,"column":55},"end":{"line":30,"column":1}},"line":19},"1":{"name":"(anonymous_1)","decl":{"start":{"line":21,"column":71},"end":{"line":21,"column":81}},"loc":{"start":{"line":21,"column":85},"end":{"line":25,"column":5}},"line":21},"2":{"name":"(anonymous_2)","decl":{"start":{"line":38,"column":32},"end":{"line":38,"column":33}},"loc":{"start":{"line":38,"column":50},"end":{"line":54,"column":1}},"line":38},"3":{"name":"(anonymous_3)","decl":{"start":{"line":40,"column":19},"end":{"line":40,"column":20}},"loc":{"start":{"line":40,"column":72},"end":{"line":48,"column":5}},"line":40},"4":{"name":"(anonymous_4)","decl":{"start":{"line":49,"column":31},"end":{"line":49,"column":32}},"loc":{"start":{"line":49,"column":36},"end":{"line":49,"column":41}},"line":49}},"branchMap":{"0":{"loc":{"start":{"line":22,"column":8},"end":{"line":24,"column":null}},"type":"if","locations":[{"start":{"line":22,"column":8},"end":{"line":24,"column":null}},{"start":{},"end":{}}],"line":22},"1":{"loc":{"start":{"line":26,"column":4},"end":{"line":28,"column":null}},"type":"if","locations":[{"start":{"line":26,"column":4},"end":{"line":28,"column":null}},{"start":{},"end":{}}],"line":26},"2":{"loc":{"start":{"line":50,"column":4},"end":{"line":52,"column":null}},"type":"if","locations":[{"start":{"line":50,"column":4},"end":{"line":52,"column":null}},{"start":{},"end":{}}],"line":50}},"s":{"0":4,"1":14,"2":8,"3":4,"4":14,"5":1,"6":14,"7":4,"8":2,"9":2,"10":4,"11":4,"12":2,"13":4,"14":2,"15":0,"16":2},"f":{"0":14,"1":8,"2":2,"3":2,"4":4},"b":{"0":[4,4],"1":[1,13],"2":[0,2]},"meta":{"lastBranch":3,"lastFunction":5,"lastStatement":17,"seen":{"s:19:30:30:1":0,"f:19:30:19:31":0,"s:21:71:25:5":1,"f:21:71:21:81":1,"b:22:8:24:Infinity:undefined:undefined:undefined:undefined":0,"s:22:8:24:Infinity":2,"s:23:12:23:Infinity":3,"b:26:4:28:Infinity:undefined:undefined:undefined:undefined":1,"s:26:4:28:Infinity":4,"s:27:8:27:Infinity":5,"s:29:4:29:Infinity":6,"s:38:32:54:1":7,"f:38:32:38:33":2,"s:40:19:48:5":8,"f:40:19:40:20":3,"s:41:8:47:Infinity":9,"s:42:12:46:Infinity":10,"s:43:16:43:Infinity":11,"s:49:17:49:58":12,"f:49:31:49:32":4,"s:49:36:49:41":13,"b:50:4:52:Infinity:undefined:undefined:undefined:undefined":2,"s:50:4:52:Infinity":14,"s:51:8:51:Infinity":15,"s:53:4:53:Infinity":16}}}
,"/home/runner/work/niceties/niceties/logger/src/console-appender.js": {"path":"/home/runner/work/niceties/niceties/logger/src/console-appender.js","statementMap":{"0":{"start":{"line":13,"column":37},"end":{"line":17,"column":1}},"1":{"start":{"line":14,"column":4},"end":{"line":16,"column":null}},"2":{"start":{"line":15,"column":8},"end":{"line":15,"column":null}}},"fnMap":{"0":{"name":"(anonymous_0)","decl":{"start":{"line":13,"column":37},"end":{"line":13,"column":46}},"loc":{"start":{"line":13,"column":50},"end":{"line":17,"column":1}},"line":13},"1":{"name":"(anonymous_1)","decl":{"start":{"line":14,"column":11},"end":{"line":14,"column":12}},"loc":{"start":{"line":14,"column":50},"end":{"line":16,"column":5}},"line":14}},"branchMap":{},"s":{"0":1,"1":11,"2":11},"f":{"0":11,"1":11},"b":{},"meta":{"lastBranch":0,"lastFunction":2,"lastStatement":3,"seen":{"s:13:37:17:1":0,"f:13:37:13:46":0,"s:14:4:16:Infinity":1,"f:14:11:14:12":1,"s:15:8:15:Infinity":2}}}
,"/home/runner/work/niceties/niceties/logger/src/core.js": {"path":"/home/runner/work/niceties/niceties/logger/src/core.js","statementMap":{"0":{"start":{"line":19,"column":20},"end":{"line":19,"column":21}},"1":{"start":{"line":25,"column":19},"end":{"line":41,"column":1}},"2":{"start":{"line":30,"column":4},"end":{"line":39,"column":null}},"3":{"start":{"line":31,"column":8},"end":{"line":35,"column":null}},"4":{"start":{"line":32,"column":12},"end":{"line":32,"column":null}},"5":{"start":{"line":34,"column":12},"end":{"line":34,"column":null}},"6":{"start":{"line":36,"column":11},"end":{"line":39,"column":null}},"7":{"start":{"line":37,"column":8},"end":{"line":37,"column":null}},"8":{"start":{"line":38,"column":8},"end":{"line":38,"column":null}},"9":{"start":{"line":40,"column":4},"end":{"line":40,"column":null}},"10":{"start":{"line":54,"column":28},"end":{"line":152,"column":1}},"11":{"start":{"line":55,"column":26},"end":{"line":55,"column":39}},"12":{"start":{"line":58,"column":21},"end":{"line":60,"column":5}},"13":{"start":{"line":59,"column":7},"end":{"line":59,"column":null}},"14":{"start":{"line":62,"column":20},"end":{"line":62,"column":35}},"15":{"start":{"line":64,"column":30},"end":{"line":64,"column":121}},"16":{"start":{"line":72,"column":19},"end":{"line":85,"column":5}},"17":{"start":{"line":73,"column":8},"end":{"line":84,"column":null}},"18":{"start":{"line":87,"column":27},"end":{"line":142,"column":5}},"19":{"start":{"line":94,"column":12},"end":{"line":94,"column":null}},"20":{"start":{"line":103,"column":16},"end":{"line":105,"column":null}},"21":{"start":{"line":104,"column":20},"end":{"line":104,"column":null}},"22":{"start":{"line":106,"column":16},"end":{"line":106,"column":null}},"23":{"start":{"line":114,"column":16},"end":{"line":114,"column":null}},"24":{"start":{"line":122,"column":16},"end":{"line":122,"column":null}},"25":{"start":{"line":129,"column":16},"end":{"line":138,"column":null}},"26":{"start":{"line":130,"column":20},"end":{"line":130,"column":null}},"27":{"start":{"line":131,"column":32},"end":{"line":131,"column":44}},"28":{"start":{"line":132,"column":20},"end":{"line":137,"column":null}},"29":{"start":{"line":133,"column":24},"end":{"line":133,"column":null}},"30":{"start":{"line":134,"column":24},"end":{"line":134,"column":null}},"31":{"start":{"line":136,"column":24},"end":{"line":136,"column":null}},"32":{"start":{"line":139,"column":16},"end":{"line":139,"column":null}},"33":{"start":{"line":144,"column":4},"end":{"line":147,"column":null}},"34":{"start":{"line":149,"column":16},"end":{"line":149,"column":43}},"35":{"start":{"line":151,"column":4},"end":{"line":151,"column":null}}},"fnMap":{"0":{"name":"(anonymous_0)","decl":{"start":{"line":25,"column":19},"end":{"line":25,"column":26}},"loc":{"start":{"line":25,"column":30},"end":{"line":41,"column":1}},"line":25},"1":{"name":"(anonymous_1)","decl":{"start":{"line":54,"column":28},"end":{"line":54,"column":29}},"loc":{"start":{"line":54,"column":41},"end":{"line":152,"column":1}},"line":54},"2":{"name":"(anonymous_2)","decl":{"start":{"line":58,"column":21},"end":{"line":58,"column":28}},"loc":{"start":{"line":58,"column":32},"end":{"line":60,"column":5}},"line":58},"3":{"name":"(anonymous_3)","decl":{"start":{"line":72,"column":19},"end":{"line":72,"column":20}},"loc":{"start":{"line":72,"column":59},"end":{"line":85,"column":5}},"line":72},"4":{"name":"(anonymous_4)","decl":{"start":{"line":93,"column":8},"end":{"line":93,"column":9}},"loc":{"start":{"line":93,"column":56},"end":{"line":95,"column":9}},"line":93},"5":{"name":"(anonymous_5)","decl":{"start":{"line":102,"column":12},"end":{"line":102,"column":17}},"loc":{"start":{"line":102,"column":46},"end":{"line":107,"column":13}},"line":102},"6":{"name":"(anonymous_6)","decl":{"start":{"line":113,"column":12},"end":{"line":113,"column":18}},"loc":{"start":{"line":113,"column":47},"end":{"line":115,"column":13}},"line":113},"7":{"name":"(anonymous_7)","decl":{"start":{"line":121,"column":12},"end":{"line":121,"column":18}},"loc":{"start":{"line":121,"column":47},"end":{"line":123,"column":13}},"line":121},"8":{"name":"(anonymous_8)","decl":{"start":{"line":128,"column":12},"end":{"line":128,"column":20}},"loc":{"start":{"line":128,"column":31},"end":{"line":140,"column":13}},"line":128}},"branchMap":{"0":{"loc":{"start":{"line":30,"column":4},"end":{"line":39,"column":null}},"type":"if","locations":[{"start":{"line":30,"column":4},"end":{"line":39,"column":null}},{"start":{"line":36,"column":11},"end":{"line":39,"column":null}}],"line":30},"1":{"loc":{"start":{"line":31,"column":8},"end":{"line":35,"column":null}},"type":"if","locations":[{"start":{"line":31,"column":8},"end":{"line":35,"column":null}},{"start":{"line":33,"column":15},"end":{"line":35,"column":null}}],"line":31},"2":{"loc":{"start":{"line":36,"column":11},"end":{"line":39,"column":null}},"type":"if","locations":[{"start":{"line":36,"column":11},"end":{"line":39,"column":null}},{"start":{},"end":{}}],"line":36},"3":{"loc":{"start":{"line":93,"column":18},"end":{"line":93,"column":42}},"type":"default-arg","locations":[{"start":{"line":93,"column":29},"end":{"line":93,"column":42}}],"line":93},"4":{"loc":{"start":{"line":103,"column":16},"end":{"line":105,"column":null}},"type":"if","locations":[{"start":{"line":103,"column":16},"end":{"line":105,"column":null}},{"start":{},"end":{}}],"line":103},"5":{"loc":{"start":{"line":114,"column":47},"end":{"line":114,"column":74}},"type":"binary-expr","locations":[{"start":{"line":114,"column":47},"end":{"line":114,"column":55}},{"start":{"line":114,"column":59},"end":{"line":114,"column":74}}],"line":114},"6":{"loc":{"start":{"line":122,"column":47},"end":{"line":122,"column":74}},"type":"binary-expr","locations":[{"start":{"line":122,"column":47},"end":{"line":122,"column":55}},{"start":{"line":122,"column":59},"end":{"line":122,"column":74}}],"line":122},"7":{"loc":{"start":{"line":129,"column":16},"end":{"line":138,"column":null}},"type":"if","locations":[{"start":{"line":129,"column":16},"end":{"line":138,"column":null}},{"start":{},"end":{}}],"line":129},"8":{"loc":{"start":{"line":132,"column":20},"end":{"line":137,"column":null}},"type":"if","locations":[{"start":{"line":132,"column":20},"end":{"line":137,"column":null}},{"start":{"line":135,"column":27},"end":{"line":137,"column":null}}],"line":132}},"s":{"0":1,"1":1,"2":26,"3":3,"4":1,"5":2,"6":23,"7":2,"8":2,"9":26,"10":1,"11":26,"12":26,"13":25,"14":26,"15":26,"16":26,"17":28,"18":26,"19":7,"20":14,"21":7,"22":14,"23":3,"24":4,"25":7,"26":6,"27":6,"28":6,"29":4,"30":4,"31":2,"32":7,"33":26,"34":26,"35":26},"f":{"0":26,"1":26,"2":25,"3":28,"4":7,"5":14,"6":3,"7":4,"8":7},"b":{"0":[3,23],"1":[1,2],"2":[2,21],"3":[7],"4":[7,7],"5":[3,2],"6":[4,1],"7":[6,1],"8":[4,2]},"meta":{"lastBranch":9,"lastFunction":9,"lastStatement":36,"seen":{"s:19:20:19:21":0,"s:25:19:41:1":1,"f:25:19:25:26":0,"b:30:4:39:Infinity:36:11:39:Infinity":0,"s:30:4:39:Infinity":2,"b:31:8:35:Infinity:33:15:35:Infinity":1,"s:31:8:35:Infinity":3,"s:32:12:32:Infinity":4,"s:34:12:34:Infinity":5,"b:36:11:39:Infinity:undefined:undefined:undefined:undefined":2,"s:36:11:39:Infinity":6,"s:37:8:37:Infinity":7,"s:38:8:38:Infinity":8,"s:40:4:40:Infinity":9,"s:54:28:152:1":10,"f:54:28:54:29":1,"s:55:26:55:39":11,"s:58:21:60:5":12,"f:58:21:58:28":2,"s:59:7:59:Infinity":13,"s:62:20:62:35":14,"s:64:30:64:121":15,"s:72:19:85:5":16,"f:72:19:72:20":3,"s:73:8:84:Infinity":17,"s:87:27:142:5":18,"f:93:8:93:9":4,"b:93:29:93:42":3,"s:94:12:94:Infinity":19,"f:102:12:102:17":5,"b:103:16:105:Infinity:undefined:undefined:undefined:undefined":4,"s:103:16:105:Infinity":20,"s:104:20:104:Infinity":21,"s:106:16:106:Infinity":22,"f:113:12:113:18":6,"s:114:16:114:Infinity":23,"b:114:47:114:55:114:59:114:74":5,"f:121:12:121:18":7,"s:122:16:122:Infinity":24,"b:122:47:122:55:122:59:122:74":6,"f:128:12:128:20":8,"b:129:16:138:Infinity:undefined:undefined:undefined:undefined":7,"s:129:16:138:Infinity":25,"s:130:20:130:Infinity":26,"s:131:32:131:44":27,"b:132:20:137:Infinity:135:27:137:Infinity":8,"s:132:20:137:Infinity":28,"s:133:24:133:Infinity":29,"s:134:24:134:Infinity":30,"s:136:24:136:Infinity":31,"s:139:16:139:Infinity":32,"s:144:4:147:Infinity":33,"s:149:16:149:43":34,"s:151:4:151:Infinity":35}}}
,"/home/runner/work/niceties/niceties/logger/src/default-formatting.js": {"path":"/home/runner/work/niceties/niceties/logger/src/default-formatting.js","statementMap":{"0":{"start":{"line":9,"column":31},"end":{"line":9,"column":75}},"1":{"start":{"line":12,"column":29},"end":{"line":12,"column":73}},"2":{"start":{"line":15,"column":34},"end":{"line":15,"column":71}},"3":{"start":{"line":18,"column":32},"end":{"line":18,"column":69}},"4":{"start":{"line":22,"column":22},"end":{"line":22,"column":39}},"5":{"start":{"line":28,"column":26},"end":{"line":30,"column":1}},"6":{"start":{"line":29,"column":4},"end":{"line":29,"column":null}}},"fnMap":{"0":{"name":"(anonymous_0)","decl":{"start":{"line":28,"column":26},"end":{"line":28,"column":29}},"loc":{"start":{"line":28,"column":33},"end":{"line":30,"column":1}},"line":28}},"branchMap":{},"s":{"0":1,"1":1,"2":1,"3":1,"4":1,"5":1,"6":1},"f":{"0":1},"b":{},"meta":{"lastBranch":0,"lastFunction":1,"lastStatement":7,"seen":{"s:9:31:9:75":0,"s:12:29:12:73":1,"s:15:34:15:71":2,"s:18:32:18:69":3,"s:22:22:22:39":4,"s:28:26:30:1":5,"f:28:26:28:29":0,"s:29:4:29:Infinity":6}}}
,"/home/runner/work/niceties/niceties/logger/src/format-utils.js": {"path":"/home/runner/work/niceties/niceties/logger/src/format-utils.js","statementMap":{"0":{"start":{"line":16,"column":31},"end":{"line":30,"column":1}},"1":{"start":{"line":17,"column":4},"end":{"line":29,"column":null}},"2":{"start":{"line":19,"column":12},"end":{"line":25,"column":24}},"3":{"start":{"line":26,"column":22},"end":{"line":26,"column":38}},"4":{"start":{"line":27,"column":21},"end":{"line":27,"column":188}},"5":{"start":{"line":28,"column":8},"end":{"line":28,"column":null}},"6":{"start":{"line":38,"column":39},"end":{"line":40,"column":1}},"7":{"start":{"line":39,"column":4},"end":{"line":39,"column":null}}},"fnMap":{"0":{"name":"(anonymous_0)","decl":{"start":{"line":16,"column":31},"end":{"line":16,"column":32}},"loc":{"start":{"line":16,"column":78},"end":{"line":30,"column":1}},"line":16},"1":{"name":"(anonymous_1)","decl":{"start":{"line":17,"column":11},"end":{"line":17,"column":12}},"loc":{"start":{"line":17,"column":88},"end":{"line":29,"column":5}},"line":17},"2":{"name":"(anonymous_2)","decl":{"start":{"line":38,"column":39},"end":{"line":38,"column":40}},"loc":{"start":{"line":38,"column":45},"end":{"line":40,"column":1}},"line":38}},"branchMap":{"0":{"loc":{"start":{"line":17,"column":68},"end":{"line":17,"column":83}},"type":"default-arg","locations":[{"start":{"line":17,"column":82},"end":{"line":17,"column":83}}],"line":17},"1":{"loc":{"start":{"line":19,"column":12},"end":{"line":25,"column":24}},"type":"cond-expr","locations":[{"start":{"line":20,"column":18},"end":{"line":20,"column":null}},{"start":{"line":21,"column":18},"end":{"line":25,"column":24}}],"line":19},"2":{"loc":{"start":{"line":21,"column":18},"end":{"line":25,"column":24}},"type":"cond-expr","locations":[{"start":{"line":22,"column":20},"end":{"line":22,"column":null}},{"start":{"line":23,"column":20},"end":{"line":25,"column":24}}],"line":21},"3":{"loc":{"start":{"line":23,"column":20},"end":{"line":25,"column":24}},"type":"cond-expr","locations":[{"start":{"line":24,"column":22},"end":{"line":24,"column":null}},{"start":{"line":25,"column":22},"end":{"line":25,"column":24}}],"line":23},"4":{"loc":{"start":{"line":23,"column":20},"end":{"line":23,"column":null}},"type":"binary-expr","locations":[{"start":{"line":23,"column":20},"end":{"line":23,"column":41}},{"start":{"line":23,"column":45},"end":{"line":23,"column":null}}],"line":23},"5":{"loc":{"start":{"line":27,"column":33},"end":{"line":27,"column":137}},"type":"cond-expr","locations":[{"start":{"line":27,"column":111},"end":{"line":27,"column":132}},{"start":{"line":27,"column":135},"end":{"line":27,"column":137}}],"line":27},"6":{"loc":{"start":{"line":27,"column":33},"end":{"line":27,"column":108}},"type":"binary-expr","locations":[{"start":{"line":27,"column":33},"end":{"line":27,"column":62}},{"start":{"line":27,"column":66},"end":{"line":27,"column":87}},{"start":{"line":27,"column":91},"end":{"line":27,"column":108}}],"line":27},"7":{"loc":{"start":{"line":27,"column":150},"end":{"line":27,"column":186}},"type":"cond-expr","locations":[{"start":{"line":27,"column":168},"end":{"line":27,"column":181}},{"start":{"line":27,"column":184},"end":{"line":27,"column":186}}],"line":27},"8":{"loc":{"start":{"line":28,"column":44},"end":{"line":28,"column":70}},"type":"cond-expr","locations":[{"start":{"line":28,"column":52},"end":{"line":28,"column":63}},{"start":{"line":28,"column":66},"end":{"line":28,"column":70}}],"line":28},"9":{"loc":{"start":{"line":39,"column":11},"end":{"line":39,"column":108}},"type":"binary-expr","locations":[{"start":{"line":39,"column":11},"end":{"line":39,"column":39}},{"start":{"line":39,"column":43},"end":{"line":39,"column":80}},{"start":{"line":39,"column":84},"end":{"line":39,"column":108}}],"line":39}},"s":{"0":1,"1":11,"2":11,"3":11,"4":11,"5":11,"6":1,"7":0},"f":{"0":11,"1":11,"2":0},"b":{"0":[11],"1":[3,8],"2":[0,8],"3":[5,3],"4":[8,5],"5":[1,10],"6":[11,1,1],"7":[1,10],"8":[6,5],"9":[0,0,0]},"meta":{"lastBranch":10,"lastFunction":3,"lastStatement":8,"seen":{"s:16:31:30:1":0,"f:16:31:16:32":0,"s:17:4:29:Infinity":1,"f:17:11:17:12":1,"b:17:82:17:83":0,"s:19:12:25:24":2,"b:20:18:20:Infinity:21:18:25:24":1,"b:22:20:22:Infinity:23:20:25:24":2,"b:24:22:24:Infinity:25:22:25:24":3,"b:23:20:23:41:23:45:23:Infinity":4,"s:26:22:26:38":3,"s:27:21:27:188":4,"b:27:111:27:132:27:135:27:137":5,"b:27:33:27:62:27:66:27:87:27:91:27:108":6,"b:27:168:27:181:27:184:27:186":7,"s:28:8:28:Infinity":5,"b:28:52:28:63:28:66:28:70":8,"s:38:39:40:1":6,"f:38:39:38:40":2,"s:39:4:39:Infinity":7,"b:39:11:39:39:39:43:39:80:39:84:39:108":9}}}
,"/home/runner/work/niceties/niceties/logger/src/global-appender.js": {"path":"/home/runner/work/niceties/niceties/logger/src/global-appender.js","statementMap":{"0":{"start":{"line":18,"column":24},"end":{"line":30,"column":1}},"1":{"start":{"line":19,"column":4},"end":{"line":28,"column":null}},"2":{"start":{"line":20,"column":8},"end":{"line":20,"column":null}},"3":{"start":{"line":21,"column":20},"end":{"line":21,"column":69}},"4":{"start":{"line":22,"column":8},"end":{"line":27,"column":null}},"5":{"start":{"line":23,"column":12},"end":{"line":23,"column":null}},"6":{"start":{"line":24,"column":12},"end":{"line":24,"column":null}},"7":{"start":{"line":26,"column":12},"end":{"line":26,"column":null}},"8":{"start":{"line":29,"column":4},"end":{"line":29,"column":null}}},"fnMap":{"0":{"name":"(anonymous_0)","decl":{"start":{"line":18,"column":24},"end":{"line":18,"column":35}},"loc":{"start":{"line":18,"column":39},"end":{"line":30,"column":1}},"line":18}},"branchMap":{"0":{"loc":{"start":{"line":19,"column":4},"end":{"line":28,"column":null}},"type":"if","locations":[{"start":{"line":19,"column":4},"end":{"line":28,"column":null}},{"start":{},"end":{}}],"line":19},"1":{"loc":{"start":{"line":21,"column":20},"end":{"line":21,"column":69}},"type":"cond-expr","locations":[{"start":{"line":21,"column":42},"end":{"line":21,"column":57}},{"start":{"line":21,"column":60},"end":{"line":21,"column":69}}],"line":21},"2":{"loc":{"start":{"line":22,"column":8},"end":{"line":27,"column":null}},"type":"if","locations":[{"start":{"line":22,"column":8},"end":{"line":27,"column":null}},{"start":{"line":25,"column":15},"end":{"line":27,"column":null}}],"line":22}},"s":{"0":3,"1":37,"2":33,"3":33,"4":33,"5":5,"6":5,"7":28,"8":37},"f":{"0":37},"b":{"0":[33,4],"1":[31,2],"2":[5,28]},"meta":{"lastBranch":3,"lastFunction":1,"lastStatement":9,"seen":{"s:18:24:30:1":0,"f:18:24:18:35":0,"b:19:4:28:Infinity:undefined:undefined:undefined:undefined":0,"s:19:4:28:Infinity":1,"s:20:8:20:Infinity":2,"s:21:20:21:69":3,"b:21:42:21:57:21:60:21:69":1,"b:22:8:27:Infinity:25:15:27:Infinity":2,"s:22:8:27:Infinity":4,"s:23:12:23:Infinity":5,"s:24:12:24:Infinity":6,"s:26:12:26:Infinity":7,"s:29:4:29:Infinity":8}}}
,"/home/runner/work/niceties/niceties/logger/src/simple.js": {"path":"/home/runner/work/niceties/niceties/logger/src/simple.js","statementMap":{"0":{"start":{"line":23,"column":28},"end":{"line":68,"column":1}},"1":{"start":{"line":25,"column":21},"end":{"line":27,"column":5}},"2":{"start":{"line":26,"column":7},"end":{"line":26,"column":null}},"3":{"start":{"line":29,"column":27},"end":{"line":65,"column":5}},"4":{"start":{"line":36,"column":12},"end":{"line":44,"column":null}},"5":{"start":{"line":52,"column":16},"end":{"line":61,"column":null}},"6":{"start":{"line":53,"column":20},"end":{"line":53,"column":null}},"7":{"start":{"line":54,"column":32},"end":{"line":54,"column":44}},"8":{"start":{"line":55,"column":20},"end":{"line":60,"column":null}},"9":{"start":{"line":56,"column":24},"end":{"line":56,"column":null}},"10":{"start":{"line":57,"column":24},"end":{"line":57,"column":null}},"11":{"start":{"line":59,"column":24},"end":{"line":59,"column":null}},"12":{"start":{"line":62,"column":16},"end":{"line":62,"column":null}},"13":{"start":{"line":67,"column":4},"end":{"line":67,"column":null}}},"fnMap":{"0":{"name":"(anonymous_0)","decl":{"start":{"line":23,"column":28},"end":{"line":23,"column":31}},"loc":{"start":{"line":23,"column":35},"end":{"line":68,"column":1}},"line":23},"1":{"name":"(anonymous_1)","decl":{"start":{"line":25,"column":21},"end":{"line":25,"column":28}},"loc":{"start":{"line":25,"column":32},"end":{"line":27,"column":5}},"line":25},"2":{"name":"(anonymous_2)","decl":{"start":{"line":35,"column":8},"end":{"line":35,"column":9}},"loc":{"start":{"line":35,"column":56},"end":{"line":45,"column":9}},"line":35},"3":{"name":"(anonymous_3)","decl":{"start":{"line":51,"column":12},"end":{"line":51,"column":20}},"loc":{"start":{"line":51,"column":31},"end":{"line":63,"column":13}},"line":51}},"branchMap":{"0":{"loc":{"start":{"line":35,"column":18},"end":{"line":35,"column":42}},"type":"default-arg","locations":[{"start":{"line":35,"column":29},"end":{"line":35,"column":42}}],"line":35},"1":{"loc":{"start":{"line":52,"column":16},"end":{"line":61,"column":null}},"type":"if","locations":[{"start":{"line":52,"column":16},"end":{"line":61,"column":null}},{"start":{},"end":{}}],"line":52},"2":{"loc":{"start":{"line":55,"column":20},"end":{"line":60,"column":null}},"type":"if","locations":[{"start":{"line":55,"column":20},"end":{"line":60,"column":null}},{"start":{"line":58,"column":27},"end":{"line":60,"column":null}}],"line":55}},"s":{"0":1,"1":7,"2":5,"3":7,"4":8,"5":3,"6":2,"7":2,"8":2,"9":1,"10":1,"11":1,"12":3,"13":7},"f":{"0":7,"1":5,"2":8,"3":3},"b":{"0":[8],"1":[2,1],"2":[1,1]},"meta":{"lastBranch":3,"lastFunction":4,"lastStatement":14,"seen":{"s:23:28:68:1":0,"f:23:28:23:31":0,"s:25:21:27:5":1,"f:25:21:25:28":1,"s:26:7:26:Infinity":2,"s:29:27:65:5":3,"f:35:8:35:9":2,"b:35:29:35:42":0,"s:36:12:44:Infinity":4,"f:51:12:51:20":3,"b:52:16:61:Infinity:undefined:undefined:undefined:undefined":1,"s:52:16:61:Infinity":5,"s:53:20:53:Infinity":6,"s:54:32:54:44":7,"b:55:20:60:Infinity:58:27:60:Infinity":2,"s:55:20:60:Infinity":8,"s:56:24:56:Infinity":9,"s:57:24:57:Infinity":10,"s:59:24:59:Infinity":11,"s:62:16:62:Infinity":12,"s:67:4:67:Infinity":13}}}
,"/home/runner/work/niceties/niceties/logger/src/types.js": {"path":"/home/runner/work/niceties/niceties/logger/src/types.js","statementMap":{"0":{"start":{"line":10,"column":46},"end":{"line":19,"column":1}},"1":{"start":{"line":25,"column":44},"end":{"line":30,"column":1}}},"fnMap":{},"branchMap":{},"s":{"0":5,"1":5},"f":{},"b":{},"meta":{"lastBranch":0,"lastFunction":0,"lastStatement":2,"seen":{"s:10:46:19:1":0,"s:25:44:30:1":1}}}
}
