{"/home/runner/work/niceties/niceties/draftlog-appender/src/core.js": {"path":"/home/runner/work/niceties/niceties/draftlog-appender/src/core.js","statementMap":{"0":{"start":{"line":21,"column":35},"end":{"line":21,"column":65}},"1":{"start":{"line":22,"column":23},"end":{"line":22,"column":63}},"2":{"start":{"line":24,"column":4},"end":{"line":27,"column":null}},"3":{"start":{"line":25,"column":8},"end":{"line":25,"column":null}},"4":{"start":{"line":26,"column":8},"end":{"line":26,"column":null}},"5":{"start":{"line":30,"column":25},"end":{"line":30,"column":44}},"6":{"start":{"line":31,"column":8},"end":{"line":37,"column":null}},"7":{"start":{"line":32,"column":12},"end":{"line":32,"column":null}},"8":{"start":{"line":33,"column":12},"end":{"line":33,"column":29}},"9":{"start":{"line":34,"column":15},"end":{"line":37,"column":null}},"10":{"start":{"line":35,"column":12},"end":{"line":35,"column":null}},"11":{"start":{"line":36,"column":12},"end":{"line":36,"column":null}},"12":{"start":{"line":41,"column":22},"end":{"line":41,"column":32}},"13":{"start":{"line":42,"column":8},"end":{"line":42,"column":null}},"14":{"start":{"line":43,"column":8},"end":{"line":43,"column":null}},"15":{"start":{"line":44,"column":8},"end":{"line":44,"column":null}}},"fnMap":{"0":{"name":"createDraftlogAppender","decl":{"start":{"line":17,"column":16},"end":{"line":17,"column":38}},"loc":{"start":{"line":17,"column":84},"end":{"line":46,"column":null}},"line":17},"1":{"name":"(anonymous_1)","decl":{"start":{"line":24,"column":11},"end":{"line":24,"column":12}},"loc":{"start":{"line":24,"column":50},"end":{"line":27,"column":5}},"line":24},"2":{"name":"checkTimeout","decl":{"start":{"line":29,"column":13},"end":{"line":29,"column":25}},"loc":{"start":{"line":29,"column":28},"end":{"line":38,"column":null}},"line":29},"3":{"name":"updateSpinners","decl":{"start":{"line":40,"column":13},"end":{"line":40,"column":27}},"loc":{"start":{"line":40,"column":30},"end":{"line":45,"column":null}},"line":40}},"branchMap":{"0":{"loc":{"start":{"line":31,"column":8},"end":{"line":37,"column":null}},"type":"if","locations":[{"start":{"line":31,"column":8},"end":{"line":37,"column":null}},{"start":{"line":34,"column":15},"end":{"line":37,"column":null}}],"line":31},"1":{"loc":{"start":{"line":31,"column":12},"end":{"line":31,"column":33}},"type":"binary-expr","locations":[{"start":{"line":31,"column":12},"end":{"line":31,"column":20}},{"start":{"line":31,"column":24},"end":{"line":31,"column":33}}],"line":31},"2":{"loc":{"start":{"line":34,"column":15},"end":{"line":37,"column":null}},"type":"if","locations":[{"start":{"line":34,"column":15},"end":{"line":37,"column":null}},{"start":{},"end":{}}],"line":34},"3":{"loc":{"start":{"line":34,"column":19},"end":{"line":34,"column":40}},"type":"binary-expr","locations":[{"start":{"line":34,"column":19},"end":{"line":34,"column":28}},{"start":{"line":34,"column":32},"end":{"line":34,"column":40}}],"line":34}},"s":{"0":22,"1":22,"2":22,"3":57,"4":57,"5":57,"6":57,"7":14,"8":14,"9":43,"10":7,"11":7,"12":10,"13":10,"14":10,"15":10},"f":{"0":22,"1":57,"2":57,"3":10},"b":{"0":[14,43],"1":[57,39],"2":[7,36],"3":[43,18]},"meta":{"lastBranch":4,"lastFunction":4,"lastStatement":16,"seen":{"f:17:16:17:38":0,"s:21:35:21:65":0,"s:22:23:22:63":1,"s:24:4:27:Infinity":2,"f:24:11:24:12":1,"s:25:8:25:Infinity":3,"s:26:8:26:Infinity":4,"f:29:13:29:25":2,"s:30:25:30:44":5,"b:31:8:37:Infinity:34:15:37:Infinity":0,"s:31:8:37:Infinity":6,"b:31:12:31:20:31:24:31:33":1,"s:32:12:32:Infinity":7,"s:33:12:33:29":8,"b:34:15:37:Infinity:undefined:undefined:undefined:undefined":2,"s:34:15:37:Infinity":9,"b:34:19:34:28:34:32:34:40":3,"s:35:12:35:Infinity":10,"s:36:12:36:Infinity":11,"f:40:13:40:27":3,"s:41:22:41:32":12,"s:42:8:42:Infinity":13,"s:43:8:43:Infinity":14,"s:44:8:44:Infinity":15}}}
,"/home/runner/work/niceties/niceties/draftlog-appender/src/details/canvas.js": {"path":"/home/runner/work/niceties/niceties/draftlog-appender/src/details/canvas.js","statementMap":{"0":{"start":{"line":21,"column":21},"end":{"line":21,"column":23}},"1":{"start":{"line":23,"column":4},"end":{"line":23,"column":null}},"2":{"start":{"line":30,"column":8},"end":{"line":33,"column":null}},"3":{"start":{"line":31,"column":12},"end":{"line":31,"column":null}},"4":{"start":{"line":32,"column":12},"end":{"line":32,"column":null}},"5":{"start":{"line":34,"column":18},"end":{"line":34,"column":19}},"6":{"start":{"line":36,"column":22},"end":{"line":36,"column":24}},"7":{"start":{"line":37,"column":8},"end":{"line":83,"column":null}},"8":{"start":{"line":38,"column":12},"end":{"line":73,"column":null}},"9":{"start":{"line":39,"column":29},"end":{"line":39,"column":87}},"10":{"start":{"line":40,"column":36},"end":{"line":40,"column":41}},"11":{"start":{"line":41,"column":32},"end":{"line":41,"column":59}},"12":{"start":{"line":42,"column":16},"end":{"line":65,"column":null}},"13":{"start":{"line":43,"column":34},"end":{"line":43,"column":49}},"14":{"start":{"line":44,"column":20},"end":{"line":47,"column":null}},"15":{"start":{"line":45,"column":24},"end":{"line":45,"column":null}},"16":{"start":{"line":46,"column":24},"end":{"line":46,"column":null}},"17":{"start":{"line":48,"column":20},"end":{"line":60,"column":null}},"18":{"start":{"line":61,"column":20},"end":{"line":64,"column":null}},"19":{"start":{"line":62,"column":24},"end":{"line":62,"column":null}},"20":{"start":{"line":63,"column":24},"end":{"line":63,"column":null}},"21":{"start":{"line":66,"column":16},"end":{"line":69,"column":null}},"22":{"start":{"line":67,"column":20},"end":{"line":67,"column":null}},"23":{"start":{"line":68,"column":20},"end":{"line":68,"column":null}},"24":{"start":{"line":72,"column":16},"end":{"line":72,"column":null}},"25":{"start":{"line":74,"column":12},"end":{"line":76,"column":null}},"26":{"start":{"line":75,"column":16},"end":{"line":75,"column":null}},"27":{"start":{"line":77,"column":12},"end":{"line":79,"column":null}},"28":{"start":{"line":78,"column":16},"end":{"line":78,"column":null}},"29":{"start":{"line":80,"column":12},"end":{"line":82,"column":null}},"30":{"start":{"line":81,"column":16},"end":{"line":81,"column":null}},"31":{"start":{"line":85,"column":8},"end":{"line":87,"column":null}},"32":{"start":{"line":86,"column":12},"end":{"line":86,"column":null}},"33":{"start":{"line":97,"column":8},"end":{"line":100,"column":null}}},"fnMap":{"0":{"name":"createCanvas","decl":{"start":{"line":19,"column":16},"end":{"line":19,"column":28}},"loc":{"start":{"line":19,"column":56},"end":{"line":102,"column":null}},"line":19},"1":{"name":"modelFn","decl":{"start":{"line":29,"column":13},"end":{"line":29,"column":20}},"loc":{"start":{"line":29,"column":43},"end":{"line":88,"column":null}},"line":29},"2":{"name":"getPrefix","decl":{"start":{"line":95,"column":13},"end":{"line":95,"column":22}},"loc":{"start":{"line":95,"column":37},"end":{"line":101,"column":null}},"line":95}},"branchMap":{"0":{"loc":{"start":{"line":29,"column":28},"end":{"line":29,"column":41}},"type":"default-arg","locations":[{"start":{"line":29,"column":36},"end":{"line":29,"column":41}}],"line":29},"1":{"loc":{"start":{"line":30,"column":8},"end":{"line":33,"column":null}},"type":"if","locations":[{"start":{"line":30,"column":8},"end":{"line":33,"column":null}},{"start":{},"end":{}}],"line":30},"2":{"loc":{"start":{"line":38,"column":12},"end":{"line":73,"column":null}},"type":"if","locations":[{"start":{"line":38,"column":12},"end":{"line":73,"column":null}},{"start":{"line":70,"column":19},"end":{"line":73,"column":null}}],"line":38},"3":{"loc":{"start":{"line":38,"column":16},"end":{"line":38,"column":50}},"type":"binary-expr","locations":[{"start":{"line":38,"column":16},"end":{"line":38,"column":21}},{"start":{"line":38,"column":25},"end":{"line":38,"column":35}},{"start":{"line":38,"column":39},"end":{"line":38,"column":50}}],"line":38},"4":{"loc":{"start":{"line":44,"column":20},"end":{"line":47,"column":null}},"type":"if","locations":[{"start":{"line":44,"column":20},"end":{"line":47,"column":null}},{"start":{},"end":{}}],"line":44},"5":{"loc":{"start":{"line":54,"column":58},"end":{"line":54,"column":108}},"type":"cond-expr","locations":[{"start":{"line":54,"column":86},"end":{"line":54,"column":96}},{"start":{"line":54,"column":99},"end":{"line":54,"column":108}}],"line":54},"6":{"loc":{"start":{"line":61,"column":20},"end":{"line":64,"column":null}},"type":"if","locations":[{"start":{"line":61,"column":20},"end":{"line":64,"column":null}},{"start":{},"end":{}}],"line":61},"7":{"loc":{"start":{"line":61,"column":24},"end":{"line":61,"column":91}},"type":"binary-expr","locations":[{"start":{"line":61,"column":24},"end":{"line":61,"column":43}},{"start":{"line":61,"column":47},"end":{"line":61,"column":73}},{"start":{"line":61,"column":77},"end":{"line":61,"column":91}}],"line":61},"8":{"loc":{"start":{"line":66,"column":16},"end":{"line":69,"column":null}},"type":"if","locations":[{"start":{"line":66,"column":16},"end":{"line":69,"column":null}},{"start":{},"end":{}}],"line":66},"9":{"loc":{"start":{"line":74,"column":12},"end":{"line":76,"column":null}},"type":"if","locations":[{"start":{"line":74,"column":12},"end":{"line":76,"column":null}},{"start":{},"end":{}}],"line":74},"10":{"loc":{"start":{"line":77,"column":12},"end":{"line":79,"column":null}},"type":"if","locations":[{"start":{"line":77,"column":12},"end":{"line":79,"column":null}},{"start":{},"end":{}}],"line":77},"11":{"loc":{"start":{"line":80,"column":19},"end":{"line":80,"column":66}},"type":"binary-expr","locations":[{"start":{"line":80,"column":19},"end":{"line":80,"column":31}},{"start":{"line":80,"column":35},"end":{"line":80,"column":66}}],"line":80},"12":{"loc":{"start":{"line":97,"column":15},"end":{"line":100,"column":28}},"type":"cond-expr","locations":[{"start":{"line":98,"column":47},"end":{"line":98,"column":67}},{"start":{"line":100,"column":14},"end":{"line":100,"column":28}}],"line":97}},"s":{"0":22,"1":22,"2":67,"3":3,"4":3,"5":67,"6":67,"7":67,"8":129,"9":107,"10":107,"11":107,"12":107,"13":113,"14":113,"15":45,"16":45,"17":113,"18":113,"19":2,"20":2,"21":107,"22":53,"23":53,"24":22,"25":129,"26":43,"27":129,"28":43,"29":129,"30":43,"31":67,"32":18,"33":107},"f":{"0":22,"1":67,"2":107},"b":{"0":[67],"1":[3,64],"2":[107,22],"3":[129,108,55],"4":[45,68],"5":[12,101],"6":[2,111],"7":[113,9,6],"8":[53,54],"9":[43,86],"10":[43,86],"11":[129,108],"12":[79,28]},"meta":{"lastBranch":13,"lastFunction":3,"lastStatement":34,"seen":{"f:19:16:19:28":0,"s:21:21:21:23":0,"s:23:4:23:Infinity":1,"f:29:13:29:20":1,"b:29:36:29:41":0,"b:30:8:33:Infinity:undefined:undefined:undefined:undefined":1,"s:30:8:33:Infinity":2,"s:31:12:31:Infinity":3,"s:32:12:32:Infinity":4,"s:34:18:34:19":5,"s:36:22:36:24":6,"s:37:8:83:Infinity":7,"b:38:12:73:Infinity:70:19:73:Infinity":2,"s:38:12:73:Infinity":8,"b:38:16:38:21:38:25:38:35:38:39:38:50":3,"s:39:29:39:87":9,"s:40:36:40:41":10,"s:41:32:41:59":11,"s:42:16:65:Infinity":12,"s:43:34:43:49":13,"b:44:20:47:Infinity:undefined:undefined:undefined:undefined":4,"s:44:20:47:Infinity":14,"s:45:24:45:Infinity":15,"s:46:24:46:Infinity":16,"s:48:20:60:Infinity":17,"b:54:86:54:96:54:99:54:108":5,"b:61:20:64:Infinity:undefined:undefined:undefined:undefined":6,"s:61:20:64:Infinity":18,"b:61:24:61:43:61:47:61:73:61:77:61:91":7,"s:62:24:62:Infinity":19,"s:63:24:63:Infinity":20,"b:66:16:69:Infinity:undefined:undefined:undefined:undefined":8,"s:66:16:69:Infinity":21,"s:67:20:67:Infinity":22,"s:68:20:68:Infinity":23,"s:72:16:72:Infinity":24,"b:74:12:76:Infinity:undefined:undefined:undefined:undefined":9,"s:74:12:76:Infinity":25,"s:75:16:75:Infinity":26,"b:77:12:79:Infinity:undefined:undefined:undefined:undefined":10,"s:77:12:79:Infinity":27,"s:78:16:78:Infinity":28,"s:80:12:82:Infinity":29,"b:80:19:80:31:80:35:80:66":11,"s:81:16:81:Infinity":30,"s:85:8:87:Infinity":31,"s:86:12:86:Infinity":32,"f:95:13:95:22":2,"s:97:8:100:Infinity":33,"b:98:47:98:67:100:14:100:28":12}}}
,"/home/runner/work/niceties/niceties/draftlog-appender/src/details/model.js": {"path":"/home/runner/work/niceties/niceties/draftlog-appender/src/details/model.js","statementMap":{"0":{"start":{"line":17,"column":48},"end":{"line":20,"column":1}},"1":{"start":{"line":52,"column":40},"end":{"line":52,"column":50}},"2":{"start":{"line":54,"column":21},"end":{"line":54,"column":40}},"3":{"start":{"line":56,"column":4},"end":{"line":56,"column":null}},"4":{"start":{"line":58,"column":4},"end":{"line":83,"column":null}},"5":{"start":{"line":61,"column":12},"end":{"line":61,"column":null}},"6":{"start":{"line":62,"column":32},"end":{"line":62,"column":36}},"7":{"start":{"line":63,"column":12},"end":{"line":65,"column":null}},"8":{"start":{"line":64,"column":16},"end":{"line":64,"column":null}},"9":{"start":{"line":66,"column":12},"end":{"line":68,"column":null}},"10":{"start":{"line":67,"column":16},"end":{"line":67,"column":null}},"11":{"start":{"line":69,"column":12},"end":{"line":72,"column":null}},"12":{"start":{"line":71,"column":16},"end":{"line":71,"column":null}},"13":{"start":{"line":73,"column":12},"end":{"line":73,"column":null}},"14":{"start":{"line":74,"column":12},"end":{"line":76,"column":null}},"15":{"start":{"line":75,"column":16},"end":{"line":75,"column":null}},"16":{"start":{"line":77,"column":12},"end":{"line":77,"column":null}},"17":{"start":{"line":80,"column":12},"end":{"line":80,"column":null}},"18":{"start":{"line":81,"column":12},"end":{"line":81,"column":null}},"19":{"start":{"line":90,"column":8},"end":{"line":94,"column":null}},"20":{"start":{"line":91,"column":11},"end":{"line":91,"column":null}},"21":{"start":{"line":93,"column":11},"end":{"line":93,"column":null}},"22":{"start":{"line":95,"column":8},"end":{"line":95,"column":null}},"23":{"start":{"line":103,"column":26},"end":{"line":103,"column":43}},"24":{"start":{"line":104,"column":8},"end":{"line":126,"column":null}},"25":{"start":{"line":106,"column":25},"end":{"line":106,"column":57}},"26":{"start":{"line":107,"column":12},"end":{"line":107,"column":null}},"27":{"start":{"line":108,"column":33},"end":{"line":108,"column":46}},"28":{"start":{"line":109,"column":12},"end":{"line":113,"column":null}},"29":{"start":{"line":110,"column":16},"end":{"line":110,"column":null}},"30":{"start":{"line":112,"column":16},"end":{"line":112,"column":null}},"31":{"start":{"line":115,"column":31},"end":{"line":115,"column":78}},"32":{"start":{"line":116,"column":35},"end":{"line":116,"column":89}},"33":{"start":{"line":117,"column":12},"end":{"line":117,"column":null}},"34":{"start":{"line":118,"column":12},"end":{"line":118,"column":null}},"35":{"start":{"line":119,"column":12},"end":{"line":125,"column":null}},"36":{"start":{"line":120,"column":33},"end":{"line":120,"column":55}},"37":{"start":{"line":121,"column":16},"end":{"line":121,"column":null}},"38":{"start":{"line":122,"column":16},"end":{"line":122,"column":null}},"39":{"start":{"line":123,"column":15},"end":{"line":123,"column":null}},"40":{"start":{"line":124,"column":16},"end":{"line":124,"column":null}},"41":{"start":{"line":135,"column":21},"end":{"line":135,"column":43}},"42":{"start":{"line":136,"column":8},"end":{"line":145,"column":null}},"43":{"start":{"line":137,"column":12},"end":{"line":142,"column":null}},"44":{"start":{"line":143,"column":12},"end":{"line":143,"column":null}},"45":{"start":{"line":144,"column":12},"end":{"line":144,"column":null}},"46":{"start":{"line":146,"column":7},"end":{"line":146,"column":null}},"47":{"start":{"line":147,"column":8},"end":{"line":147,"column":null}},"48":{"start":{"line":148,"column":8},"end":{"line":148,"column":null}},"49":{"start":{"line":152,"column":8},"end":{"line":160,"column":null}},"50":{"start":{"line":153,"column":12},"end":{"line":159,"column":null}},"51":{"start":{"line":154,"column":16},"end":{"line":154,"column":null}},"52":{"start":{"line":155,"column":16},"end":{"line":155,"column":null}},"53":{"start":{"line":156,"column":15},"end":{"line":156,"column":null}},"54":{"start":{"line":158,"column":16},"end":{"line":158,"column":null}},"55":{"start":{"line":169,"column":19},"end":{"line":169,"column":28}},"56":{"start":{"line":170,"column":4},"end":{"line":172,"column":null}},"57":{"start":{"line":171,"column":8},"end":{"line":171,"column":null}},"58":{"start":{"line":173,"column":4},"end":{"line":173,"column":null}}},"fnMap":{"0":{"name":"createModel","decl":{"start":{"line":50,"column":16},"end":{"line":50,"column":27}},"loc":{"start":{"line":50,"column":46},"end":{"line":162,"column":null}},"line":50},"1":{"name":"(anonymous_1)","decl":{"start":{"line":59,"column":8},"end":{"line":59,"column":9}},"loc":{"start":{"line":59,"column":71},"end":{"line":78,"column":9}},"line":59},"2":{"name":"(anonymous_2)","decl":{"start":{"line":79,"column":8},"end":{"line":79,"column":9}},"loc":{"start":{"line":79,"column":14},"end":{"line":82,"column":9}},"line":79},"3":{"name":"appendToModel","decl":{"start":{"line":89,"column":13},"end":{"line":89,"column":26}},"loc":{"start":{"line":89,"column":39},"end":{"line":96,"column":null}},"line":89},"4":{"name":"updateModel","decl":{"start":{"line":102,"column":13},"end":{"line":102,"column":24}},"loc":{"start":{"line":102,"column":43},"end":{"line":127,"column":null}},"line":102},"5":{"name":"putIntoChildren","decl":{"start":{"line":134,"column":13},"end":{"line":134,"column":28}},"loc":{"start":{"line":134,"column":55},"end":{"line":149,"column":null}},"line":134},"6":{"name":"cleanupModel","decl":{"start":{"line":151,"column":13},"end":{"line":151,"column":25}},"loc":{"start":{"line":151,"column":28},"end":{"line":161,"column":null}},"line":151},"7":{"name":"getLastLeaf","decl":{"start":{"line":168,"column":9},"end":{"line":168,"column":20}},"loc":{"start":{"line":168,"column":32},"end":{"line":174,"column":null}},"line":168}},"branchMap":{"0":{"loc":{"start":{"line":63,"column":12},"end":{"line":65,"column":null}},"type":"if","locations":[{"start":{"line":63,"column":12},"end":{"line":65,"column":null}},{"start":{},"end":{}}],"line":63},"1":{"loc":{"start":{"line":66,"column":12},"end":{"line":68,"column":null}},"type":"if","locations":[{"start":{"line":66,"column":12},"end":{"line":68,"column":null}},{"start":{},"end":{}}],"line":66},"2":{"loc":{"start":{"line":69,"column":12},"end":{"line":72,"column":null}},"type":"if","locations":[{"start":{"line":69,"column":12},"end":{"line":72,"column":null}},{"start":{},"end":{}}],"line":69},"3":{"loc":{"start":{"line":74,"column":12},"end":{"line":76,"column":null}},"type":"if","locations":[{"start":{"line":74,"column":12},"end":{"line":76,"column":null}},{"start":{},"end":{}}],"line":74},"4":{"loc":{"start":{"line":90,"column":8},"end":{"line":94,"column":null}},"type":"if","locations":[{"start":{"line":90,"column":8},"end":{"line":94,"column":null}},{"start":{"line":92,"column":15},"end":{"line":94,"column":null}}],"line":90},"5":{"loc":{"start":{"line":95,"column":26},"end":{"line":95,"column":42}},"type":"binary-expr","locations":[{"start":{"line":95,"column":26},"end":{"line":95,"column":37}},{"start":{"line":95,"column":41},"end":{"line":95,"column":42}}],"line":95},"6":{"loc":{"start":{"line":104,"column":8},"end":{"line":126,"column":null}},"type":"if","locations":[{"start":{"line":104,"column":8},"end":{"line":126,"column":null}},{"start":{"line":114,"column":15},"end":{"line":126,"column":null}}],"line":104},"7":{"loc":{"start":{"line":109,"column":12},"end":{"line":113,"column":null}},"type":"if","locations":[{"start":{"line":109,"column":12},"end":{"line":113,"column":null}},{"start":{"line":111,"column":19},"end":{"line":113,"column":null}}],"line":109},"8":{"loc":{"start":{"line":115,"column":32},"end":{"line":115,"column":51}},"type":"binary-expr","locations":[{"start":{"line":115,"column":32},"end":{"line":115,"column":46}},{"start":{"line":115,"column":50},"end":{"line":115,"column":51}}],"line":115},"9":{"loc":{"start":{"line":115,"column":56},"end":{"line":115,"column":77}},"type":"binary-expr","locations":[{"start":{"line":115,"column":56},"end":{"line":115,"column":72}},{"start":{"line":115,"column":76},"end":{"line":115,"column":77}}],"line":115},"10":{"loc":{"start":{"line":116,"column":35},"end":{"line":116,"column":89}},"type":"binary-expr","locations":[{"start":{"line":116,"column":35},"end":{"line":116,"column":59}},{"start":{"line":116,"column":63},"end":{"line":116,"column":89}}],"line":116},"11":{"loc":{"start":{"line":119,"column":12},"end":{"line":125,"column":null}},"type":"if","locations":[{"start":{"line":119,"column":12},"end":{"line":125,"column":null}},{"start":{},"end":{}}],"line":119},"12":{"loc":{"start":{"line":121,"column":34},"end":{"line":121,"column":55}},"type":"binary-expr","locations":[{"start":{"line":121,"column":34},"end":{"line":121,"column":50}},{"start":{"line":121,"column":54},"end":{"line":121,"column":55}}],"line":121},"13":{"loc":{"start":{"line":136,"column":8},"end":{"line":145,"column":null}},"type":"if","locations":[{"start":{"line":136,"column":8},"end":{"line":145,"column":null}},{"start":{},"end":{}}],"line":136},"14":{"loc":{"start":{"line":148,"column":26},"end":{"line":148,"column":43}},"type":"binary-expr","locations":[{"start":{"line":148,"column":26},"end":{"line":148,"column":38}},{"start":{"line":148,"column":42},"end":{"line":148,"column":43}}],"line":148},"15":{"loc":{"start":{"line":153,"column":12},"end":{"line":159,"column":null}},"type":"if","locations":[{"start":{"line":153,"column":12},"end":{"line":159,"column":null}},{"start":{"line":157,"column":19},"end":{"line":159,"column":null}}],"line":153},"16":{"loc":{"start":{"line":155,"column":16},"end":{"line":155,"column":69}},"type":"binary-expr","locations":[{"start":{"line":155,"column":16},"end":{"line":155,"column":36}},{"start":{"line":155,"column":40},"end":{"line":155,"column":69}}],"line":155}},"s":{"0":1,"1":22,"2":22,"3":22,"4":22,"5":57,"6":57,"7":57,"8":27,"9":57,"10":19,"11":57,"12":52,"13":57,"14":57,"15":5,"16":57,"17":67,"18":67,"19":25,"20":1,"21":24,"22":25,"23":52,"24":52,"25":31,"26":31,"27":31,"28":31,"29":14,"30":17,"31":21,"32":21,"33":21,"34":21,"35":21,"36":2,"37":2,"38":2,"39":2,"40":2,"41":16,"42":16,"43":3,"44":3,"45":3,"46":16,"47":16,"48":16,"49":124,"50":117,"51":5,"52":5,"53":5,"54":112,"55":18,"56":18,"57":8,"58":18},"f":{"0":22,"1":57,"2":67,"3":25,"4":52,"5":16,"6":124,"7":18},"b":{"0":[27,30],"1":[19,38],"2":[52,5],"3":[5,52],"4":[1,24],"5":[25,14],"6":[31,21],"7":[14,17],"8":[21,19],"9":[21,6],"10":[21,11],"11":[2,19],"12":[2,2],"13":[3,13],"14":[16,2],"15":[5,112],"16":[5,5]},"meta":{"lastBranch":17,"lastFunction":8,"lastStatement":59,"seen":{"s:17:48:20:1":0,"f:50:16:50:27":0,"s:52:40:52:50":1,"s:54:21:54:40":2,"s:56:4:56:Infinity":3,"s:58:4:83:Infinity":4,"f:59:8:59:9":1,"s:61:12:61:Infinity":5,"s:62:32:62:36":6,"b:63:12:65:Infinity:undefined:undefined:undefined:undefined":0,"s:63:12:65:Infinity":7,"s:64:16:64:Infinity":8,"b:66:12:68:Infinity:undefined:undefined:undefined:undefined":1,"s:66:12:68:Infinity":9,"s:67:16:67:Infinity":10,"b:69:12:72:Infinity:undefined:undefined:undefined:undefined":2,"s:69:12:72:Infinity":11,"s:71:16:71:Infinity":12,"s:73:12:73:Infinity":13,"b:74:12:76:Infinity:undefined:undefined:undefined:undefined":3,"s:74:12:76:Infinity":14,"s:75:16:75:Infinity":15,"s:77:12:77:Infinity":16,"f:79:8:79:9":2,"s:80:12:80:Infinity":17,"s:81:12:81:Infinity":18,"f:89:13:89:26":3,"b:90:8:94:Infinity:92:15:94:Infinity":4,"s:90:8:94:Infinity":19,"s:91:11:91:Infinity":20,"s:93:11:93:Infinity":21,"s:95:8:95:Infinity":22,"b:95:26:95:37:95:41:95:42":5,"f:102:13:102:24":4,"s:103:26:103:43":23,"b:104:8:126:Infinity:114:15:126:Infinity":6,"s:104:8:126:Infinity":24,"s:106:25:106:57":25,"s:107:12:107:Infinity":26,"s:108:33:108:46":27,"b:109:12:113:Infinity:111:19:113:Infinity":7,"s:109:12:113:Infinity":28,"s:110:16:110:Infinity":29,"s:112:16:112:Infinity":30,"s:115:31:115:78":31,"b:115:32:115:46:115:50:115:51":8,"b:115:56:115:72:115:76:115:77":9,"s:116:35:116:89":32,"b:116:35:116:59:116:63:116:89":10,"s:117:12:117:Infinity":33,"s:118:12:118:Infinity":34,"b:119:12:125:Infinity:undefined:undefined:undefined:undefined":11,"s:119:12:125:Infinity":35,"s:120:33:120:55":36,"s:121:16:121:Infinity":37,"b:121:34:121:50:121:54:121:55":12,"s:122:16:122:Infinity":38,"s:123:15:123:Infinity":39,"s:124:16:124:Infinity":40,"f:134:13:134:28":5,"s:135:21:135:43":41,"b:136:8:145:Infinity:undefined:undefined:undefined:undefined":13,"s:136:8:145:Infinity":42,"s:137:12:142:Infinity":43,"s:143:12:143:Infinity":44,"s:144:12:144:Infinity":45,"s:146:7:146:Infinity":46,"s:147:8:147:Infinity":47,"s:148:8:148:Infinity":48,"b:148:26:148:38:148:42:148:43":14,"f:151:13:151:25":6,"s:152:8:160:Infinity":49,"b:153:12:159:Infinity:157:19:159:Infinity":15,"s:153:12:159:Infinity":50,"s:154:16:154:Infinity":51,"s:155:16:155:Infinity":52,"b:155:16:155:36:155:40:155:69":16,"s:156:15:156:Infinity":53,"s:158:16:158:Infinity":54,"f:168:9:168:20":7,"s:169:19:169:28":55,"s:170:4:172:Infinity":56,"s:171:8:171:Infinity":57,"s:173:4:173:Infinity":58}}}
,"/home/runner/work/niceties/niceties/draftlog-appender/src/details/split-by-lines.js": {"path":"/home/runner/work/niceties/niceties/draftlog-appender/src/details/split-by-lines.js","statementMap":{"0":{"start":{"line":6,"column":4},"end":{"line":6,"column":null}},"1":{"start":{"line":19,"column":23},"end":{"line":19,"column":51}},"2":{"start":{"line":20,"column":4},"end":{"line":23,"column":null}},"3":{"start":{"line":21,"column":8},"end":{"line":21,"column":null}},"4":{"start":{"line":22,"column":8},"end":{"line":22,"column":null}},"5":{"start":{"line":24,"column":4},"end":{"line":24,"column":null}}},"fnMap":{"0":{"name":"splitByLines","decl":{"start":{"line":5,"column":24},"end":{"line":5,"column":36}},"loc":{"start":{"line":5,"column":46},"end":{"line":7,"column":null}},"line":5},"1":{"name":"getSubstringsRegex","decl":{"start":{"line":18,"column":9},"end":{"line":18,"column":27}},"loc":{"start":{"line":18,"column":30},"end":{"line":25,"column":null}},"line":18}},"branchMap":{"0":{"loc":{"start":{"line":6,"column":11},"end":{"line":6,"column":52}},"type":"binary-expr","locations":[{"start":{"line":6,"column":11},"end":{"line":6,"column":46}},{"start":{"line":6,"column":50},"end":{"line":6,"column":52}}],"line":6},"1":{"loc":{"start":{"line":19,"column":23},"end":{"line":19,"column":51}},"type":"binary-expr","locations":[{"start":{"line":19,"column":23},"end":{"line":19,"column":45}},{"start":{"line":19,"column":49},"end":{"line":19,"column":51}}],"line":19},"2":{"loc":{"start":{"line":20,"column":4},"end":{"line":23,"column":null}},"type":"if","locations":[{"start":{"line":20,"column":4},"end":{"line":23,"column":null}},{"start":{},"end":{}}],"line":20}},"s":{"0":129,"1":129,"2":129,"3":1,"4":1,"5":129},"f":{"0":129,"1":129},"b":{"0":[129,9],"1":[129,129],"2":[1,128]},"meta":{"lastBranch":3,"lastFunction":2,"lastStatement":6,"seen":{"f:5:24:5:36":0,"s:6:4:6:Infinity":0,"b:6:11:6:46:6:50:6:52":0,"f:18:9:18:27":1,"s:19:23:19:51":1,"b:19:23:19:45:19:49:19:51":1,"b:20:4:23:Infinity:undefined:undefined:undefined:undefined":2,"s:20:4:23:Infinity":2,"s:21:8:21:Infinity":3,"s:22:8:22:Infinity":4,"s:24:4:24:Infinity":5}}}
}
