<?xml version="1.0" encoding="UTF-8"?>
<coverage generated="1780262441134" clover="3.2.0">
  <project timestamp="1780262441134" name="All files">
    <metrics statements="411" coveredstatements="410" conditionals="296" coveredconditionals="295" methods="51" coveredmethods="51" elements="758" coveredelements="756" complexity="0" loc="411" ncloc="411" packages="1" files="8" classes="8"/>
    <file name="camel-case.js" path="/home/runner/work/niceties/niceties/node-parseargs-plus/src/camel-case.js">
      <metrics statements="23" coveredstatements="23" conditionals="4" coveredconditionals="4" methods="6" coveredmethods="6"/>
      <line num="27" count="55" type="stmt"/>
      <line num="43" count="41" type="stmt"/>
      <line num="53" count="44" type="cond" truecount="2" falsecount="0"/>
      <line num="55" count="42" type="stmt"/>
      <line num="56" count="42" type="stmt"/>
      <line num="57" count="55" type="stmt"/>
      <line num="59" count="42" type="stmt"/>
      <line num="72" count="35" type="stmt"/>
      <line num="78" count="35" type="stmt"/>
      <line num="79" count="35" type="cond" truecount="2" falsecount="0"/>
      <line num="81" count="9" type="stmt"/>
      <line num="82" count="9" type="stmt"/>
      <line num="83" count="9" type="stmt"/>
      <line num="84" count="9" type="stmt"/>
      <line num="89" count="9" type="stmt"/>
      <line num="92" count="35" type="stmt"/>
      <line num="94" count="1" type="stmt"/>
      <line num="105" count="35" type="stmt"/>
      <line num="106" count="35" type="stmt"/>
      <line num="107" count="41" type="stmt"/>
      <line num="109" count="35" type="stmt"/>
      <line num="114" count="1" type="stmt"/>
      <line num="116" count="1" type="stmt"/>
    </file>
    <file name="commands.js" path="/home/runner/work/niceties/niceties/node-parseargs-plus/src/commands.js">
      <metrics statements="47" coveredstatements="47" conditionals="46" coveredconditionals="46" methods="4" coveredmethods="4"/>
      <line num="7" count="1" type="stmt"/>
      <line num="23" count="80" type="stmt"/>
      <line num="31" count="89" type="stmt"/>
      <line num="33" count="80" type="cond" truecount="4" falsecount="0"/>
      <line num="34" count="69" type="stmt"/>
      <line num="41" count="11" type="cond" truecount="4" falsecount="0"/>
      <line num="42" count="4" type="stmt"/>
      <line num="50" count="7" type="cond" truecount="2" falsecount="0"/>
      <line num="51" count="1" type="stmt"/>
      <line num="52" count="1" type="stmt"/>
      <line num="56" count="6" type="stmt"/>
      <line num="79" count="82" type="stmt"/>
      <line num="80" count="82" type="stmt"/>
      <line num="81" count="82" type="cond" truecount="2" falsecount="0"/>
      <line num="82" count="2" type="stmt"/>
      <line num="85" count="80" type="cond" truecount="2" falsecount="0"/>
      <line num="86" count="82" type="cond" truecount="2" falsecount="0"/>
      <line num="88" count="82" type="stmt"/>
      <line num="95" count="82" type="cond" truecount="4" falsecount="0"/>
      <line num="97" count="6" type="stmt"/>
      <line num="98" count="6" type="stmt"/>
      <line num="99" count="73" type="cond" truecount="2" falsecount="0"/>
      <line num="102" count="2" type="stmt"/>
      <line num="103" count="2" type="stmt"/>
      <line num="107" count="71" type="stmt"/>
      <line num="111" count="71" type="stmt"/>
      <line num="112" count="71" type="cond" truecount="2" falsecount="0"/>
      <line num="116" count="79" type="stmt"/>
      <line num="123" count="79" type="stmt"/>
      <line num="129" count="1" type="stmt"/>
      <line num="136" count="81" type="stmt"/>
      <line num="137" count="81" type="cond" truecount="2" falsecount="0"/>
      <line num="138" count="2" type="stmt"/>
      <line num="141" count="79" type="stmt"/>
      <line num="144" count="79" type="cond" truecount="4" falsecount="0"/>
      <line num="145" count="6" type="stmt"/>
      <line num="148" count="73" type="cond" truecount="2" falsecount="0"/>
      <line num="149" count="81" type="cond" truecount="2" falsecount="0"/>
      <line num="153" count="81" type="stmt"/>
      <line num="157" count="81" type="cond" truecount="2" falsecount="0"/>
      <line num="158" count="81" type="cond" truecount="3" falsecount="0"/>
      <line num="161" count="81" type="cond" truecount="3" falsecount="0"/>
      <line num="163" count="81" type="stmt"/>
      <line num="173" count="81" type="stmt"/>
      <line num="175" count="81" type="stmt"/>
      <line num="181" count="1" type="stmt"/>
      <line num="183" count="1" type="stmt"/>
    </file>
    <file name="custom-value.js" path="/home/runner/work/niceties/niceties/node-parseargs-plus/src/custom-value.js">
      <metrics statements="54" coveredstatements="54" conditionals="30" coveredconditionals="30" methods="3" coveredmethods="3"/>
      <line num="41" count="1" type="stmt"/>
      <line num="52" count="41" type="cond" truecount="2" falsecount="0"/>
      <line num="54" count="40" type="stmt"/>
      <line num="55" count="40" type="stmt"/>
      <line num="56" count="40" type="stmt"/>
      <line num="57" count="50" type="cond" truecount="2" falsecount="0"/>
      <line num="58" count="35" type="stmt"/>
      <line num="59" count="35" type="stmt"/>
      <line num="60" count="35" type="stmt"/>
      <line num="62" count="15" type="stmt"/>
      <line num="65" count="40" type="cond" truecount="2" falsecount="0"/>
      <line num="79" count="34" type="stmt"/>
      <line num="81" count="34" type="stmt"/>
      <line num="84" count="34" type="stmt"/>
      <line num="87" count="34" type="cond" truecount="2" falsecount="0"/>
      <line num="88" count="6" type="stmt"/>
      <line num="90" count="6" type="stmt"/>
      <line num="91" count="6" type="stmt"/>
      <line num="92" count="7" type="stmt"/>
      <line num="93" count="7" type="stmt"/>
      <line num="94" count="7" type="cond" truecount="2" falsecount="0"/>
      <line num="95" count="5" type="stmt"/>
      <line num="96" count="5" type="stmt"/>
      <line num="98" count="2" type="stmt"/>
      <line num="101" count="6" type="cond" truecount="2" falsecount="0"/>
      <line num="102" count="5" type="stmt"/>
      <line num="107" count="34" type="cond" truecount="2" falsecount="0"/>
      <line num="108" count="2" type="stmt"/>
      <line num="112" count="32" type="stmt"/>
      <line num="114" count="32" type="stmt"/>
      <line num="119" count="32" type="cond" truecount="2" falsecount="0"/>
      <line num="120" count="5" type="stmt"/>
      <line num="123" count="32" type="stmt"/>
      <line num="125" count="1" type="stmt"/>
      <line num="142" count="34" type="stmt"/>
      <line num="144" count="34" type="cond" truecount="4" falsecount="0"/>
      <line num="145" count="2" type="stmt"/>
      <line num="149" count="32" type="stmt"/>
      <line num="150" count="32" type="stmt"/>
      <line num="152" count="32" type="stmt"/>
      <line num="153" count="41" type="stmt"/>
      <line num="154" count="41" type="cond" truecount="4" falsecount="0"/>
      <line num="155" count="32" type="cond" truecount="2" falsecount="0"/>
      <line num="157" count="2" type="stmt"/>
      <line num="158" count="30" type="cond" truecount="2" falsecount="0"/>
      <line num="159" count="29" type="stmt"/>
      <line num="162" count="1" type="stmt"/>
      <line num="164" count="32" type="stmt"/>
      <line num="166" count="9" type="stmt"/>
      <line num="170" count="32" type="cond" truecount="2" falsecount="0"/>
      <line num="171" count="3" type="stmt"/>
      <line num="174" count="29" type="stmt"/>
      <line num="179" count="1" type="stmt"/>
      <line num="181" count="1" type="stmt"/>
    </file>
    <file name="help.js" path="/home/runner/work/niceties/niceties/node-parseargs-plus/src/help.js">
      <metrics statements="147" coveredstatements="147" conditionals="96" coveredconditionals="96" methods="21" coveredmethods="21"/>
      <line num="9" count="1" type="stmt"/>
      <line num="16" count="229" type="stmt"/>
      <line num="34" count="356" type="cond" truecount="2" falsecount="0"/>
      <line num="35" count="178" type="stmt"/>
      <line num="38" count="527" type="stmt"/>
      <line num="39" count="178" type="cond" truecount="2" falsecount="0"/>
      <line num="40" count="38" type="stmt"/>
      <line num="44" count="140" type="stmt"/>
      <line num="45" count="140" type="stmt"/>
      <line num="46" count="140" type="stmt"/>
      <line num="48" count="140" type="stmt"/>
      <line num="49" count="489" type="stmt"/>
      <line num="50" count="489" type="cond" truecount="2" falsecount="0"/>
      <line num="52" count="140" type="stmt"/>
      <line num="53" count="140" type="stmt"/>
      <line num="54" count="349" type="cond" truecount="2" falsecount="0"/>
      <line num="57" count="328" type="stmt"/>
      <line num="58" count="328" type="stmt"/>
      <line num="61" count="21" type="stmt"/>
      <line num="62" count="21" type="stmt"/>
      <line num="63" count="21" type="stmt"/>
      <line num="66" count="140" type="stmt"/>
      <line num="68" count="140" type="stmt"/>
      <line num="82" count="343" type="stmt"/>
      <line num="83" count="343" type="stmt"/>
      <line num="84" count="343" type="stmt"/>
      <line num="85" count="18" type="stmt"/>
      <line num="109" count="82" type="stmt"/>
      <line num="118" count="1" type="stmt"/>
      <line num="125" count="79" type="stmt"/>
      <line num="126" count="79" type="cond" truecount="2" falsecount="0"/>
      <line num="127" count="5" type="stmt"/>
      <line num="128" count="5" type="stmt"/>
      <line num="130" count="74" type="cond" truecount="2" falsecount="0"/>
      <line num="131" count="63" type="stmt"/>
      <line num="132" count="63" type="stmt"/>
      <line num="134" count="63" type="cond" truecount="5" falsecount="0"/>
      <line num="136" count="9" type="stmt"/>
      <line num="137" count="54" type="cond" truecount="2" falsecount="0"/>
      <line num="139" count="4" type="stmt"/>
      <line num="142" count="50" type="stmt"/>
      <line num="144" count="63" type="stmt"/>
      <line num="146" count="11" type="stmt"/>
      <line num="148" count="1" type="stmt"/>
      <line num="150" count="1" type="stmt"/>
      <line num="160" count="68" type="cond" truecount="2" falsecount="0"/>
      <line num="168" count="177" type="stmt"/>
      <line num="179" count="53" type="stmt"/>
      <line num="181" count="53" type="stmt"/>
      <line num="182" count="53" type="stmt"/>
      <line num="183" count="128" type="stmt"/>
      <line num="184" count="128" type="cond" truecount="2" falsecount="0"/>
      <line num="185" count="122" type="stmt"/>
      <line num="187" count="6" type="stmt"/>
      <line num="190" count="53" type="stmt"/>
      <line num="202" count="49" type="stmt"/>
      <line num="203" count="49" type="stmt"/>
      <line num="205" count="49" type="stmt"/>
      <line num="206" count="121" type="cond" truecount="2" falsecount="0"/>
      <line num="207" count="121" type="cond" truecount="4" falsecount="0"/>
      <line num="208" count="121" type="stmt"/>
      <line num="209" count="121" type="cond" truecount="2" falsecount="0"/>
      <line num="210" count="121" type="cond" truecount="2" falsecount="0"/>
      <line num="211" count="74" type="stmt"/>
      <line num="213" count="121" type="stmt"/>
      <line num="216" count="49" type="stmt"/>
      <line num="230" count="19" type="cond" truecount="4" falsecount="0"/>
      <line num="231" count="19" type="stmt"/>
      <line num="232" count="19" type="stmt"/>
      <line num="235" count="19" type="stmt"/>
      <line num="237" count="19" type="stmt"/>
      <line num="239" count="56" type="cond" truecount="4" falsecount="0"/>
      <line num="240" count="56" type="stmt"/>
      <line num="241" count="56" type="cond" truecount="2" falsecount="0"/>
      <line num="242" count="42" type="stmt"/>
      <line num="244" count="56" type="stmt"/>
      <line num="245" count="56" type="stmt"/>
      <line num="248" count="56" type="stmt"/>
      <line num="251" count="56" type="cond" truecount="2" falsecount="0"/>
      <line num="252" count="56" type="cond" truecount="2" falsecount="0"/>
      <line num="253" count="54" type="stmt"/>
      <line num="257" count="56" type="stmt"/>
      <line num="261" count="19" type="stmt"/>
      <line num="263" count="19" type="stmt"/>
      <line num="275" count="68" type="stmt"/>
      <line num="276" count="68" type="stmt"/>
      <line num="278" count="68" type="cond" truecount="4" falsecount="0"/>
      <line num="279" count="19" type="stmt"/>
      <line num="281" count="49" type="stmt"/>
      <line num="291" count="4" type="stmt"/>
      <line num="292" count="4" type="stmt"/>
      <line num="294" count="4" type="stmt"/>
      <line num="295" count="7" type="cond" truecount="2" falsecount="0"/>
      <line num="296" count="7" type="cond" truecount="2" falsecount="0"/>
      <line num="297" count="4" type="stmt"/>
      <line num="299" count="7" type="stmt"/>
      <line num="302" count="4" type="stmt"/>
      <line num="303" count="4" type="stmt"/>
      <line num="311" count="145" type="stmt"/>
      <line num="312" count="145" type="cond" truecount="2" falsecount="0"/>
      <line num="313" count="144" type="cond" truecount="2" falsecount="0"/>
      <line num="314" count="144" type="stmt"/>
      <line num="315" count="144" type="stmt"/>
      <line num="316" count="144" type="stmt"/>
      <line num="319" count="362" type="cond" truecount="2" falsecount="0"/>
      <line num="320" count="251" type="stmt"/>
      <line num="324" count="111" type="stmt"/>
      <line num="325" count="111" type="stmt"/>
      <line num="326" count="111" type="stmt"/>
      <line num="327" count="116" type="stmt"/>
      <line num="332" count="145" type="stmt"/>
      <line num="345" count="135" type="stmt"/>
      <line num="346" count="135" type="stmt"/>
      <line num="362" count="63" type="stmt"/>
      <line num="364" count="63" type="cond" truecount="2" falsecount="0"/>
      <line num="365" count="13" type="stmt"/>
      <line num="366" count="13" type="stmt"/>
      <line num="367" count="13" type="stmt"/>
      <line num="371" count="63" type="stmt"/>
      <line num="372" count="15" type="cond" truecount="2" falsecount="0"/>
      <line num="373" count="5" type="stmt"/>
      <line num="375" count="10" type="stmt"/>
      <line num="383" count="86" type="stmt"/>
      <line num="385" count="63" type="stmt"/>
      <line num="386" count="145" type="stmt"/>
      <line num="403" count="59" type="cond" truecount="4" falsecount="0"/>
      <line num="404" count="2" type="stmt"/>
      <line num="409" count="50" type="cond" truecount="2" falsecount="0"/>
      <line num="410" count="50" type="stmt"/>
      <line num="411" count="50" type="stmt"/>
      <line num="412" count="50" type="stmt"/>
      <line num="413" count="50" type="cond" truecount="4" falsecount="0"/>
      <line num="415" count="50" type="stmt"/>
      <line num="432" count="4" type="cond" truecount="2" falsecount="0"/>
      <line num="433" count="4" type="stmt"/>
      <line num="435" count="4" type="stmt"/>
      <line num="455" count="9" type="cond" truecount="2" falsecount="0"/>
      <line num="456" count="9" type="stmt"/>
      <line num="458" count="9" type="cond" truecount="2" falsecount="0"/>
      <line num="460" count="9" type="stmt"/>
      <line num="461" count="9" type="stmt"/>
      <line num="462" count="9" type="cond" truecount="4" falsecount="0"/>
      <line num="465" count="9" type="stmt"/>
      <line num="476" count="9" type="cond" truecount="2" falsecount="0"/>
      <line num="477" count="5" type="stmt"/>
      <line num="480" count="9" type="stmt"/>
      <line num="482" count="9" type="stmt"/>
    </file>
    <file name="index.js" path="/home/runner/work/niceties/niceties/node-parseargs-plus/src/index.js">
      <metrics statements="9" coveredstatements="9" conditionals="13" coveredconditionals="13" methods="3" coveredmethods="3"/>
      <line num="12" count="265" type="cond" truecount="6" falsecount="0"/>
      <line num="16" count="265" type="cond" truecount="6" falsecount="0"/>
      <line num="19" count="265" type="stmt"/>
      <line num="20" count="265" type="stmt"/>
      <line num="21" count="365" type="stmt"/>
      <line num="26" count="258" type="stmt"/>
      <line num="30" count="258" type="stmt"/>
      <line num="31" count="357" type="stmt"/>
      <line num="34" count="181" type="stmt"/>
    </file>
    <file name="optional-value.js" path="/home/runner/work/niceties/niceties/node-parseargs-plus/src/optional-value.js">
      <metrics statements="52" coveredstatements="52" conditionals="40" coveredconditionals="40" methods="6" coveredmethods="6"/>
      <line num="35" count="48" type="stmt"/>
      <line num="37" count="48" type="stmt"/>
      <line num="43" count="53" type="cond" truecount="2" falsecount="0"/>
      <line num="44" count="52" type="stmt"/>
      <line num="45" count="66" type="cond" truecount="4" falsecount="0"/>
      <line num="46" count="47" type="stmt"/>
      <line num="47" count="47" type="cond" truecount="2" falsecount="0"/>
      <line num="48" count="6" type="stmt"/>
      <line num="54" count="48" type="stmt"/>
      <line num="56" count="48" type="cond" truecount="2" falsecount="0"/>
      <line num="57" count="5" type="stmt"/>
      <line num="58" count="5" type="stmt"/>
      <line num="62" count="48" type="stmt"/>
      <line num="74" count="41" type="cond" truecount="3" falsecount="0"/>
      <line num="88" count="45" type="stmt"/>
      <line num="90" count="45" type="stmt"/>
      <line num="91" count="84" type="stmt"/>
      <line num="94" count="84" type="cond" truecount="2" falsecount="0"/>
      <line num="95" count="2" type="stmt"/>
      <line num="96" count="4" type="stmt"/>
      <line num="98" count="2" type="stmt"/>
      <line num="102" count="82" type="cond" truecount="4" falsecount="0"/>
      <line num="103" count="45" type="stmt"/>
      <line num="106" count="45" type="cond" truecount="4" falsecount="0"/>
      <line num="107" count="1" type="stmt"/>
      <line num="108" count="1" type="stmt"/>
      <line num="111" count="44" type="cond" truecount="2" falsecount="0"/>
      <line num="112" count="35" type="stmt"/>
      <line num="113" count="35" type="cond" truecount="2" falsecount="0"/>
      <line num="116" count="19" type="stmt"/>
      <line num="117" count="19" type="stmt"/>
      <line num="123" count="62" type="cond" truecount="5" falsecount="0"/>
      <line num="124" count="7" type="stmt"/>
      <line num="125" count="7" type="cond" truecount="2" falsecount="0"/>
      <line num="126" count="6" type="stmt"/>
      <line num="127" count="6" type="cond" truecount="2" falsecount="0"/>
      <line num="129" count="4" type="stmt"/>
      <line num="130" count="4" type="stmt"/>
      <line num="131" count="4" type="stmt"/>
      <line num="136" count="58" type="stmt"/>
      <line num="139" count="45" type="stmt"/>
      <line num="144" count="48" type="stmt"/>
      <line num="145" count="48" type="stmt"/>
      <line num="147" count="48" type="stmt"/>
      <line num="150" count="48" type="cond" truecount="2" falsecount="0"/>
      <line num="151" count="3" type="stmt"/>
      <line num="154" count="45" type="cond" truecount="2" falsecount="0"/>
      <line num="155" count="48" type="stmt"/>
      <line num="157" count="48" type="stmt"/>
      <line num="162" count="1" type="stmt"/>
      <line num="169" count="47" type="stmt"/>
      <line num="172" count="1" type="stmt"/>
    </file>
    <file name="package-info.js" path="/home/runner/work/niceties/niceties/node-parseargs-plus/src/package-info.js">
      <metrics statements="14" coveredstatements="13" conditionals="13" coveredconditionals="12" methods="1" coveredmethods="1"/>
      <line num="28" count="7" type="stmt"/>
      <line num="29" count="7" type="stmt"/>
      <line num="30" count="13" type="stmt"/>
      <line num="31" count="13" type="stmt"/>
      <line num="32" count="13" type="stmt"/>
      <line num="33" count="6" type="stmt"/>
      <line num="34" count="6" type="stmt"/>
      <line num="37" count="7" type="cond" truecount="4" falsecount="1"/>
      <line num="38" count="7" type="stmt"/>
      <line num="39" count="7" type="cond" truecount="2" falsecount="0"/>
      <line num="41" count="1" type="stmt"/>
      <line num="43" count="6" type="stmt"/>
      <line num="47" count="0" type="stmt"/>
      <line num="51" count="7" type="stmt"/>
    </file>
    <file name="parameters.js" path="/home/runner/work/niceties/niceties/node-parseargs-plus/src/parameters.js">
      <metrics statements="65" coveredstatements="65" conditionals="54" coveredconditionals="54" methods="7" coveredmethods="7"/>
      <line num="13" count="1" type="stmt"/>
      <line num="15" count="1" type="stmt"/>
      <line num="23" count="116" type="stmt"/>
      <line num="24" count="116" type="cond" truecount="2" falsecount="0"/>
      <line num="25" count="1" type="stmt"/>
      <line num="27" count="115" type="stmt"/>
      <line num="28" count="115" type="stmt"/>
      <line num="30" count="115" type="cond" truecount="6" falsecount="0"/>
      <line num="31" count="2" type="stmt"/>
      <line num="33" count="113" type="stmt"/>
      <line num="34" count="113" type="stmt"/>
      <line num="35" count="113" type="stmt"/>
      <line num="44" count="113" type="stmt"/>
      <line num="47" count="124" type="stmt"/>
      <line num="48" count="124" type="cond" truecount="2" falsecount="0"/>
      <line num="49" count="11" type="stmt"/>
      <line num="59" count="84" type="stmt"/>
      <line num="60" count="84" type="stmt"/>
      <line num="61" count="111" type="stmt"/>
      <line num="62" count="111" type="cond" truecount="2" falsecount="0"/>
      <line num="63" count="29" type="cond" truecount="2" falsecount="0"/>
      <line num="64" count="2" type="stmt"/>
      <line num="67" count="109" type="cond" truecount="4" falsecount="0"/>
      <line num="68" count="1" type="stmt"/>
      <line num="70" count="108" type="cond" truecount="2" falsecount="0"/>
      <line num="71" count="31" type="stmt"/>
      <line num="84" count="50" type="stmt"/>
      <line num="85" count="50" type="stmt"/>
      <line num="87" count="50" type="stmt"/>
      <line num="88" count="66" type="cond" truecount="2" falsecount="0"/>
      <line num="90" count="16" type="stmt"/>
      <line num="91" count="16" type="cond" truecount="4" falsecount="0"/>
      <line num="92" count="2" type="stmt"/>
      <line num="94" count="14" type="cond" truecount="4" falsecount="0"/>
      <line num="95" count="16" type="stmt"/>
      <line num="98" count="50" type="stmt"/>
      <line num="99" count="50" type="cond" truecount="4" falsecount="0"/>
      <line num="100" count="2" type="stmt"/>
      <line num="102" count="48" type="stmt"/>
      <line num="103" count="48" type="cond" truecount="2" falsecount="0"/>
      <line num="104" count="45" type="stmt"/>
      <line num="109" count="46" type="stmt"/>
      <line num="114" count="65" type="stmt"/>
      <line num="115" count="65" type="cond" truecount="4" falsecount="0"/>
      <line num="116" count="26" type="stmt"/>
      <line num="121" count="39" type="cond" truecount="2" falsecount="0"/>
      <line num="122" count="2" type="stmt"/>
      <line num="126" count="37" type="stmt"/>
      <line num="127" count="37" type="stmt"/>
      <line num="130" count="37" type="stmt"/>
      <line num="143" count="57" type="cond" truecount="4" falsecount="0"/>
      <line num="144" count="4" type="stmt"/>
      <line num="147" count="53" type="stmt"/>
      <line num="152" count="53" type="cond" truecount="4" falsecount="0"/>
      <line num="155" count="23" type="stmt"/>
      <line num="159" count="30" type="stmt"/>
      <line num="161" count="30" type="stmt"/>
      <line num="164" count="53" type="cond" truecount="4" falsecount="0"/>
      <line num="165" count="3" type="stmt"/>
      <line num="168" count="50" type="stmt"/>
      <line num="169" count="50" type="stmt"/>
      <line num="170" count="50" type="stmt"/>
      <line num="172" count="50" type="stmt"/>
      <line num="177" count="1" type="stmt"/>
      <line num="179" count="1" type="stmt"/>
    </file>
  </project>
</coverage>
