{"/home/runner/work/niceties/niceties/node-parseargs-plus/src/camel-case.js": {"path":"/home/runner/work/niceties/niceties/node-parseargs-plus/src/camel-case.js","statementMap":{"0":{"start":{"line":27,"column":4},"end":{"line":30,"column":null}},"1":{"start":{"line":43,"column":4},"end":{"line":43,"column":null}},"2":{"start":{"line":43,"column":90},"end":{"line":43,"column":105}},"3":{"start":{"line":53,"column":4},"end":{"line":53,"column":null}},"4":{"start":{"line":53,"column":18},"end":{"line":53,"column":null}},"5":{"start":{"line":55,"column":22},"end":{"line":55,"column":24}},"6":{"start":{"line":56,"column":4},"end":{"line":58,"column":null}},"7":{"start":{"line":57,"column":8},"end":{"line":57,"column":null}},"8":{"start":{"line":59,"column":4},"end":{"line":59,"column":null}},"9":{"start":{"line":72,"column":22},"end":{"line":75,"column":5}},"10":{"start":{"line":78,"column":40},"end":{"line":78,"column":57}},"11":{"start":{"line":79,"column":4},"end":{"line":90,"column":null}},"12":{"start":{"line":81,"column":28},"end":{"line":81,"column":30}},"13":{"start":{"line":82,"column":8},"end":{"line":88,"column":null}},"14":{"start":{"line":83,"column":77},"end":{"line":83,"column":86}},"15":{"start":{"line":84,"column":12},"end":{"line":87,"column":null}},"16":{"start":{"line":89,"column":27},"end":{"line":89,"column":null}},"17":{"start":{"line":92,"column":4},"end":{"line":92,"column":null}},"18":{"start":{"line":94,"column":0},"end":{"line":94,"column":null}},"19":{"start":{"line":105,"column":22},"end":{"line":105,"column":24}},"20":{"start":{"line":106,"column":4},"end":{"line":108,"column":null}},"21":{"start":{"line":107,"column":8},"end":{"line":107,"column":null}},"22":{"start":{"line":109,"column":4},"end":{"line":112,"column":null}},"23":{"start":{"line":114,"column":0},"end":{"line":114,"column":null}},"24":{"start":{"line":116,"column":45},"end":{"line":116,"column":97}}},"fnMap":{"0":{"name":"toKebabCase","decl":{"start":{"line":26,"column":9},"end":{"line":26,"column":20}},"loc":{"start":{"line":26,"column":26},"end":{"line":31,"column":null}},"line":26},"1":{"name":"toCamelCase","decl":{"start":{"line":42,"column":9},"end":{"line":42,"column":20}},"loc":{"start":{"line":42,"column":26},"end":{"line":44,"column":null}},"line":42},"2":{"name":"(anonymous_2)","decl":{"start":{"line":43,"column":36},"end":{"line":43,"column":37}},"loc":{"start":{"line":43,"column":90},"end":{"line":43,"column":105}},"line":43},"3":{"name":"convertOptionsKeys","decl":{"start":{"line":52,"column":9},"end":{"line":52,"column":27}},"loc":{"start":{"line":52,"column":37},"end":{"line":60,"column":null}},"line":52},"4":{"name":"camelCaseTransformConfig","decl":{"start":{"line":71,"column":9},"end":{"line":71,"column":33}},"loc":{"start":{"line":71,"column":42},"end":{"line":93,"column":null}},"line":71},"5":{"name":"camelCaseTransformResult","decl":{"start":{"line":103,"column":9},"end":{"line":103,"column":33}},"loc":{"start":{"line":103,"column":51},"end":{"line":113,"column":null}},"line":103}},"branchMap":{"0":{"loc":{"start":{"line":53,"column":4},"end":{"line":53,"column":null}},"type":"if","locations":[{"start":{"line":53,"column":4},"end":{"line":53,"column":null}},{"start":{},"end":{}}],"line":53},"1":{"loc":{"start":{"line":79,"column":4},"end":{"line":90,"column":null}},"type":"if","locations":[{"start":{"line":79,"column":4},"end":{"line":90,"column":null}},{"start":{},"end":{}}],"line":79}},"s":{"0":55,"1":41,"2":38,"3":44,"4":2,"5":42,"6":42,"7":55,"8":42,"9":35,"10":35,"11":35,"12":9,"13":9,"14":9,"15":9,"16":9,"17":35,"18":1,"19":35,"20":35,"21":41,"22":35,"23":1,"24":1},"f":{"0":55,"1":41,"2":38,"3":44,"4":35,"5":35},"b":{"0":[2,42],"1":[9,26]},"meta":{"lastBranch":2,"lastFunction":6,"lastStatement":25,"seen":{"f:26:9:26:20":0,"s:27:4:30:Infinity":0,"f:42:9:42:20":1,"s:43:4:43:Infinity":1,"f:43:36:43:37":2,"s:43:90:43:105":2,"f:52:9:52:27":3,"b:53:4:53:Infinity:undefined:undefined:undefined:undefined":0,"s:53:4:53:Infinity":3,"s:53:18:53:Infinity":4,"s:55:22:55:24":5,"s:56:4:58:Infinity":6,"s:57:8:57:Infinity":7,"s:59:4:59:Infinity":8,"f:71:9:71:33":4,"s:72:22:75:5":9,"s:78:40:78:57":10,"b:79:4:90:Infinity:undefined:undefined:undefined:undefined":1,"s:79:4:90:Infinity":11,"s:81:28:81:30":12,"s:82:8:88:Infinity":13,"s:83:77:83:86":14,"s:84:12:87:Infinity":15,"s:89:27:89:Infinity":16,"s:92:4:92:Infinity":17,"s:94:0:94:Infinity":18,"f:103:9:103:33":5,"s:105:22:105:24":19,"s:106:4:108:Infinity":20,"s:107:8:107:Infinity":21,"s:109:4:112:Infinity":22,"s:114:0:114:Infinity":23,"s:116:45:116:97":24}}}
,"/home/runner/work/niceties/niceties/node-parseargs-plus/src/commands.js": {"path":"/home/runner/work/niceties/niceties/node-parseargs-plus/src/commands.js","statementMap":{"0":{"start":{"line":7,"column":22},"end":{"line":7,"column":62}},"1":{"start":{"line":23,"column":21},"end":{"line":29,"column":6}},"2":{"start":{"line":31,"column":53},"end":{"line":31,"column":125}},"3":{"start":{"line":31,"column":101},"end":{"line":31,"column":124}},"4":{"start":{"line":33,"column":4},"end":{"line":39,"column":null}},"5":{"start":{"line":34,"column":8},"end":{"line":38,"column":null}},"6":{"start":{"line":41,"column":4},"end":{"line":48,"column":null}},"7":{"start":{"line":42,"column":8},"end":{"line":47,"column":null}},"8":{"start":{"line":50,"column":4},"end":{"line":53,"column":null}},"9":{"start":{"line":51,"column":26},"end":{"line":51,"column":60}},"10":{"start":{"line":52,"column":8},"end":{"line":52,"column":null}},"11":{"start":{"line":56,"column":4},"end":{"line":56,"column":null}},"12":{"start":{"line":79,"column":130},"end":{"line":79,"column":136}},"13":{"start":{"line":80,"column":23},"end":{"line":80,"column":41}},"14":{"start":{"line":81,"column":4},"end":{"line":83,"column":null}},"15":{"start":{"line":82,"column":8},"end":{"line":82,"column":null}},"16":{"start":{"line":85,"column":17},"end":{"line":85,"column":53}},"17":{"start":{"line":86,"column":26},"end":{"line":86,"column":46}},"18":{"start":{"line":88,"column":53},"end":{"line":88,"column":126}},"19":{"start":{"line":95,"column":4},"end":{"line":113,"column":null}},"20":{"start":{"line":97,"column":8},"end":{"line":97,"column":null}},"21":{"start":{"line":98,"column":8},"end":{"line":98,"column":null}},"22":{"start":{"line":99,"column":11},"end":{"line":113,"column":null}},"23":{"start":{"line":102,"column":8},"end":{"line":102,"column":null}},"24":{"start":{"line":103,"column":8},"end":{"line":103,"column":null}},"25":{"start":{"line":107,"column":34},"end":{"line":107,"column":64}},"26":{"start":{"line":111,"column":8},"end":{"line":111,"column":null}},"27":{"start":{"line":112,"column":8},"end":{"line":112,"column":null}},"28":{"start":{"line":116,"column":23},"end":{"line":120,"column":null}},"29":{"start":{"line":123,"column":4},"end":{"line":127,"column":null}},"30":{"start":{"line":129,"column":0},"end":{"line":129,"column":null}},"31":{"start":{"line":136,"column":37},"end":{"line":136,"column":60}},"32":{"start":{"line":137,"column":4},"end":{"line":139,"column":null}},"33":{"start":{"line":138,"column":8},"end":{"line":138,"column":null}},"34":{"start":{"line":141,"column":56},"end":{"line":141,"column":61}},"35":{"start":{"line":144,"column":4},"end":{"line":146,"column":null}},"36":{"start":{"line":145,"column":8},"end":{"line":145,"column":null}},"37":{"start":{"line":148,"column":26},"end":{"line":148,"column":46}},"38":{"start":{"line":149,"column":27},"end":{"line":149,"column":54}},"39":{"start":{"line":153,"column":26},"end":{"line":153,"column":65}},"40":{"start":{"line":157,"column":26},"end":{"line":157,"column":104}},"41":{"start":{"line":158,"column":29},"end":{"line":158,"column":85}},"42":{"start":{"line":161,"column":26},"end":{"line":161,"column":86}},"43":{"start":{"line":163,"column":17},"end":{"line":169,"column":6}},"44":{"start":{"line":173,"column":25},"end":{"line":173,"column":62}},"45":{"start":{"line":175,"column":4},"end":{"line":179,"column":null}},"46":{"start":{"line":181,"column":0},"end":{"line":181,"column":null}},"47":{"start":{"line":183,"column":44},"end":{"line":183,"column":94}}},"fnMap":{"0":{"name":"resolveCommand","decl":{"start":{"line":19,"column":9},"end":{"line":19,"column":23}},"loc":{"start":{"line":19,"column":73},"end":{"line":57,"column":null}},"line":19},"1":{"name":"(anonymous_1)","decl":{"start":{"line":31,"column":75},"end":{"line":31,"column":76}},"loc":{"start":{"line":31,"column":101},"end":{"line":31,"column":124}},"line":31},"2":{"name":"commandsTransformConfig","decl":{"start":{"line":78,"column":9},"end":{"line":78,"column":32}},"loc":{"start":{"line":78,"column":41},"end":{"line":128,"column":null}},"line":78},"3":{"name":"commandsTransformResult","decl":{"start":{"line":135,"column":9},"end":{"line":135,"column":32}},"loc":{"start":{"line":135,"column":49},"end":{"line":180,"column":null}},"line":135}},"branchMap":{"0":{"loc":{"start":{"line":33,"column":4},"end":{"line":39,"column":null}},"type":"if","locations":[{"start":{"line":33,"column":4},"end":{"line":39,"column":null}},{"start":{},"end":{}}],"line":33},"1":{"loc":{"start":{"line":33,"column":8},"end":{"line":33,"column":72}},"type":"binary-expr","locations":[{"start":{"line":33,"column":8},"end":{"line":33,"column":28}},{"start":{"line":33,"column":32},"end":{"line":33,"column":72}}],"line":33},"2":{"loc":{"start":{"line":41,"column":4},"end":{"line":48,"column":null}},"type":"if","locations":[{"start":{"line":41,"column":4},"end":{"line":48,"column":null}},{"start":{},"end":{}}],"line":41},"3":{"loc":{"start":{"line":41,"column":8},"end":{"line":41,"column":54}},"type":"binary-expr","locations":[{"start":{"line":41,"column":8},"end":{"line":41,"column":22}},{"start":{"line":41,"column":26},"end":{"line":41,"column":54}}],"line":41},"4":{"loc":{"start":{"line":46,"column":22},"end":{"line":46,"column":76}},"type":"cond-expr","locations":[{"start":{"line":46,"column":45},"end":{"line":46,"column":71}},{"start":{"line":46,"column":74},"end":{"line":46,"column":76}}],"line":46},"5":{"loc":{"start":{"line":50,"column":4},"end":{"line":53,"column":null}},"type":"if","locations":[{"start":{"line":50,"column":4},"end":{"line":53,"column":null}},{"start":{},"end":{}}],"line":50},"6":{"loc":{"start":{"line":81,"column":4},"end":{"line":83,"column":null}},"type":"if","locations":[{"start":{"line":81,"column":4},"end":{"line":83,"column":null}},{"start":{},"end":{}}],"line":81},"7":{"loc":{"start":{"line":85,"column":17},"end":{"line":85,"column":53}},"type":"binary-expr","locations":[{"start":{"line":85,"column":17},"end":{"line":85,"column":28}},{"start":{"line":85,"column":32},"end":{"line":85,"column":53}}],"line":85},"8":{"loc":{"start":{"line":86,"column":26},"end":{"line":86,"column":46}},"type":"binary-expr","locations":[{"start":{"line":86,"column":26},"end":{"line":86,"column":40}},{"start":{"line":86,"column":44},"end":{"line":86,"column":46}}],"line":86},"9":{"loc":{"start":{"line":95,"column":4},"end":{"line":113,"column":null}},"type":"if","locations":[{"start":{"line":95,"column":4},"end":{"line":113,"column":null}},{"start":{"line":99,"column":11},"end":{"line":113,"column":null}}],"line":95},"10":{"loc":{"start":{"line":95,"column":8},"end":{"line":95,"column":38}},"type":"binary-expr","locations":[{"start":{"line":95,"column":8},"end":{"line":95,"column":20}},{"start":{"line":95,"column":24},"end":{"line":95,"column":38}}],"line":95},"11":{"loc":{"start":{"line":99,"column":11},"end":{"line":113,"column":null}},"type":"if","locations":[{"start":{"line":99,"column":11},"end":{"line":113,"column":null}},{"start":{"line":104,"column":11},"end":{"line":113,"column":null}}],"line":99},"12":{"loc":{"start":{"line":112,"column":22},"end":{"line":112,"column":89}},"type":"cond-expr","locations":[{"start":{"line":112,"column":42},"end":{"line":112,"column":66}},{"start":{"line":112,"column":69},"end":{"line":112,"column":89}}],"line":112},"13":{"loc":{"start":{"line":137,"column":4},"end":{"line":139,"column":null}},"type":"if","locations":[{"start":{"line":137,"column":4},"end":{"line":139,"column":null}},{"start":{},"end":{}}],"line":137},"14":{"loc":{"start":{"line":144,"column":4},"end":{"line":146,"column":null}},"type":"if","locations":[{"start":{"line":144,"column":4},"end":{"line":146,"column":null}},{"start":{},"end":{}}],"line":144},"15":{"loc":{"start":{"line":144,"column":8},"end":{"line":144,"column":38}},"type":"binary-expr","locations":[{"start":{"line":144,"column":8},"end":{"line":144,"column":20}},{"start":{"line":144,"column":24},"end":{"line":144,"column":38}}],"line":144},"16":{"loc":{"start":{"line":148,"column":26},"end":{"line":148,"column":46}},"type":"binary-expr","locations":[{"start":{"line":148,"column":26},"end":{"line":148,"column":40}},{"start":{"line":148,"column":44},"end":{"line":148,"column":46}}],"line":148},"17":{"loc":{"start":{"line":149,"column":27},"end":{"line":149,"column":54}},"type":"binary-expr","locations":[{"start":{"line":149,"column":27},"end":{"line":149,"column":48}},{"start":{"line":149,"column":52},"end":{"line":149,"column":54}}],"line":149},"18":{"loc":{"start":{"line":157,"column":26},"end":{"line":157,"column":104}},"type":"binary-expr","locations":[{"start":{"line":157,"column":26},"end":{"line":157,"column":65}},{"start":{"line":157,"column":69},"end":{"line":157,"column":104}}],"line":157},"19":{"loc":{"start":{"line":158,"column":29},"end":{"line":158,"column":85}},"type":"binary-expr","locations":[{"start":{"line":158,"column":29},"end":{"line":158,"column":42}},{"start":{"line":158,"column":46},"end":{"line":158,"column":76}},{"start":{"line":158,"column":80},"end":{"line":158,"column":85}}],"line":158},"20":{"loc":{"start":{"line":161,"column":26},"end":{"line":161,"column":86}},"type":"binary-expr","locations":[{"start":{"line":161,"column":26},"end":{"line":161,"column":53}},{"start":{"line":161,"column":57},"end":{"line":161,"column":77}},{"start":{"line":161,"column":81},"end":{"line":161,"column":86}}],"line":161},"21":{"loc":{"start":{"line":165,"column":16},"end":{"line":165,"column":37}},"type":"binary-expr","locations":[{"start":{"line":165,"column":16},"end":{"line":165,"column":29}},{"start":{"line":165,"column":33},"end":{"line":165,"column":37}}],"line":165}},"s":{"0":1,"1":80,"2":80,"3":89,"4":80,"5":69,"6":11,"7":4,"8":7,"9":1,"10":1,"11":6,"12":82,"13":82,"14":82,"15":2,"16":80,"17":82,"18":82,"19":82,"20":6,"21":6,"22":73,"23":2,"24":2,"25":71,"26":71,"27":71,"28":79,"29":79,"30":1,"31":81,"32":81,"33":2,"34":79,"35":79,"36":6,"37":73,"38":81,"39":81,"40":81,"41":81,"42":81,"43":81,"44":81,"45":81,"46":1,"47":1},"f":{"0":80,"1":89,"2":82,"3":81},"b":{"0":[69,11],"1":[80,72],"2":[4,7],"3":[11,4],"4":[2,2],"5":[1,6],"6":[2,80],"7":[80,1],"8":[82,21],"9":[6,73],"10":[82,73],"11":[2,71],"12":[69,2],"13":[2,79],"14":[6,73],"15":[79,73],"16":[73,21],"17":[81,24],"18":[81,23],"19":[81,50,38],"20":[81,71,70],"21":[81,73]},"meta":{"lastBranch":22,"lastFunction":4,"lastStatement":48,"seen":{"s:7:22:7:62":0,"f:19:9:19:23":0,"s:23:21:29:6":1,"s:31:53:31:125":2,"f:31:75:31:76":1,"s:31:101:31:124":3,"b:33:4:39:Infinity:undefined:undefined:undefined:undefined":0,"s:33:4:39:Infinity":4,"b:33:8:33:28:33:32:33:72":1,"s:34:8:38:Infinity":5,"b:41:4:48:Infinity:undefined:undefined:undefined:undefined":2,"s:41:4:48:Infinity":6,"b:41:8:41:22:41:26:41:54":3,"s:42:8:47:Infinity":7,"b:46:45:46:71:46:74:46:76":4,"b:50:4:53:Infinity:undefined:undefined:undefined:undefined":5,"s:50:4:53:Infinity":8,"s:51:26:51:60":9,"s:52:8:52:Infinity":10,"s:56:4:56:Infinity":11,"f:78:9:78:32":2,"s:79:130:79:136":12,"s:80:23:80:41":13,"b:81:4:83:Infinity:undefined:undefined:undefined:undefined":6,"s:81:4:83:Infinity":14,"s:82:8:82:Infinity":15,"s:85:17:85:53":16,"b:85:17:85:28:85:32:85:53":7,"s:86:26:86:46":17,"b:86:26:86:40:86:44:86:46":8,"s:88:53:88:126":18,"b:95:4:113:Infinity:99:11:113:Infinity":9,"s:95:4:113:Infinity":19,"b:95:8:95:20:95:24:95:38":10,"s:97:8:97:Infinity":20,"s:98:8:98:Infinity":21,"b:99:11:113:Infinity:104:11:113:Infinity":11,"s:99:11:113:Infinity":22,"s:102:8:102:Infinity":23,"s:103:8:103:Infinity":24,"s:107:34:107:64":25,"s:111:8:111:Infinity":26,"s:112:8:112:Infinity":27,"b:112:42:112:66:112:69:112:89":12,"s:116:23:120:Infinity":28,"s:123:4:127:Infinity":29,"s:129:0:129:Infinity":30,"f:135:9:135:32":3,"s:136:37:136:60":31,"b:137:4:139:Infinity:undefined:undefined:undefined:undefined":13,"s:137:4:139:Infinity":32,"s:138:8:138:Infinity":33,"s:141:56:141:61":34,"b:144:4:146:Infinity:undefined:undefined:undefined:undefined":14,"s:144:4:146:Infinity":35,"b:144:8:144:20:144:24:144:38":15,"s:145:8:145:Infinity":36,"s:148:26:148:46":37,"b:148:26:148:40:148:44:148:46":16,"s:149:27:149:54":38,"b:149:27:149:48:149:52:149:54":17,"s:153:26:153:65":39,"s:157:26:157:104":40,"b:157:26:157:65:157:69:157:104":18,"s:158:29:158:85":41,"b:158:29:158:42:158:46:158:76:158:80:158:85":19,"s:161:26:161:86":42,"b:161:26:161:53:161:57:161:77:161:81:161:86":20,"s:163:17:169:6":43,"b:165:16:165:29:165:33:165:37":21,"s:173:25:173:62":44,"s:175:4:179:Infinity":45,"s:181:0:181:Infinity":46,"s:183:44:183:94":47}}}
,"/home/runner/work/niceties/niceties/node-parseargs-plus/src/custom-value.js": {"path":"/home/runner/work/niceties/niceties/node-parseargs-plus/src/custom-value.js","statementMap":{"0":{"start":{"line":41,"column":24},"end":{"line":41,"column":66}},"1":{"start":{"line":52,"column":4},"end":{"line":52,"column":null}},"2":{"start":{"line":52,"column":18},"end":{"line":52,"column":null}},"3":{"start":{"line":54,"column":22},"end":{"line":54,"column":24}},"4":{"start":{"line":55,"column":18},"end":{"line":55,"column":23}},"5":{"start":{"line":56,"column":4},"end":{"line":64,"column":null}},"6":{"start":{"line":57,"column":8},"end":{"line":63,"column":null}},"7":{"start":{"line":58,"column":12},"end":{"line":58,"column":null}},"8":{"start":{"line":59,"column":12},"end":{"line":59,"column":null}},"9":{"start":{"line":60,"column":12},"end":{"line":60,"column":null}},"10":{"start":{"line":62,"column":12},"end":{"line":62,"column":null}},"11":{"start":{"line":65,"column":4},"end":{"line":65,"column":null}},"12":{"start":{"line":79,"column":16},"end":{"line":79,"column":25}},"13":{"start":{"line":81,"column":23},"end":{"line":81,"column":58}},"14":{"start":{"line":84,"column":40},"end":{"line":84,"column":57}},"15":{"start":{"line":87,"column":4},"end":{"line":104,"column":null}},"16":{"start":{"line":88,"column":30},"end":{"line":88,"column":35}},"17":{"start":{"line":90,"column":34},"end":{"line":90,"column":36}},"18":{"start":{"line":91,"column":8},"end":{"line":100,"column":null}},"19":{"start":{"line":92,"column":77},"end":{"line":92,"column":86}},"20":{"start":{"line":93,"column":34},"end":{"line":93,"column":66}},"21":{"start":{"line":94,"column":12},"end":{"line":99,"column":null}},"22":{"start":{"line":95,"column":16},"end":{"line":95,"column":null}},"23":{"start":{"line":96,"column":16},"end":{"line":96,"column":null}},"24":{"start":{"line":98,"column":16},"end":{"line":98,"column":null}},"25":{"start":{"line":101,"column":8},"end":{"line":103,"column":null}},"26":{"start":{"line":102,"column":12},"end":{"line":102,"column":null}},"27":{"start":{"line":107,"column":4},"end":{"line":109,"column":null}},"28":{"start":{"line":108,"column":8},"end":{"line":108,"column":null}},"29":{"start":{"line":112,"column":23},"end":{"line":112,"column":null}},"30":{"start":{"line":114,"column":81},"end":{"line":117,"column":5}},"31":{"start":{"line":119,"column":4},"end":{"line":121,"column":null}},"32":{"start":{"line":120,"column":27},"end":{"line":120,"column":null}},"33":{"start":{"line":123,"column":4},"end":{"line":123,"column":null}},"34":{"start":{"line":125,"column":0},"end":{"line":125,"column":null}},"35":{"start":{"line":142,"column":35},"end":{"line":142,"column":60}},"36":{"start":{"line":144,"column":4},"end":{"line":146,"column":null}},"37":{"start":{"line":145,"column":8},"end":{"line":145,"column":null}},"38":{"start":{"line":149,"column":22},"end":{"line":149,"column":24}},"39":{"start":{"line":150,"column":18},"end":{"line":150,"column":23}},"40":{"start":{"line":152,"column":4},"end":{"line":168,"column":null}},"41":{"start":{"line":153,"column":19},"end":{"line":153,"column":31}},"42":{"start":{"line":154,"column":8},"end":{"line":167,"column":null}},"43":{"start":{"line":155,"column":12},"end":{"line":163,"column":null}},"44":{"start":{"line":157,"column":16},"end":{"line":157,"column":null}},"45":{"start":{"line":158,"column":19},"end":{"line":163,"column":null}},"46":{"start":{"line":159,"column":16},"end":{"line":159,"column":null}},"47":{"start":{"line":162,"column":16},"end":{"line":162,"column":null}},"48":{"start":{"line":164,"column":12},"end":{"line":164,"column":null}},"49":{"start":{"line":166,"column":12},"end":{"line":166,"column":null}},"50":{"start":{"line":170,"column":4},"end":{"line":172,"column":null}},"51":{"start":{"line":171,"column":8},"end":{"line":171,"column":null}},"52":{"start":{"line":174,"column":4},"end":{"line":177,"column":null}},"53":{"start":{"line":179,"column":0},"end":{"line":179,"column":null}},"54":{"start":{"line":181,"column":47},"end":{"line":181,"column":103}}},"fnMap":{"0":{"name":"convertOptions","decl":{"start":{"line":51,"column":9},"end":{"line":51,"column":23}},"loc":{"start":{"line":51,"column":38},"end":{"line":66,"column":null}},"line":51},"1":{"name":"customValueTransformConfig","decl":{"start":{"line":77,"column":9},"end":{"line":77,"column":35}},"loc":{"start":{"line":77,"column":44},"end":{"line":124,"column":null}},"line":77},"2":{"name":"customValueTransformResult","decl":{"start":{"line":140,"column":9},"end":{"line":140,"column":35}},"loc":{"start":{"line":140,"column":52},"end":{"line":178,"column":null}},"line":140}},"branchMap":{"0":{"loc":{"start":{"line":52,"column":4},"end":{"line":52,"column":null}},"type":"if","locations":[{"start":{"line":52,"column":4},"end":{"line":52,"column":null}},{"start":{},"end":{}}],"line":52},"1":{"loc":{"start":{"line":57,"column":8},"end":{"line":63,"column":null}},"type":"if","locations":[{"start":{"line":57,"column":8},"end":{"line":63,"column":null}},{"start":{"line":61,"column":15},"end":{"line":63,"column":null}}],"line":57},"2":{"loc":{"start":{"line":65,"column":11},"end":{"line":65,"column":40}},"type":"cond-expr","locations":[{"start":{"line":65,"column":21},"end":{"line":65,"column":30}},{"start":{"line":65,"column":33},"end":{"line":65,"column":40}}],"line":65},"3":{"loc":{"start":{"line":87,"column":4},"end":{"line":104,"column":null}},"type":"if","locations":[{"start":{"line":87,"column":4},"end":{"line":104,"column":null}},{"start":{},"end":{}}],"line":87},"4":{"loc":{"start":{"line":94,"column":12},"end":{"line":99,"column":null}},"type":"if","locations":[{"start":{"line":94,"column":12},"end":{"line":99,"column":null}},{"start":{"line":97,"column":19},"end":{"line":99,"column":null}}],"line":94},"5":{"loc":{"start":{"line":101,"column":8},"end":{"line":103,"column":null}},"type":"if","locations":[{"start":{"line":101,"column":8},"end":{"line":103,"column":null}},{"start":{},"end":{}}],"line":101},"6":{"loc":{"start":{"line":107,"column":4},"end":{"line":109,"column":null}},"type":"if","locations":[{"start":{"line":107,"column":4},"end":{"line":109,"column":null}},{"start":{},"end":{}}],"line":107},"7":{"loc":{"start":{"line":119,"column":4},"end":{"line":121,"column":null}},"type":"if","locations":[{"start":{"line":119,"column":4},"end":{"line":121,"column":null}},{"start":{},"end":{}}],"line":119},"8":{"loc":{"start":{"line":144,"column":4},"end":{"line":146,"column":null}},"type":"if","locations":[{"start":{"line":144,"column":4},"end":{"line":146,"column":null}},{"start":{},"end":{}}],"line":144},"9":{"loc":{"start":{"line":144,"column":8},"end":{"line":144,"column":30}},"type":"binary-expr","locations":[{"start":{"line":144,"column":8},"end":{"line":144,"column":12}},{"start":{"line":144,"column":16},"end":{"line":144,"column":30}}],"line":144},"10":{"loc":{"start":{"line":154,"column":8},"end":{"line":167,"column":null}},"type":"if","locations":[{"start":{"line":154,"column":8},"end":{"line":167,"column":null}},{"start":{"line":165,"column":15},"end":{"line":167,"column":null}}],"line":154},"11":{"loc":{"start":{"line":154,"column":12},"end":{"line":154,"column":37}},"type":"binary-expr","locations":[{"start":{"line":154,"column":12},"end":{"line":154,"column":14}},{"start":{"line":154,"column":18},"end":{"line":154,"column":37}}],"line":154},"12":{"loc":{"start":{"line":155,"column":12},"end":{"line":163,"column":null}},"type":"if","locations":[{"start":{"line":155,"column":12},"end":{"line":163,"column":null}},{"start":{"line":158,"column":19},"end":{"line":163,"column":null}}],"line":155},"13":{"loc":{"start":{"line":158,"column":19},"end":{"line":163,"column":null}},"type":"if","locations":[{"start":{"line":158,"column":19},"end":{"line":163,"column":null}},{"start":{"line":160,"column":19},"end":{"line":163,"column":null}}],"line":158},"14":{"loc":{"start":{"line":170,"column":4},"end":{"line":172,"column":null}},"type":"if","locations":[{"start":{"line":170,"column":4},"end":{"line":172,"column":null}},{"start":{},"end":{}}],"line":170}},"s":{"0":1,"1":41,"2":1,"3":40,"4":40,"5":40,"6":50,"7":35,"8":35,"9":35,"10":15,"11":40,"12":34,"13":34,"14":34,"15":34,"16":6,"17":6,"18":6,"19":7,"20":7,"21":7,"22":5,"23":5,"24":2,"25":6,"26":5,"27":34,"28":2,"29":32,"30":32,"31":32,"32":5,"33":32,"34":1,"35":34,"36":34,"37":2,"38":32,"39":32,"40":32,"41":41,"42":41,"43":32,"44":2,"45":30,"46":29,"47":1,"48":32,"49":9,"50":32,"51":3,"52":29,"53":1,"54":1},"f":{"0":41,"1":34,"2":34},"b":{"0":[1,40],"1":[35,15],"2":[33,7],"3":[6,28],"4":[5,2],"5":[5,1],"6":[2,32],"7":[5,27],"8":[2,32],"9":[34,32],"10":[32,9],"11":[41,32],"12":[2,30],"13":[29,1],"14":[3,29]},"meta":{"lastBranch":15,"lastFunction":3,"lastStatement":55,"seen":{"s:41:24:41:66":0,"f:51:9:51:23":0,"b:52:4:52:Infinity:undefined:undefined:undefined:undefined":0,"s:52:4:52:Infinity":1,"s:52:18:52:Infinity":2,"s:54:22:54:24":3,"s:55:18:55:23":4,"s:56:4:64:Infinity":5,"b:57:8:63:Infinity:61:15:63:Infinity":1,"s:57:8:63:Infinity":6,"s:58:12:58:Infinity":7,"s:59:12:59:Infinity":8,"s:60:12:60:Infinity":9,"s:62:12:62:Infinity":10,"s:65:4:65:Infinity":11,"b:65:21:65:30:65:33:65:40":2,"f:77:9:77:35":1,"s:79:16:79:25":12,"s:81:23:81:58":13,"s:84:40:84:57":14,"b:87:4:104:Infinity:undefined:undefined:undefined:undefined":3,"s:87:4:104:Infinity":15,"s:88:30:88:35":16,"s:90:34:90:36":17,"s:91:8:100:Infinity":18,"s:92:77:92:86":19,"s:93:34:93:66":20,"b:94:12:99:Infinity:97:19:99:Infinity":4,"s:94:12:99:Infinity":21,"s:95:16:95:Infinity":22,"s:96:16:96:Infinity":23,"s:98:16:98:Infinity":24,"b:101:8:103:Infinity:undefined:undefined:undefined:undefined":5,"s:101:8:103:Infinity":25,"s:102:12:102:Infinity":26,"b:107:4:109:Infinity:undefined:undefined:undefined:undefined":6,"s:107:4:109:Infinity":27,"s:108:8:108:Infinity":28,"s:112:23:112:Infinity":29,"s:114:81:117:5":30,"b:119:4:121:Infinity:undefined:undefined:undefined:undefined":7,"s:119:4:121:Infinity":31,"s:120:27:120:Infinity":32,"s:123:4:123:Infinity":33,"s:125:0:125:Infinity":34,"f:140:9:140:35":2,"s:142:35:142:60":35,"b:144:4:146:Infinity:undefined:undefined:undefined:undefined":8,"s:144:4:146:Infinity":36,"b:144:8:144:12:144:16:144:30":9,"s:145:8:145:Infinity":37,"s:149:22:149:24":38,"s:150:18:150:23":39,"s:152:4:168:Infinity":40,"s:153:19:153:31":41,"b:154:8:167:Infinity:165:15:167:Infinity":10,"s:154:8:167:Infinity":42,"b:154:12:154:14:154:18:154:37":11,"b:155:12:163:Infinity:158:19:163:Infinity":12,"s:155:12:163:Infinity":43,"s:157:16:157:Infinity":44,"b:158:19:163:Infinity:160:19:163:Infinity":13,"s:158:19:163:Infinity":45,"s:159:16:159:Infinity":46,"s:162:16:162:Infinity":47,"s:164:12:164:Infinity":48,"s:166:12:166:Infinity":49,"b:170:4:172:Infinity:undefined:undefined:undefined:undefined":14,"s:170:4:172:Infinity":50,"s:171:8:171:Infinity":51,"s:174:4:177:Infinity":52,"s:179:0:179:Infinity":53,"s:181:47:181:103":54}}}
,"/home/runner/work/niceties/niceties/node-parseargs-plus/src/help.js": {"path":"/home/runner/work/niceties/niceties/node-parseargs-plus/src/help.js","statementMap":{"0":{"start":{"line":9,"column":22},"end":{"line":9,"column":62}},"1":{"start":{"line":16,"column":4},"end":{"line":16,"column":null}},"2":{"start":{"line":34,"column":4},"end":{"line":36,"column":null}},"3":{"start":{"line":35,"column":8},"end":{"line":35,"column":null}},"4":{"start":{"line":38,"column":18},"end":{"line":38,"column":61}},"5":{"start":{"line":38,"column":48},"end":{"line":38,"column":60}},"6":{"start":{"line":39,"column":4},"end":{"line":41,"column":null}},"7":{"start":{"line":40,"column":8},"end":{"line":40,"column":null}},"8":{"start":{"line":44,"column":18},"end":{"line":44,"column":20}},"9":{"start":{"line":45,"column":15},"end":{"line":45,"column":17}},"10":{"start":{"line":46,"column":14},"end":{"line":46,"column":24}},"11":{"start":{"line":48,"column":4},"end":{"line":65,"column":null}},"12":{"start":{"line":48,"column":17},"end":{"line":48,"column":18}},"13":{"start":{"line":49,"column":21},"end":{"line":49,"column":29}},"14":{"start":{"line":50,"column":8},"end":{"line":64,"column":null}},"15":{"start":{"line":52,"column":12},"end":{"line":52,"column":null}},"16":{"start":{"line":53,"column":12},"end":{"line":53,"column":null}},"17":{"start":{"line":54,"column":15},"end":{"line":64,"column":null}},"18":{"start":{"line":57,"column":12},"end":{"line":57,"column":null}},"19":{"start":{"line":58,"column":12},"end":{"line":58,"column":null}},"20":{"start":{"line":61,"column":12},"end":{"line":61,"column":null}},"21":{"start":{"line":62,"column":12},"end":{"line":62,"column":null}},"22":{"start":{"line":63,"column":12},"end":{"line":63,"column":null}},"23":{"start":{"line":66,"column":4},"end":{"line":66,"column":null}},"24":{"start":{"line":68,"column":4},"end":{"line":68,"column":null}},"25":{"start":{"line":82,"column":20},"end":{"line":82,"column":73}},"26":{"start":{"line":83,"column":4},"end":{"line":83,"column":null}},"27":{"start":{"line":84,"column":4},"end":{"line":86,"column":null}},"28":{"start":{"line":84,"column":17},"end":{"line":84,"column":18}},"29":{"start":{"line":85,"column":8},"end":{"line":85,"column":null}},"30":{"start":{"line":109,"column":4},"end":{"line":116,"column":null}},"31":{"start":{"line":118,"column":0},"end":{"line":118,"column":null}},"32":{"start":{"line":125,"column":126},"end":{"line":125,"column":132}},"33":{"start":{"line":126,"column":4},"end":{"line":129,"column":null}},"34":{"start":{"line":127,"column":8},"end":{"line":127,"column":null}},"35":{"start":{"line":128,"column":8},"end":{"line":128,"column":null}},"36":{"start":{"line":130,"column":4},"end":{"line":145,"column":null}},"37":{"start":{"line":131,"column":48},"end":{"line":131,"column":71}},"38":{"start":{"line":132,"column":44},"end":{"line":132,"column":61}},"39":{"start":{"line":134,"column":8},"end":{"line":143,"column":null}},"40":{"start":{"line":136,"column":12},"end":{"line":136,"column":null}},"41":{"start":{"line":137,"column":15},"end":{"line":143,"column":null}},"42":{"start":{"line":139,"column":12},"end":{"line":139,"column":null}},"43":{"start":{"line":142,"column":12},"end":{"line":142,"column":null}},"44":{"start":{"line":144,"column":8},"end":{"line":144,"column":null}},"45":{"start":{"line":146,"column":4},"end":{"line":146,"column":null}},"46":{"start":{"line":148,"column":0},"end":{"line":148,"column":null}},"47":{"start":{"line":150,"column":40},"end":{"line":150,"column":82}},"48":{"start":{"line":160,"column":8},"end":{"line":166,"column":null}},"49":{"start":{"line":168,"column":4},"end":{"line":168,"column":null}},"50":{"start":{"line":168,"column":60},"end":{"line":168,"column":73}},"51":{"start":{"line":179,"column":21},"end":{"line":179,"column":35}},"52":{"start":{"line":181,"column":18},"end":{"line":181,"column":20}},"53":{"start":{"line":182,"column":4},"end":{"line":189,"column":null}},"54":{"start":{"line":183,"column":24},"end":{"line":183,"column":68}},"55":{"start":{"line":184,"column":8},"end":{"line":188,"column":null}},"56":{"start":{"line":185,"column":12},"end":{"line":185,"column":null}},"57":{"start":{"line":187,"column":12},"end":{"line":187,"column":null}},"58":{"start":{"line":190,"column":4},"end":{"line":190,"column":null}},"59":{"start":{"line":202,"column":17},"end":{"line":202,"column":19}},"60":{"start":{"line":203,"column":22},"end":{"line":203,"column":23}},"61":{"start":{"line":205,"column":4},"end":{"line":214,"column":null}},"62":{"start":{"line":206,"column":26},"end":{"line":206,"column":64}},"63":{"start":{"line":207,"column":27},"end":{"line":207,"column":103}},"64":{"start":{"line":208,"column":22},"end":{"line":208,"column":60}},"65":{"start":{"line":209,"column":50},"end":{"line":209,"column":94}},"66":{"start":{"line":210,"column":8},"end":{"line":212,"column":null}},"67":{"start":{"line":211,"column":12},"end":{"line":211,"column":null}},"68":{"start":{"line":213,"column":8},"end":{"line":213,"column":null}},"69":{"start":{"line":216,"column":4},"end":{"line":216,"column":null}},"70":{"start":{"line":230,"column":22},"end":{"line":230,"column":82}},"71":{"start":{"line":231,"column":19},"end":{"line":231,"column":20}},"72":{"start":{"line":232,"column":23},"end":{"line":232,"column":24}},"73":{"start":{"line":235,"column":18},"end":{"line":235,"column":20}},"74":{"start":{"line":237,"column":4},"end":{"line":258,"column":null}},"75":{"start":{"line":239,"column":27},"end":{"line":239,"column":103}},"76":{"start":{"line":240,"column":22},"end":{"line":240,"column":24}},"77":{"start":{"line":241,"column":8},"end":{"line":243,"column":null}},"78":{"start":{"line":242,"column":12},"end":{"line":242,"column":null}},"79":{"start":{"line":244,"column":8},"end":{"line":244,"column":null}},"80":{"start":{"line":245,"column":26},"end":{"line":245,"column":42}},"81":{"start":{"line":248,"column":8},"end":{"line":248,"column":null}},"82":{"start":{"line":251,"column":50},"end":{"line":251,"column":94}},"83":{"start":{"line":252,"column":8},"end":{"line":254,"column":null}},"84":{"start":{"line":253,"column":12},"end":{"line":253,"column":null}},"85":{"start":{"line":257,"column":8},"end":{"line":257,"column":null}},"86":{"start":{"line":261,"column":4},"end":{"line":261,"column":null}},"87":{"start":{"line":263,"column":4},"end":{"line":263,"column":null}},"88":{"start":{"line":275,"column":20},"end":{"line":275,"column":63}},"89":{"start":{"line":276,"column":22},"end":{"line":276,"column":40}},"90":{"start":{"line":278,"column":4},"end":{"line":280,"column":null}},"91":{"start":{"line":279,"column":8},"end":{"line":279,"column":null}},"92":{"start":{"line":281,"column":4},"end":{"line":281,"column":null}},"93":{"start":{"line":291,"column":17},"end":{"line":291,"column":19}},"94":{"start":{"line":292,"column":21},"end":{"line":292,"column":22}},"95":{"start":{"line":294,"column":4},"end":{"line":300,"column":null}},"96":{"start":{"line":295,"column":28},"end":{"line":295,"column":49}},"97":{"start":{"line":296,"column":8},"end":{"line":298,"column":null}},"98":{"start":{"line":297,"column":12},"end":{"line":297,"column":null}},"99":{"start":{"line":299,"column":8},"end":{"line":299,"column":null}},"100":{"start":{"line":302,"column":22},"end":{"line":302,"column":40}},"101":{"start":{"line":303,"column":4},"end":{"line":303,"column":null}},"102":{"start":{"line":311,"column":4},"end":{"line":311,"column":null}},"103":{"start":{"line":312,"column":4},"end":{"line":331,"column":null}},"104":{"start":{"line":313,"column":26},"end":{"line":313,"column":85}},"105":{"start":{"line":314,"column":26},"end":{"line":314,"column":44}},"106":{"start":{"line":315,"column":23},"end":{"line":315,"column":24}},"107":{"start":{"line":316,"column":8},"end":{"line":330,"column":null}},"108":{"start":{"line":319,"column":12},"end":{"line":329,"column":null}},"109":{"start":{"line":320,"column":16},"end":{"line":320,"column":null}},"110":{"start":{"line":324,"column":32},"end":{"line":324,"column":34}},"111":{"start":{"line":325,"column":16},"end":{"line":325,"column":null}},"112":{"start":{"line":326,"column":16},"end":{"line":328,"column":null}},"113":{"start":{"line":327,"column":20},"end":{"line":327,"column":null}},"114":{"start":{"line":332,"column":4},"end":{"line":332,"column":null}},"115":{"start":{"line":345,"column":21},"end":{"line":345,"column":37}},"116":{"start":{"line":346,"column":4},"end":{"line":350,"column":null}},"117":{"start":{"line":362,"column":4},"end":{"line":362,"column":null}},"118":{"start":{"line":364,"column":4},"end":{"line":368,"column":null}},"119":{"start":{"line":365,"column":26},"end":{"line":365,"column":44}},"120":{"start":{"line":366,"column":24},"end":{"line":366,"column":62}},"121":{"start":{"line":367,"column":8},"end":{"line":367,"column":null}},"122":{"start":{"line":371,"column":4},"end":{"line":380,"column":null}},"123":{"start":{"line":372,"column":8},"end":{"line":374,"column":null}},"124":{"start":{"line":373,"column":12},"end":{"line":373,"column":21}},"125":{"start":{"line":375,"column":8},"end":{"line":379,"column":null}},"126":{"start":{"line":383,"column":26},"end":{"line":383,"column":90}},"127":{"start":{"line":383,"column":66},"end":{"line":383,"column":89}},"128":{"start":{"line":385,"column":4},"end":{"line":387,"column":null}},"129":{"start":{"line":386,"column":8},"end":{"line":386,"column":null}},"130":{"start":{"line":403,"column":4},"end":{"line":403,"column":null}},"131":{"start":{"line":403,"column":40},"end":{"line":403,"column":null}},"132":{"start":{"line":404,"column":4},"end":{"line":404,"column":null}},"133":{"start":{"line":409,"column":25},"end":{"line":409,"column":50}},"134":{"start":{"line":410,"column":115},"end":{"line":410,"column":129}},"135":{"start":{"line":411,"column":38},"end":{"line":411,"column":57}},"136":{"start":{"line":412,"column":25},"end":{"line":412,"column":54}},"137":{"start":{"line":413,"column":30},"end":{"line":413,"column":92}},"138":{"start":{"line":415,"column":4},"end":{"line":423,"column":null}},"139":{"start":{"line":432,"column":25},"end":{"line":432,"column":50}},"140":{"start":{"line":433,"column":115},"end":{"line":433,"column":129}},"141":{"start":{"line":435,"column":4},"end":{"line":444,"column":null}},"142":{"start":{"line":455,"column":25},"end":{"line":455,"column":50}},"143":{"start":{"line":456,"column":121},"end":{"line":456,"column":135}},"144":{"start":{"line":458,"column":102},"end":{"line":458,"column":131}},"145":{"start":{"line":460,"column":38},"end":{"line":460,"column":64}},"146":{"start":{"line":461,"column":25},"end":{"line":461,"column":54}},"147":{"start":{"line":462,"column":30},"end":{"line":462,"column":99}},"148":{"start":{"line":465,"column":21},"end":{"line":473,"column":5}},"149":{"start":{"line":476,"column":4},"end":{"line":478,"column":null}},"150":{"start":{"line":477,"column":8},"end":{"line":477,"column":null}},"151":{"start":{"line":480,"column":4},"end":{"line":480,"column":null}},"152":{"start":{"line":482,"column":4},"end":{"line":482,"column":null}}},"fnMap":{"0":{"name":"getTerminalWidth","decl":{"start":{"line":15,"column":9},"end":{"line":15,"column":25}},"loc":{"start":{"line":15,"column":28},"end":{"line":17,"column":null}},"line":15},"1":{"name":"wrapText","decl":{"start":{"line":33,"column":9},"end":{"line":33,"column":17}},"loc":{"start":{"line":33,"column":51},"end":{"line":69,"column":null}},"line":33},"2":{"name":"(anonymous_2)","decl":{"start":{"line":38,"column":43},"end":{"line":38,"column":44}},"loc":{"start":{"line":38,"column":48},"end":{"line":38,"column":60}},"line":38},"3":{"name":"pushWrappedWithPrefix","decl":{"start":{"line":81,"column":9},"end":{"line":81,"column":30}},"loc":{"start":{"line":81,"column":96},"end":{"line":87,"column":null}},"line":81},"4":{"name":"helpTransformConfig","decl":{"start":{"line":108,"column":9},"end":{"line":108,"column":28}},"loc":{"start":{"line":108,"column":37},"end":{"line":117,"column":null}},"line":108},"5":{"name":"helpTransformResult","decl":{"start":{"line":124,"column":9},"end":{"line":124,"column":28}},"loc":{"start":{"line":124,"column":45},"end":{"line":147,"column":null}},"line":124},"6":{"name":"collectOptions","decl":{"start":{"line":158,"column":9},"end":{"line":158,"column":23}},"loc":{"start":{"line":158,"column":53},"end":{"line":169,"column":null}},"line":158},"7":{"name":"(anonymous_7)","decl":{"start":{"line":168,"column":42},"end":{"line":168,"column":43}},"loc":{"start":{"line":168,"column":60},"end":{"line":168,"column":73}},"line":168},"8":{"name":"formatColumns","decl":{"start":{"line":178,"column":9},"end":{"line":178,"column":22}},"loc":{"start":{"line":178,"column":52},"end":{"line":191,"column":null}},"line":178},"9":{"name":"buildOptionsTextWide","decl":{"start":{"line":200,"column":9},"end":{"line":200,"column":29}},"loc":{"start":{"line":200,"column":50},"end":{"line":217,"column":null}},"line":200},"10":{"name":"buildOptionsTextNarrow","decl":{"start":{"line":228,"column":9},"end":{"line":228,"column":31}},"loc":{"start":{"line":228,"column":52},"end":{"line":264,"column":null}},"line":228},"11":{"name":"buildOptionsText","decl":{"start":{"line":274,"column":9},"end":{"line":274,"column":25}},"loc":{"start":{"line":274,"column":62},"end":{"line":282,"column":null}},"line":274},"12":{"name":"buildCommandsText","decl":{"start":{"line":289,"column":9},"end":{"line":289,"column":26}},"loc":{"start":{"line":289,"column":37},"end":{"line":304,"column":null}},"line":289},"13":{"name":"printSection","decl":{"start":{"line":310,"column":9},"end":{"line":310,"column":21}},"loc":{"start":{"line":310,"column":31},"end":{"line":333,"column":null}},"line":310},"14":{"name":"buildSection","decl":{"start":{"line":344,"column":9},"end":{"line":344,"column":21}},"loc":{"start":{"line":344,"column":81},"end":{"line":351,"column":null}},"line":344},"15":{"name":"renderHelp","decl":{"start":{"line":361,"column":9},"end":{"line":361,"column":19}},"loc":{"start":{"line":361,"column":65},"end":{"line":388,"column":null}},"line":361},"16":{"name":"(anonymous_16)","decl":{"start":{"line":383,"column":56},"end":{"line":383,"column":57}},"loc":{"start":{"line":383,"column":66},"end":{"line":383,"column":89}},"line":383},"17":{"name":"formatParametersUsage","decl":{"start":{"line":402,"column":9},"end":{"line":402,"column":30}},"loc":{"start":{"line":402,"column":39},"end":{"line":405,"column":null}},"line":402},"18":{"name":"printHelp","decl":{"start":{"line":408,"column":9},"end":{"line":408,"column":18}},"loc":{"start":{"line":408,"column":27},"end":{"line":424,"column":null}},"line":408},"19":{"name":"printGlobalHelpWithCommands","decl":{"start":{"line":431,"column":9},"end":{"line":431,"column":36}},"loc":{"start":{"line":431,"column":55},"end":{"line":445,"column":null}},"line":431},"20":{"name":"printCommandHelp","decl":{"start":{"line":454,"column":9},"end":{"line":454,"column":25}},"loc":{"start":{"line":454,"column":73},"end":{"line":483,"column":null}},"line":454}},"branchMap":{"0":{"loc":{"start":{"line":34,"column":4},"end":{"line":36,"column":null}},"type":"if","locations":[{"start":{"line":34,"column":4},"end":{"line":36,"column":null}},{"start":{},"end":{}}],"line":34},"1":{"loc":{"start":{"line":39,"column":4},"end":{"line":41,"column":null}},"type":"if","locations":[{"start":{"line":39,"column":4},"end":{"line":41,"column":null}},{"start":{},"end":{}}],"line":39},"2":{"loc":{"start":{"line":50,"column":8},"end":{"line":64,"column":null}},"type":"if","locations":[{"start":{"line":50,"column":8},"end":{"line":64,"column":null}},{"start":{"line":54,"column":15},"end":{"line":64,"column":null}}],"line":50},"3":{"loc":{"start":{"line":54,"column":15},"end":{"line":64,"column":null}},"type":"if","locations":[{"start":{"line":54,"column":15},"end":{"line":64,"column":null}},{"start":{"line":59,"column":15},"end":{"line":64,"column":null}}],"line":54},"4":{"loc":{"start":{"line":126,"column":4},"end":{"line":129,"column":null}},"type":"if","locations":[{"start":{"line":126,"column":4},"end":{"line":129,"column":null}},{"start":{},"end":{}}],"line":126},"5":{"loc":{"start":{"line":130,"column":4},"end":{"line":145,"column":null}},"type":"if","locations":[{"start":{"line":130,"column":4},"end":{"line":145,"column":null}},{"start":{},"end":{}}],"line":130},"6":{"loc":{"start":{"line":134,"column":8},"end":{"line":143,"column":null}},"type":"if","locations":[{"start":{"line":134,"column":8},"end":{"line":143,"column":null}},{"start":{"line":137,"column":15},"end":{"line":143,"column":null}}],"line":134},"7":{"loc":{"start":{"line":134,"column":12},"end":{"line":134,"column":79}},"type":"binary-expr","locations":[{"start":{"line":134,"column":12},"end":{"line":134,"column":20}},{"start":{"line":134,"column":24},"end":{"line":134,"column":49}},{"start":{"line":134,"column":53},"end":{"line":134,"column":79}}],"line":134},"8":{"loc":{"start":{"line":137,"column":15},"end":{"line":143,"column":null}},"type":"if","locations":[{"start":{"line":137,"column":15},"end":{"line":143,"column":null}},{"start":{"line":140,"column":15},"end":{"line":143,"column":null}}],"line":137},"9":{"loc":{"start":{"line":160,"column":8},"end":{"line":166,"column":null}},"type":"cond-expr","locations":[{"start":{"line":161,"column":14},"end":{"line":165,"column":null}},{"start":{"line":166,"column":14},"end":{"line":166,"column":null}}],"line":160},"10":{"loc":{"start":{"line":184,"column":8},"end":{"line":188,"column":null}},"type":"if","locations":[{"start":{"line":184,"column":8},"end":{"line":188,"column":null}},{"start":{"line":186,"column":15},"end":{"line":188,"column":null}}],"line":184},"11":{"loc":{"start":{"line":206,"column":26},"end":{"line":206,"column":64}},"type":"cond-expr","locations":[{"start":{"line":206,"column":38},"end":{"line":206,"column":55}},{"start":{"line":206,"column":58},"end":{"line":206,"column":64}}],"line":206},"12":{"loc":{"start":{"line":207,"column":27},"end":{"line":207,"column":103}},"type":"cond-expr","locations":[{"start":{"line":207,"column":52},"end":{"line":207,"column":97}},{"start":{"line":207,"column":101},"end":{"line":207,"column":103}}],"line":207},"13":{"loc":{"start":{"line":207,"column":52},"end":{"line":207,"column":97}},"type":"cond-expr","locations":[{"start":{"line":207,"column":72},"end":{"line":207,"column":84}},{"start":{"line":207,"column":87},"end":{"line":207,"column":97}}],"line":207},"14":{"loc":{"start":{"line":209,"column":50},"end":{"line":209,"column":94}},"type":"binary-expr","locations":[{"start":{"line":209,"column":70},"end":{"line":209,"column":87}},{"start":{"line":209,"column":92},"end":{"line":209,"column":94}}],"line":209},"15":{"loc":{"start":{"line":210,"column":8},"end":{"line":212,"column":null}},"type":"if","locations":[{"start":{"line":210,"column":8},"end":{"line":212,"column":null}},{"start":{},"end":{}}],"line":210},"16":{"loc":{"start":{"line":230,"column":22},"end":{"line":230,"column":82}},"type":"cond-expr","locations":[{"start":{"line":230,"column":61},"end":{"line":230,"column":70}},{"start":{"line":230,"column":73},"end":{"line":230,"column":82}}],"line":230},"17":{"loc":{"start":{"line":230,"column":22},"end":{"line":230,"column":58}},"type":"binary-expr","locations":[{"start":{"line":230,"column":22},"end":{"line":230,"column":39}},{"start":{"line":230,"column":43},"end":{"line":230,"column":58}}],"line":230},"18":{"loc":{"start":{"line":239,"column":27},"end":{"line":239,"column":103}},"type":"cond-expr","locations":[{"start":{"line":239,"column":52},"end":{"line":239,"column":97}},{"start":{"line":239,"column":101},"end":{"line":239,"column":103}}],"line":239},"19":{"loc":{"start":{"line":239,"column":52},"end":{"line":239,"column":97}},"type":"cond-expr","locations":[{"start":{"line":239,"column":72},"end":{"line":239,"column":84}},{"start":{"line":239,"column":87},"end":{"line":239,"column":97}}],"line":239},"20":{"loc":{"start":{"line":241,"column":8},"end":{"line":243,"column":null}},"type":"if","locations":[{"start":{"line":241,"column":8},"end":{"line":243,"column":null}},{"start":{},"end":{}}],"line":241},"21":{"loc":{"start":{"line":251,"column":50},"end":{"line":251,"column":94}},"type":"binary-expr","locations":[{"start":{"line":251,"column":70},"end":{"line":251,"column":87}},{"start":{"line":251,"column":92},"end":{"line":251,"column":94}}],"line":251},"22":{"loc":{"start":{"line":252,"column":8},"end":{"line":254,"column":null}},"type":"if","locations":[{"start":{"line":252,"column":8},"end":{"line":254,"column":null}},{"start":{},"end":{}}],"line":252},"23":{"loc":{"start":{"line":274,"column":35},"end":{"line":274,"column":60}},"type":"default-arg","locations":[{"start":{"line":274,"column":56},"end":{"line":274,"column":60}}],"line":274},"24":{"loc":{"start":{"line":278,"column":4},"end":{"line":280,"column":null}},"type":"if","locations":[{"start":{"line":278,"column":4},"end":{"line":280,"column":null}},{"start":{},"end":{}}],"line":278},"25":{"loc":{"start":{"line":278,"column":8},"end":{"line":278,"column":43}},"type":"binary-expr","locations":[{"start":{"line":278,"column":8},"end":{"line":278,"column":25}},{"start":{"line":278,"column":29},"end":{"line":278,"column":43}}],"line":278},"26":{"loc":{"start":{"line":295,"column":28},"end":{"line":295,"column":49}},"type":"binary-expr","locations":[{"start":{"line":295,"column":28},"end":{"line":295,"column":43}},{"start":{"line":295,"column":47},"end":{"line":295,"column":49}}],"line":295},"27":{"loc":{"start":{"line":296,"column":8},"end":{"line":298,"column":null}},"type":"if","locations":[{"start":{"line":296,"column":8},"end":{"line":298,"column":null}},{"start":{},"end":{}}],"line":296},"28":{"loc":{"start":{"line":312,"column":4},"end":{"line":331,"column":null}},"type":"if","locations":[{"start":{"line":312,"column":4},"end":{"line":331,"column":null}},{"start":{},"end":{}}],"line":312},"29":{"loc":{"start":{"line":313,"column":26},"end":{"line":313,"column":85}},"type":"cond-expr","locations":[{"start":{"line":313,"column":56},"end":{"line":313,"column":68}},{"start":{"line":313,"column":71},"end":{"line":313,"column":85}}],"line":313},"30":{"loc":{"start":{"line":319,"column":12},"end":{"line":329,"column":null}},"type":"if","locations":[{"start":{"line":319,"column":12},"end":{"line":329,"column":null}},{"start":{"line":321,"column":19},"end":{"line":329,"column":null}}],"line":319},"31":{"loc":{"start":{"line":347,"column":15},"end":{"line":347,"column":46}},"type":"binary-expr","locations":[{"start":{"line":347,"column":15},"end":{"line":347,"column":30}},{"start":{"line":347,"column":34},"end":{"line":347,"column":46}}],"line":347},"32":{"loc":{"start":{"line":348,"column":14},"end":{"line":348,"column":43}},"type":"binary-expr","locations":[{"start":{"line":348,"column":14},"end":{"line":348,"column":28}},{"start":{"line":348,"column":32},"end":{"line":348,"column":43}}],"line":348},"33":{"loc":{"start":{"line":349,"column":15},"end":{"line":349,"column":46}},"type":"binary-expr","locations":[{"start":{"line":349,"column":15},"end":{"line":349,"column":30}},{"start":{"line":349,"column":34},"end":{"line":349,"column":46}}],"line":349},"34":{"loc":{"start":{"line":364,"column":4},"end":{"line":368,"column":null}},"type":"if","locations":[{"start":{"line":364,"column":4},"end":{"line":368,"column":null}},{"start":{},"end":{}}],"line":364},"35":{"loc":{"start":{"line":372,"column":8},"end":{"line":374,"column":null}},"type":"if","locations":[{"start":{"line":372,"column":8},"end":{"line":374,"column":null}},{"start":{},"end":{}}],"line":372},"36":{"loc":{"start":{"line":378,"column":19},"end":{"line":378,"column":37}},"type":"binary-expr","locations":[{"start":{"line":378,"column":19},"end":{"line":378,"column":32}},{"start":{"line":378,"column":36},"end":{"line":378,"column":37}}],"line":378},"37":{"loc":{"start":{"line":403,"column":4},"end":{"line":403,"column":null}},"type":"if","locations":[{"start":{"line":403,"column":4},"end":{"line":403,"column":null}},{"start":{},"end":{}}],"line":403},"38":{"loc":{"start":{"line":403,"column":8},"end":{"line":403,"column":38}},"type":"binary-expr","locations":[{"start":{"line":403,"column":8},"end":{"line":403,"column":15}},{"start":{"line":403,"column":19},"end":{"line":403,"column":38}}],"line":403},"39":{"loc":{"start":{"line":409,"column":25},"end":{"line":409,"column":50}},"type":"binary-expr","locations":[{"start":{"line":409,"column":25},"end":{"line":409,"column":44}},{"start":{"line":409,"column":48},"end":{"line":409,"column":50}}],"line":409},"40":{"loc":{"start":{"line":413,"column":30},"end":{"line":413,"column":92}},"type":"cond-expr","locations":[{"start":{"line":413,"column":73},"end":{"line":413,"column":87}},{"start":{"line":413,"column":90},"end":{"line":413,"column":92}}],"line":413},"41":{"loc":{"start":{"line":413,"column":30},"end":{"line":413,"column":70}},"type":"binary-expr","locations":[{"start":{"line":413,"column":30},"end":{"line":413,"column":43}},{"start":{"line":413,"column":47},"end":{"line":413,"column":70}}],"line":413},"42":{"loc":{"start":{"line":432,"column":25},"end":{"line":432,"column":50}},"type":"binary-expr","locations":[{"start":{"line":432,"column":25},"end":{"line":432,"column":44}},{"start":{"line":432,"column":48},"end":{"line":432,"column":50}}],"line":432},"43":{"loc":{"start":{"line":455,"column":25},"end":{"line":455,"column":50}},"type":"binary-expr","locations":[{"start":{"line":455,"column":25},"end":{"line":455,"column":44}},{"start":{"line":455,"column":48},"end":{"line":455,"column":50}}],"line":455},"44":{"loc":{"start":{"line":458,"column":102},"end":{"line":458,"column":131}},"type":"binary-expr","locations":[{"start":{"line":458,"column":103},"end":{"line":458,"column":124}},{"start":{"line":458,"column":129},"end":{"line":458,"column":131}}],"line":458},"45":{"loc":{"start":{"line":462,"column":30},"end":{"line":462,"column":99}},"type":"cond-expr","locations":[{"start":{"line":462,"column":80},"end":{"line":462,"column":94}},{"start":{"line":462,"column":97},"end":{"line":462,"column":99}}],"line":462},"46":{"loc":{"start":{"line":462,"column":30},"end":{"line":462,"column":77}},"type":"binary-expr","locations":[{"start":{"line":462,"column":30},"end":{"line":462,"column":43}},{"start":{"line":462,"column":47},"end":{"line":462,"column":77}}],"line":462},"47":{"loc":{"start":{"line":476,"column":4},"end":{"line":478,"column":null}},"type":"if","locations":[{"start":{"line":476,"column":4},"end":{"line":478,"column":null}},{"start":{},"end":{}}],"line":476}},"s":{"0":1,"1":229,"2":356,"3":178,"4":178,"5":527,"6":178,"7":38,"8":140,"9":140,"10":140,"11":140,"12":140,"13":489,"14":489,"15":140,"16":140,"17":349,"18":328,"19":328,"20":21,"21":21,"22":21,"23":140,"24":140,"25":343,"26":343,"27":343,"28":343,"29":18,"30":82,"31":1,"32":79,"33":79,"34":5,"35":5,"36":74,"37":63,"38":63,"39":63,"40":9,"41":54,"42":4,"43":50,"44":63,"45":11,"46":1,"47":1,"48":68,"49":68,"50":177,"51":53,"52":53,"53":53,"54":128,"55":128,"56":122,"57":6,"58":53,"59":49,"60":49,"61":49,"62":121,"63":121,"64":121,"65":121,"66":121,"67":74,"68":121,"69":49,"70":19,"71":19,"72":19,"73":19,"74":19,"75":56,"76":56,"77":56,"78":42,"79":56,"80":56,"81":56,"82":56,"83":56,"84":54,"85":56,"86":19,"87":19,"88":68,"89":68,"90":68,"91":19,"92":49,"93":4,"94":4,"95":4,"96":7,"97":7,"98":4,"99":7,"100":4,"101":4,"102":145,"103":145,"104":144,"105":144,"106":144,"107":144,"108":362,"109":251,"110":111,"111":111,"112":111,"113":116,"114":145,"115":135,"116":135,"117":63,"118":63,"119":13,"120":13,"121":13,"122":63,"123":15,"124":5,"125":10,"126":63,"127":86,"128":63,"129":145,"130":59,"131":57,"132":2,"133":50,"134":50,"135":50,"136":50,"137":50,"138":50,"139":4,"140":4,"141":4,"142":9,"143":9,"144":9,"145":9,"146":9,"147":9,"148":9,"149":9,"150":5,"151":9,"152":9},"f":{"0":229,"1":356,"2":527,"3":343,"4":82,"5":79,"6":68,"7":177,"8":53,"9":49,"10":19,"11":68,"12":4,"13":145,"14":135,"15":63,"16":86,"17":59,"18":50,"19":4,"20":9},"b":{"0":[178,178],"1":[38,140],"2":[140,349],"3":[328,21],"4":[5,74],"5":[63,11],"6":[9,54],"7":[63,13,9],"8":[4,50],"9":[63,5],"10":[122,6],"11":[89,32],"12":[23,98],"13":[3,20],"14":[121,5],"15":[74,47],"16":[18,1],"17":[19,19],"18":[12,44],"19":[1,11],"20":[42,14],"21":[56,2],"22":[54,2],"23":[68],"24":[19,49],"25":[68,22],"26":[7,1],"27":[4,3],"28":[144,1],"29":[74,70],"30":[251,111],"31":[135,130],"32":[135,134],"33":[135,133],"34":[13,50],"35":[5,10],"36":[10,6],"37":[57,2],"38":[59,3],"39":[50,37],"40":[1,49],"41":[50,49],"42":[4,4],"43":[9,9],"44":[9,2],"45":[3,6],"46":[9,8],"47":[5,4]},"meta":{"lastBranch":48,"lastFunction":21,"lastStatement":153,"seen":{"s:9:22:9:62":0,"f:15:9:15:25":0,"s:16:4:16:Infinity":1,"f:33:9:33:17":1,"b:34:4:36:Infinity:undefined:undefined:undefined:undefined":0,"s:34:4:36:Infinity":2,"s:35:8:35:Infinity":3,"s:38:18:38:61":4,"f:38:43:38:44":2,"s:38:48:38:60":5,"b:39:4:41:Infinity:undefined:undefined:undefined:undefined":1,"s:39:4:41:Infinity":6,"s:40:8:40:Infinity":7,"s:44:18:44:20":8,"s:45:15:45:17":9,"s:46:14:46:24":10,"s:48:4:65:Infinity":11,"s:48:17:48:18":12,"s:49:21:49:29":13,"b:50:8:64:Infinity:54:15:64:Infinity":2,"s:50:8:64:Infinity":14,"s:52:12:52:Infinity":15,"s:53:12:53:Infinity":16,"b:54:15:64:Infinity:59:15:64:Infinity":3,"s:54:15:64:Infinity":17,"s:57:12:57:Infinity":18,"s:58:12:58:Infinity":19,"s:61:12:61:Infinity":20,"s:62:12:62:Infinity":21,"s:63:12:63:Infinity":22,"s:66:4:66:Infinity":23,"s:68:4:68:Infinity":24,"f:81:9:81:30":3,"s:82:20:82:73":25,"s:83:4:83:Infinity":26,"s:84:4:86:Infinity":27,"s:84:17:84:18":28,"s:85:8:85:Infinity":29,"f:108:9:108:28":4,"s:109:4:116:Infinity":30,"s:118:0:118:Infinity":31,"f:124:9:124:28":5,"s:125:126:125:132":32,"b:126:4:129:Infinity:undefined:undefined:undefined:undefined":4,"s:126:4:129:Infinity":33,"s:127:8:127:Infinity":34,"s:128:8:128:Infinity":35,"b:130:4:145:Infinity:undefined:undefined:undefined:undefined":5,"s:130:4:145:Infinity":36,"s:131:48:131:71":37,"s:132:44:132:61":38,"b:134:8:143:Infinity:137:15:143:Infinity":6,"s:134:8:143:Infinity":39,"b:134:12:134:20:134:24:134:49:134:53:134:79":7,"s:136:12:136:Infinity":40,"b:137:15:143:Infinity:140:15:143:Infinity":8,"s:137:15:143:Infinity":41,"s:139:12:139:Infinity":42,"s:142:12:142:Infinity":43,"s:144:8:144:Infinity":44,"s:146:4:146:Infinity":45,"s:148:0:148:Infinity":46,"s:150:40:150:82":47,"f:158:9:158:23":6,"s:160:8:166:Infinity":48,"b:161:14:165:Infinity:166:14:166:Infinity":9,"s:168:4:168:Infinity":49,"f:168:42:168:43":7,"s:168:60:168:73":50,"f:178:9:178:22":8,"s:179:21:179:35":51,"s:181:18:181:20":52,"s:182:4:189:Infinity":53,"s:183:24:183:68":54,"b:184:8:188:Infinity:186:15:188:Infinity":10,"s:184:8:188:Infinity":55,"s:185:12:185:Infinity":56,"s:187:12:187:Infinity":57,"s:190:4:190:Infinity":58,"f:200:9:200:29":9,"s:202:17:202:19":59,"s:203:22:203:23":60,"s:205:4:214:Infinity":61,"s:206:26:206:64":62,"b:206:38:206:55:206:58:206:64":11,"s:207:27:207:103":63,"b:207:52:207:97:207:101:207:103":12,"b:207:72:207:84:207:87:207:97":13,"s:208:22:208:60":64,"s:209:50:209:94":65,"b:209:70:209:87:209:92:209:94":14,"b:210:8:212:Infinity:undefined:undefined:undefined:undefined":15,"s:210:8:212:Infinity":66,"s:211:12:211:Infinity":67,"s:213:8:213:Infinity":68,"s:216:4:216:Infinity":69,"f:228:9:228:31":10,"s:230:22:230:82":70,"b:230:61:230:70:230:73:230:82":16,"b:230:22:230:39:230:43:230:58":17,"s:231:19:231:20":71,"s:232:23:232:24":72,"s:235:18:235:20":73,"s:237:4:258:Infinity":74,"s:239:27:239:103":75,"b:239:52:239:97:239:101:239:103":18,"b:239:72:239:84:239:87:239:97":19,"s:240:22:240:24":76,"b:241:8:243:Infinity:undefined:undefined:undefined:undefined":20,"s:241:8:243:Infinity":77,"s:242:12:242:Infinity":78,"s:244:8:244:Infinity":79,"s:245:26:245:42":80,"s:248:8:248:Infinity":81,"s:251:50:251:94":82,"b:251:70:251:87:251:92:251:94":21,"b:252:8:254:Infinity:undefined:undefined:undefined:undefined":22,"s:252:8:254:Infinity":83,"s:253:12:253:Infinity":84,"s:257:8:257:Infinity":85,"s:261:4:261:Infinity":86,"s:263:4:263:Infinity":87,"f:274:9:274:25":11,"b:274:56:274:60":23,"s:275:20:275:63":88,"s:276:22:276:40":89,"b:278:4:280:Infinity:undefined:undefined:undefined:undefined":24,"s:278:4:280:Infinity":90,"b:278:8:278:25:278:29:278:43":25,"s:279:8:279:Infinity":91,"s:281:4:281:Infinity":92,"f:289:9:289:26":12,"s:291:17:291:19":93,"s:292:21:292:22":94,"s:294:4:300:Infinity":95,"s:295:28:295:49":96,"b:295:28:295:43:295:47:295:49":26,"b:296:8:298:Infinity:undefined:undefined:undefined:undefined":27,"s:296:8:298:Infinity":97,"s:297:12:297:Infinity":98,"s:299:8:299:Infinity":99,"s:302:22:302:40":100,"s:303:4:303:Infinity":101,"f:310:9:310:21":13,"s:311:4:311:Infinity":102,"b:312:4:331:Infinity:undefined:undefined:undefined:undefined":28,"s:312:4:331:Infinity":103,"s:313:26:313:85":104,"b:313:56:313:68:313:71:313:85":29,"s:314:26:314:44":105,"s:315:23:315:24":106,"s:316:8:330:Infinity":107,"b:319:12:329:Infinity:321:19:329:Infinity":30,"s:319:12:329:Infinity":108,"s:320:16:320:Infinity":109,"s:324:32:324:34":110,"s:325:16:325:Infinity":111,"s:326:16:328:Infinity":112,"s:327:20:327:Infinity":113,"s:332:4:332:Infinity":114,"f:344:9:344:21":14,"s:345:21:345:37":115,"s:346:4:350:Infinity":116,"b:347:15:347:30:347:34:347:46":31,"b:348:14:348:28:348:32:348:43":32,"b:349:15:349:30:349:34:349:46":33,"f:361:9:361:19":15,"s:362:4:362:Infinity":117,"b:364:4:368:Infinity:undefined:undefined:undefined:undefined":34,"s:364:4:368:Infinity":118,"s:365:26:365:44":119,"s:366:24:366:62":120,"s:367:8:367:Infinity":121,"s:371:4:380:Infinity":122,"b:372:8:374:Infinity:undefined:undefined:undefined:undefined":35,"s:372:8:374:Infinity":123,"s:373:12:373:21":124,"s:375:8:379:Infinity":125,"b:378:19:378:32:378:36:378:37":36,"s:383:26:383:90":126,"f:383:56:383:57":16,"s:383:66:383:89":127,"s:385:4:387:Infinity":128,"s:386:8:386:Infinity":129,"f:402:9:402:30":17,"b:403:4:403:Infinity:undefined:undefined:undefined:undefined":37,"s:403:4:403:Infinity":130,"b:403:8:403:15:403:19:403:38":38,"s:403:40:403:Infinity":131,"s:404:4:404:Infinity":132,"f:408:9:408:18":18,"s:409:25:409:50":133,"b:409:25:409:44:409:48:409:50":39,"s:410:115:410:129":134,"s:411:38:411:57":135,"s:412:25:412:54":136,"s:413:30:413:92":137,"b:413:73:413:87:413:90:413:92":40,"b:413:30:413:43:413:47:413:70":41,"s:415:4:423:Infinity":138,"f:431:9:431:36":19,"s:432:25:432:50":139,"b:432:25:432:44:432:48:432:50":42,"s:433:115:433:129":140,"s:435:4:444:Infinity":141,"f:454:9:454:25":20,"s:455:25:455:50":142,"b:455:25:455:44:455:48:455:50":43,"s:456:121:456:135":143,"s:458:102:458:131":144,"b:458:103:458:124:458:129:458:131":44,"s:460:38:460:64":145,"s:461:25:461:54":146,"s:462:30:462:99":147,"b:462:80:462:94:462:97:462:99":45,"b:462:30:462:43:462:47:462:77":46,"s:465:21:473:5":148,"b:476:4:478:Infinity:undefined:undefined:undefined:undefined":47,"s:476:4:478:Infinity":149,"s:477:8:477:Infinity":150,"s:480:4:480:Infinity":151,"s:482:4:482:Infinity":152}}}
,"/home/runner/work/niceties/niceties/node-parseargs-plus/src/index.js": {"path":"/home/runner/work/niceties/niceties/node-parseargs-plus/src/index.js","statementMap":{"0":{"start":{"line":12,"column":25},"end":{"line":12,"column":129}},"1":{"start":{"line":12,"column":57},"end":{"line":12,"column":128}},"2":{"start":{"line":16,"column":25},"end":{"line":16,"column":129}},"3":{"start":{"line":16,"column":57},"end":{"line":16,"column":128}},"4":{"start":{"line":19,"column":87},"end":{"line":19,"column":93}},"5":{"start":{"line":20,"column":4},"end":{"line":22,"column":null}},"6":{"start":{"line":21,"column":8},"end":{"line":21,"column":null}},"7":{"start":{"line":26,"column":7},"end":{"line":26,"column":null}},"8":{"start":{"line":30,"column":4},"end":{"line":32,"column":null}},"9":{"start":{"line":31,"column":8},"end":{"line":31,"column":null}},"10":{"start":{"line":34,"column":4},"end":{"line":34,"column":null}}},"fnMap":{"0":{"name":"parseArgsPlus","decl":{"start":{"line":9,"column":16},"end":{"line":9,"column":29}},"loc":{"start":{"line":9,"column":56},"end":{"line":35,"column":null}},"line":9},"1":{"name":"(anonymous_1)","decl":{"start":{"line":12,"column":47},"end":{"line":12,"column":48}},"loc":{"start":{"line":12,"column":57},"end":{"line":12,"column":128}},"line":12},"2":{"name":"(anonymous_2)","decl":{"start":{"line":16,"column":47},"end":{"line":16,"column":48}},"loc":{"start":{"line":16,"column":57},"end":{"line":16,"column":128}},"line":16}},"branchMap":{"0":{"loc":{"start":{"line":9,"column":38},"end":{"line":9,"column":54}},"type":"default-arg","locations":[{"start":{"line":9,"column":52},"end":{"line":9,"column":54}}],"line":9},"1":{"loc":{"start":{"line":12,"column":58},"end":{"line":12,"column":90}},"type":"binary-expr","locations":[{"start":{"line":12,"column":58},"end":{"line":12,"column":68}},{"start":{"line":12,"column":72},"end":{"line":12,"column":85}},{"start":{"line":12,"column":89},"end":{"line":12,"column":90}}],"line":12},"2":{"loc":{"start":{"line":12,"column":95},"end":{"line":12,"column":127}},"type":"binary-expr","locations":[{"start":{"line":12,"column":95},"end":{"line":12,"column":105}},{"start":{"line":12,"column":109},"end":{"line":12,"column":122}},{"start":{"line":12,"column":126},"end":{"line":12,"column":127}}],"line":12},"3":{"loc":{"start":{"line":16,"column":58},"end":{"line":16,"column":90}},"type":"binary-expr","locations":[{"start":{"line":16,"column":58},"end":{"line":16,"column":68}},{"start":{"line":16,"column":72},"end":{"line":16,"column":85}},{"start":{"line":16,"column":89},"end":{"line":16,"column":90}}],"line":16},"4":{"loc":{"start":{"line":16,"column":95},"end":{"line":16,"column":127}},"type":"binary-expr","locations":[{"start":{"line":16,"column":95},"end":{"line":16,"column":105}},{"start":{"line":16,"column":109},"end":{"line":16,"column":122}},{"start":{"line":16,"column":126},"end":{"line":16,"column":127}}],"line":16}},"s":{"0":265,"1":124,"2":265,"3":120,"4":265,"5":265,"6":365,"7":258,"8":258,"9":357,"10":181},"f":{"0":265,"1":124,"2":120},"b":{"0":[265],"1":[124,50,47],"2":[124,9,6],"3":[120,22,20],"4":[120,21,19]},"meta":{"lastBranch":5,"lastFunction":3,"lastStatement":11,"seen":{"f:9:16:9:29":0,"b:9:52:9:54":0,"s:12:25:12:129":0,"f:12:47:12:48":1,"s:12:57:12:128":1,"b:12:58:12:68:12:72:12:85:12:89:12:90":1,"b:12:95:12:105:12:109:12:122:12:126:12:127":2,"s:16:25:16:129":2,"f:16:47:16:48":2,"s:16:57:16:128":3,"b:16:58:16:68:16:72:16:85:16:89:16:90":3,"b:16:95:16:105:16:109:16:122:16:126:16:127":4,"s:19:87:19:93":4,"s:20:4:22:Infinity":5,"s:21:8:21:Infinity":6,"s:26:7:26:Infinity":7,"s:30:4:32:Infinity":8,"s:31:8:31:Infinity":9,"s:34:4:34:Infinity":10}}}
,"/home/runner/work/niceties/niceties/node-parseargs-plus/src/optional-value.js": {"path":"/home/runner/work/niceties/niceties/node-parseargs-plus/src/optional-value.js","statementMap":{"0":{"start":{"line":35,"column":18},"end":{"line":35,"column":27}},"1":{"start":{"line":37,"column":24},"end":{"line":37,"column":33}},"2":{"start":{"line":43,"column":8},"end":{"line":43,"column":null}},"3":{"start":{"line":43,"column":19},"end":{"line":43,"column":null}},"4":{"start":{"line":44,"column":8},"end":{"line":51,"column":null}},"5":{"start":{"line":45,"column":12},"end":{"line":50,"column":null}},"6":{"start":{"line":46,"column":16},"end":{"line":46,"column":null}},"7":{"start":{"line":47,"column":16},"end":{"line":49,"column":null}},"8":{"start":{"line":48,"column":20},"end":{"line":48,"column":null}},"9":{"start":{"line":54,"column":4},"end":{"line":54,"column":null}},"10":{"start":{"line":56,"column":4},"end":{"line":60,"column":null}},"11":{"start":{"line":57,"column":8},"end":{"line":59,"column":null}},"12":{"start":{"line":58,"column":12},"end":{"line":58,"column":null}},"13":{"start":{"line":62,"column":4},"end":{"line":62,"column":null}},"14":{"start":{"line":74,"column":4},"end":{"line":74,"column":null}},"15":{"start":{"line":88,"column":19},"end":{"line":88,"column":21}},"16":{"start":{"line":90,"column":4},"end":{"line":137,"column":null}},"17":{"start":{"line":90,"column":17},"end":{"line":90,"column":18}},"18":{"start":{"line":91,"column":20},"end":{"line":91,"column":27}},"19":{"start":{"line":94,"column":8},"end":{"line":99,"column":null}},"20":{"start":{"line":95,"column":12},"end":{"line":97,"column":null}},"21":{"start":{"line":95,"column":25},"end":{"line":95,"column":26}},"22":{"start":{"line":96,"column":16},"end":{"line":96,"column":null}},"23":{"start":{"line":98,"column":12},"end":{"line":98,"column":null}},"24":{"start":{"line":102,"column":8},"end":{"line":120,"column":null}},"25":{"start":{"line":103,"column":25},"end":{"line":103,"column":37}},"26":{"start":{"line":106,"column":12},"end":{"line":109,"column":null}},"27":{"start":{"line":107,"column":16},"end":{"line":107,"column":null}},"28":{"start":{"line":108,"column":16},"end":{"line":108,"column":null}},"29":{"start":{"line":111,"column":12},"end":{"line":119,"column":null}},"30":{"start":{"line":112,"column":29},"end":{"line":112,"column":40}},"31":{"start":{"line":113,"column":16},"end":{"line":118,"column":null}},"32":{"start":{"line":116,"column":20},"end":{"line":116,"column":null}},"33":{"start":{"line":117,"column":20},"end":{"line":117,"column":null}},"34":{"start":{"line":123,"column":8},"end":{"line":134,"column":null}},"35":{"start":{"line":124,"column":30},"end":{"line":124,"column":36}},"36":{"start":{"line":125,"column":12},"end":{"line":133,"column":null}},"37":{"start":{"line":126,"column":29},"end":{"line":126,"column":40}},"38":{"start":{"line":127,"column":16},"end":{"line":132,"column":null}},"39":{"start":{"line":129,"column":20},"end":{"line":129,"column":null}},"40":{"start":{"line":130,"column":20},"end":{"line":130,"column":null}},"41":{"start":{"line":131,"column":20},"end":{"line":131,"column":null}},"42":{"start":{"line":136,"column":8},"end":{"line":136,"column":null}},"43":{"start":{"line":139,"column":4},"end":{"line":139,"column":null}},"44":{"start":{"line":144,"column":20},"end":{"line":144,"column":34}},"45":{"start":{"line":145,"column":40},"end":{"line":145,"column":57}},"46":{"start":{"line":147,"column":35},"end":{"line":147,"column":81}},"47":{"start":{"line":150,"column":4},"end":{"line":152,"column":null}},"48":{"start":{"line":151,"column":8},"end":{"line":151,"column":null}},"49":{"start":{"line":154,"column":17},"end":{"line":154,"column":53}},"50":{"start":{"line":155,"column":22},"end":{"line":155,"column":59}},"51":{"start":{"line":157,"column":4},"end":{"line":160,"column":null}},"52":{"start":{"line":162,"column":0},"end":{"line":162,"column":null}},"53":{"start":{"line":169,"column":4},"end":{"line":169,"column":null}},"54":{"start":{"line":172,"column":49},"end":{"line":172,"column":109}}},"fnMap":{"0":{"name":"collectOptionalValueOptions","decl":{"start":{"line":33,"column":9},"end":{"line":33,"column":36}},"loc":{"start":{"line":33,"column":56},"end":{"line":63,"column":null}},"line":33},"1":{"name":"scan","decl":{"start":{"line":42,"column":13},"end":{"line":42,"column":17}},"loc":{"start":{"line":42,"column":24},"end":{"line":52,"column":null}},"line":42},"2":{"name":"isValue","decl":{"start":{"line":73,"column":9},"end":{"line":73,"column":16}},"loc":{"start":{"line":73,"column":23},"end":{"line":75,"column":null}},"line":73},"3":{"name":"rewriteArgs","decl":{"start":{"line":86,"column":9},"end":{"line":86,"column":20}},"loc":{"start":{"line":86,"column":47},"end":{"line":140,"column":null}},"line":86},"4":{"name":"optionalValueTransformConfig","decl":{"start":{"line":143,"column":9},"end":{"line":143,"column":37}},"loc":{"start":{"line":143,"column":46},"end":{"line":161,"column":null}},"line":143},"5":{"name":"optionalValueTransformResult","decl":{"start":{"line":168,"column":9},"end":{"line":168,"column":37}},"loc":{"start":{"line":168,"column":55},"end":{"line":170,"column":null}},"line":168}},"branchMap":{"0":{"loc":{"start":{"line":43,"column":8},"end":{"line":43,"column":null}},"type":"if","locations":[{"start":{"line":43,"column":8},"end":{"line":43,"column":null}},{"start":{},"end":{}}],"line":43},"1":{"loc":{"start":{"line":45,"column":12},"end":{"line":50,"column":null}},"type":"if","locations":[{"start":{"line":45,"column":12},"end":{"line":50,"column":null}},{"start":{},"end":{}}],"line":45},"2":{"loc":{"start":{"line":45,"column":16},"end":{"line":45,"column":85}},"type":"binary-expr","locations":[{"start":{"line":45,"column":16},"end":{"line":45,"column":40}},{"start":{"line":45,"column":63},"end":{"line":45,"column":85}}],"line":45},"3":{"loc":{"start":{"line":47,"column":16},"end":{"line":49,"column":null}},"type":"if","locations":[{"start":{"line":47,"column":16},"end":{"line":49,"column":null}},{"start":{},"end":{}}],"line":47},"4":{"loc":{"start":{"line":56,"column":4},"end":{"line":60,"column":null}},"type":"if","locations":[{"start":{"line":56,"column":4},"end":{"line":60,"column":null}},{"start":{},"end":{}}],"line":56},"5":{"loc":{"start":{"line":74,"column":11},"end":{"line":74,"column":72}},"type":"binary-expr","locations":[{"start":{"line":74,"column":11},"end":{"line":74,"column":29}},{"start":{"line":74,"column":34},"end":{"line":74,"column":55}},{"start":{"line":74,"column":59},"end":{"line":74,"column":71}}],"line":74},"6":{"loc":{"start":{"line":94,"column":8},"end":{"line":99,"column":null}},"type":"if","locations":[{"start":{"line":94,"column":8},"end":{"line":99,"column":null}},{"start":{},"end":{}}],"line":94},"7":{"loc":{"start":{"line":102,"column":8},"end":{"line":120,"column":null}},"type":"if","locations":[{"start":{"line":102,"column":8},"end":{"line":120,"column":null}},{"start":{},"end":{}}],"line":102},"8":{"loc":{"start":{"line":102,"column":12},"end":{"line":102,"column":54}},"type":"binary-expr","locations":[{"start":{"line":102,"column":12},"end":{"line":102,"column":32}},{"start":{"line":102,"column":36},"end":{"line":102,"column":54}}],"line":102},"9":{"loc":{"start":{"line":106,"column":12},"end":{"line":109,"column":null}},"type":"if","locations":[{"start":{"line":106,"column":12},"end":{"line":109,"column":null}},{"start":{},"end":{}}],"line":106},"10":{"loc":{"start":{"line":106,"column":16},"end":{"line":106,"column":66}},"type":"binary-expr","locations":[{"start":{"line":106,"column":16},"end":{"line":106,"column":38}},{"start":{"line":106,"column":42},"end":{"line":106,"column":66}}],"line":106},"11":{"loc":{"start":{"line":111,"column":12},"end":{"line":119,"column":null}},"type":"if","locations":[{"start":{"line":111,"column":12},"end":{"line":119,"column":null}},{"start":{},"end":{}}],"line":111},"12":{"loc":{"start":{"line":113,"column":16},"end":{"line":118,"column":null}},"type":"if","locations":[{"start":{"line":113,"column":16},"end":{"line":118,"column":null}},{"start":{},"end":{}}],"line":113},"13":{"loc":{"start":{"line":123,"column":8},"end":{"line":134,"column":null}},"type":"if","locations":[{"start":{"line":123,"column":8},"end":{"line":134,"column":null}},{"start":{},"end":{}}],"line":123},"14":{"loc":{"start":{"line":123,"column":12},"end":{"line":123,"column":64}},"type":"binary-expr","locations":[{"start":{"line":123,"column":12},"end":{"line":123,"column":28}},{"start":{"line":123,"column":32},"end":{"line":123,"column":46}},{"start":{"line":123,"column":50},"end":{"line":123,"column":64}}],"line":123},"15":{"loc":{"start":{"line":125,"column":12},"end":{"line":133,"column":null}},"type":"if","locations":[{"start":{"line":125,"column":12},"end":{"line":133,"column":null}},{"start":{},"end":{}}],"line":125},"16":{"loc":{"start":{"line":127,"column":16},"end":{"line":132,"column":null}},"type":"if","locations":[{"start":{"line":127,"column":16},"end":{"line":132,"column":null}},{"start":{},"end":{}}],"line":127},"17":{"loc":{"start":{"line":150,"column":4},"end":{"line":152,"column":null}},"type":"if","locations":[{"start":{"line":150,"column":4},"end":{"line":152,"column":null}},{"start":{},"end":{}}],"line":150},"18":{"loc":{"start":{"line":154,"column":17},"end":{"line":154,"column":53}},"type":"binary-expr","locations":[{"start":{"line":154,"column":17},"end":{"line":154,"column":28}},{"start":{"line":154,"column":32},"end":{"line":154,"column":53}}],"line":154}},"s":{"0":48,"1":48,"2":53,"3":1,"4":52,"5":66,"6":47,"7":47,"8":6,"9":48,"10":48,"11":5,"12":5,"13":48,"14":41,"15":45,"16":45,"17":45,"18":84,"19":84,"20":2,"21":2,"22":4,"23":2,"24":82,"25":45,"26":45,"27":1,"28":1,"29":44,"30":35,"31":35,"32":19,"33":19,"34":62,"35":7,"36":7,"37":6,"38":6,"39":4,"40":4,"41":4,"42":58,"43":45,"44":48,"45":48,"46":48,"47":48,"48":3,"49":45,"50":48,"51":48,"52":1,"53":47,"54":1},"f":{"0":48,"1":53,"2":41,"3":45,"4":48,"5":47},"b":{"0":[1,52],"1":[47,19],"2":[66,52],"3":[6,41],"4":[5,43],"5":[41,26,9],"6":[2,82],"7":[45,37],"8":[82,48],"9":[1,44],"10":[45,1],"11":[35,9],"12":[19,16],"13":[7,55],"14":[62,7,7],"15":[6,1],"16":[4,2],"17":[3,45],"18":[45,1]},"meta":{"lastBranch":19,"lastFunction":6,"lastStatement":55,"seen":{"f:33:9:33:36":0,"s:35:18:35:27":0,"s:37:24:37:33":1,"f:42:13:42:17":1,"b:43:8:43:Infinity:undefined:undefined:undefined:undefined":0,"s:43:8:43:Infinity":2,"s:43:19:43:Infinity":3,"s:44:8:51:Infinity":4,"b:45:12:50:Infinity:undefined:undefined:undefined:undefined":1,"s:45:12:50:Infinity":5,"b:45:16:45:40:45:63:45:85":2,"s:46:16:46:Infinity":6,"b:47:16:49:Infinity:undefined:undefined:undefined:undefined":3,"s:47:16:49:Infinity":7,"s:48:20:48:Infinity":8,"s:54:4:54:Infinity":9,"b:56:4:60:Infinity:undefined:undefined:undefined:undefined":4,"s:56:4:60:Infinity":10,"s:57:8:59:Infinity":11,"s:58:12:58:Infinity":12,"s:62:4:62:Infinity":13,"f:73:9:73:16":2,"s:74:4:74:Infinity":14,"b:74:11:74:29:74:34:74:55:74:59:74:71":5,"f:86:9:86:20":3,"s:88:19:88:21":15,"s:90:4:137:Infinity":16,"s:90:17:90:18":17,"s:91:20:91:27":18,"b:94:8:99:Infinity:undefined:undefined:undefined:undefined":6,"s:94:8:99:Infinity":19,"s:95:12:97:Infinity":20,"s:95:25:95:26":21,"s:96:16:96:Infinity":22,"s:98:12:98:Infinity":23,"b:102:8:120:Infinity:undefined:undefined:undefined:undefined":7,"s:102:8:120:Infinity":24,"b:102:12:102:32:102:36:102:54":8,"s:103:25:103:37":25,"b:106:12:109:Infinity:undefined:undefined:undefined:undefined":9,"s:106:12:109:Infinity":26,"b:106:16:106:38:106:42:106:66":10,"s:107:16:107:Infinity":27,"s:108:16:108:Infinity":28,"b:111:12:119:Infinity:undefined:undefined:undefined:undefined":11,"s:111:12:119:Infinity":29,"s:112:29:112:40":30,"b:113:16:118:Infinity:undefined:undefined:undefined:undefined":12,"s:113:16:118:Infinity":31,"s:116:20:116:Infinity":32,"s:117:20:117:Infinity":33,"b:123:8:134:Infinity:undefined:undefined:undefined:undefined":13,"s:123:8:134:Infinity":34,"b:123:12:123:28:123:32:123:46:123:50:123:64":14,"s:124:30:124:36":35,"b:125:12:133:Infinity:undefined:undefined:undefined:undefined":15,"s:125:12:133:Infinity":36,"s:126:29:126:40":37,"b:127:16:132:Infinity:undefined:undefined:undefined:undefined":16,"s:127:16:132:Infinity":38,"s:129:20:129:Infinity":39,"s:130:20:130:Infinity":40,"s:131:20:131:Infinity":41,"s:136:8:136:Infinity":42,"s:139:4:139:Infinity":43,"f:143:9:143:37":4,"s:144:20:144:34":44,"s:145:40:145:57":45,"s:147:35:147:81":46,"b:150:4:152:Infinity:undefined:undefined:undefined:undefined":17,"s:150:4:152:Infinity":47,"s:151:8:151:Infinity":48,"s:154:17:154:53":49,"b:154:17:154:28:154:32:154:53":18,"s:155:22:155:59":50,"s:157:4:160:Infinity":51,"s:162:0:162:Infinity":52,"f:168:9:168:37":5,"s:169:4:169:Infinity":53,"s:172:49:172:109":54}}}
,"/home/runner/work/niceties/niceties/node-parseargs-plus/src/package-info.js": {"path":"/home/runner/work/niceties/niceties/node-parseargs-plus/src/package-info.js","statementMap":{"0":{"start":{"line":28,"column":13},"end":{"line":28,"column":45}},"1":{"start":{"line":29,"column":4},"end":{"line":50,"column":null}},"2":{"start":{"line":30,"column":25},"end":{"line":30,"column":51}},"3":{"start":{"line":31,"column":8},"end":{"line":49,"column":null}},"4":{"start":{"line":32,"column":28},"end":{"line":32,"column":61}},"5":{"start":{"line":33,"column":12},"end":{"line":33,"column":null}},"6":{"start":{"line":34,"column":12},"end":{"line":34,"column":null}},"7":{"start":{"line":37,"column":12},"end":{"line":48,"column":null}},"8":{"start":{"line":38,"column":30},"end":{"line":38,"column":43}},"9":{"start":{"line":39,"column":16},"end":{"line":42,"column":null}},"10":{"start":{"line":41,"column":20},"end":{"line":41,"column":null}},"11":{"start":{"line":43,"column":16},"end":{"line":43,"column":null}},"12":{"start":{"line":47,"column":16},"end":{"line":47,"column":null}},"13":{"start":{"line":51,"column":4},"end":{"line":55,"column":null}}},"fnMap":{"0":{"name":"readPackageJson","decl":{"start":{"line":25,"column":22},"end":{"line":25,"column":37}},"loc":{"start":{"line":25,"column":47},"end":{"line":56,"column":null}},"line":25}},"branchMap":{"0":{"loc":{"start":{"line":37,"column":12},"end":{"line":48,"column":null}},"type":"if","locations":[{"start":{"line":37,"column":12},"end":{"line":48,"column":null}},{"start":{"line":44,"column":19},"end":{"line":48,"column":null}}],"line":37},"1":{"loc":{"start":{"line":37,"column":16},"end":{"line":37,"column":101}},"type":"binary-expr","locations":[{"start":{"line":37,"column":16},"end":{"line":37,"column":39}},{"start":{"line":37,"column":43},"end":{"line":37,"column":55}},{"start":{"line":37,"column":78},"end":{"line":37,"column":101}}],"line":37},"2":{"loc":{"start":{"line":39,"column":16},"end":{"line":42,"column":null}},"type":"if","locations":[{"start":{"line":39,"column":16},"end":{"line":42,"column":null}},{"start":{},"end":{}}],"line":39},"3":{"loc":{"start":{"line":52,"column":14},"end":{"line":52,"column":59}},"type":"cond-expr","locations":[{"start":{"line":52,"column":46},"end":{"line":52,"column":54}},{"start":{"line":52,"column":57},"end":{"line":52,"column":59}}],"line":52},"4":{"loc":{"start":{"line":53,"column":17},"end":{"line":53,"column":77}},"type":"cond-expr","locations":[{"start":{"line":53,"column":52},"end":{"line":53,"column":63}},{"start":{"line":53,"column":66},"end":{"line":53,"column":77}}],"line":53},"5":{"loc":{"start":{"line":54,"column":21},"end":{"line":54,"column":80}},"type":"cond-expr","locations":[{"start":{"line":54,"column":60},"end":{"line":54,"column":75}},{"start":{"line":54,"column":78},"end":{"line":54,"column":80}}],"line":54}},"s":{"0":7,"1":7,"2":13,"3":13,"4":13,"5":6,"6":6,"7":7,"8":7,"9":7,"10":1,"11":6,"12":0,"13":7},"f":{"0":7},"b":{"0":[7,0],"1":[7,7,7],"2":[1,6],"3":[6,1],"4":[6,1],"5":[6,1]},"meta":{"lastBranch":6,"lastFunction":1,"lastStatement":14,"seen":{"f:25:22:25:37":0,"s:28:13:28:45":0,"s:29:4:50:Infinity":1,"s:30:25:30:51":2,"s:31:8:49:Infinity":3,"s:32:28:32:61":4,"s:33:12:33:Infinity":5,"s:34:12:34:Infinity":6,"b:37:12:48:Infinity:44:19:48:Infinity":0,"s:37:12:48:Infinity":7,"b:37:16:37:39:37:43:37:55:37:78:37:101":1,"s:38:30:38:43":8,"b:39:16:42:Infinity:undefined:undefined:undefined:undefined":2,"s:39:16:42:Infinity":9,"s:41:20:41:Infinity":10,"s:43:16:43:Infinity":11,"s:47:16:47:Infinity":12,"s:51:4:55:Infinity":13,"b:52:46:52:54:52:57:52:59":3,"b:53:52:53:63:53:66:53:77":4,"b:54:60:54:75:54:78:54:80":5}}}
,"/home/runner/work/niceties/niceties/node-parseargs-plus/src/parameters.js": {"path":"/home/runner/work/niceties/niceties/node-parseargs-plus/src/parameters.js","statementMap":{"0":{"start":{"line":13,"column":22},"end":{"line":13,"column":62}},"1":{"start":{"line":15,"column":19},"end":{"line":15,"column":70}},"2":{"start":{"line":23,"column":18},"end":{"line":23,"column":40}},"3":{"start":{"line":24,"column":4},"end":{"line":26,"column":null}},"4":{"start":{"line":25,"column":8},"end":{"line":25,"column":null}},"5":{"start":{"line":27,"column":53},"end":{"line":27,"column":58}},"6":{"start":{"line":28,"column":21},"end":{"line":28,"column":36}},"7":{"start":{"line":30,"column":4},"end":{"line":32,"column":null}},"8":{"start":{"line":31,"column":8},"end":{"line":31,"column":null}},"9":{"start":{"line":33,"column":19},"end":{"line":33,"column":33}},"10":{"start":{"line":34,"column":22},"end":{"line":34,"column":42}},"11":{"start":{"line":35,"column":4},"end":{"line":35,"column":null}},"12":{"start":{"line":44,"column":4},"end":{"line":51,"column":null}},"13":{"start":{"line":47,"column":26},"end":{"line":47,"column":44}},"14":{"start":{"line":48,"column":12},"end":{"line":48,"column":null}},"15":{"start":{"line":48,"column":25},"end":{"line":48,"column":null}},"16":{"start":{"line":49,"column":12},"end":{"line":49,"column":null}},"17":{"start":{"line":59,"column":23},"end":{"line":59,"column":28}},"18":{"start":{"line":60,"column":4},"end":{"line":73,"column":null}},"19":{"start":{"line":60,"column":17},"end":{"line":60,"column":18}},"20":{"start":{"line":61,"column":20},"end":{"line":61,"column":27}},"21":{"start":{"line":62,"column":8},"end":{"line":66,"column":null}},"22":{"start":{"line":63,"column":12},"end":{"line":65,"column":null}},"23":{"start":{"line":64,"column":16},"end":{"line":64,"column":null}},"24":{"start":{"line":67,"column":8},"end":{"line":69,"column":null}},"25":{"start":{"line":68,"column":12},"end":{"line":68,"column":null}},"26":{"start":{"line":70,"column":8},"end":{"line":72,"column":null}},"27":{"start":{"line":71,"column":12},"end":{"line":71,"column":null}},"28":{"start":{"line":84,"column":23},"end":{"line":84,"column":25}},"29":{"start":{"line":85,"column":26},"end":{"line":85,"column":27}},"30":{"start":{"line":87,"column":4},"end":{"line":107,"column":null}},"31":{"start":{"line":88,"column":8},"end":{"line":106,"column":null}},"32":{"start":{"line":90,"column":30},"end":{"line":90,"column":64}},"33":{"start":{"line":91,"column":12},"end":{"line":93,"column":null}},"34":{"start":{"line":92,"column":16},"end":{"line":92,"column":null}},"35":{"start":{"line":94,"column":12},"end":{"line":94,"column":null}},"36":{"start":{"line":95,"column":12},"end":{"line":95,"column":null}},"37":{"start":{"line":98,"column":26},"end":{"line":98,"column":54}},"38":{"start":{"line":99,"column":12},"end":{"line":101,"column":null}},"39":{"start":{"line":100,"column":16},"end":{"line":100,"column":null}},"40":{"start":{"line":102,"column":12},"end":{"line":102,"column":null}},"41":{"start":{"line":103,"column":12},"end":{"line":105,"column":null}},"42":{"start":{"line":104,"column":16},"end":{"line":104,"column":null}},"43":{"start":{"line":109,"column":4},"end":{"line":109,"column":null}},"44":{"start":{"line":114,"column":132},"end":{"line":114,"column":138}},"45":{"start":{"line":115,"column":4},"end":{"line":117,"column":null}},"46":{"start":{"line":116,"column":8},"end":{"line":116,"column":null}},"47":{"start":{"line":121,"column":4},"end":{"line":123,"column":null}},"48":{"start":{"line":122,"column":8},"end":{"line":122,"column":null}},"49":{"start":{"line":126,"column":17},"end":{"line":126,"column":53}},"50":{"start":{"line":127,"column":4},"end":{"line":127,"column":null}},"51":{"start":{"line":130,"column":4},"end":{"line":133,"column":null}},"52":{"start":{"line":143,"column":4},"end":{"line":145,"column":null}},"53":{"start":{"line":144,"column":8},"end":{"line":144,"column":null}},"54":{"start":{"line":147,"column":44},"end":{"line":147,"column":67}},"55":{"start":{"line":152,"column":4},"end":{"line":162,"column":null}},"56":{"start":{"line":155,"column":8},"end":{"line":155,"column":null}},"57":{"start":{"line":159,"column":12},"end":{"line":159,"column":null}},"58":{"start":{"line":161,"column":8},"end":{"line":161,"column":null}},"59":{"start":{"line":164,"column":4},"end":{"line":166,"column":null}},"60":{"start":{"line":165,"column":8},"end":{"line":165,"column":null}},"61":{"start":{"line":168,"column":17},"end":{"line":168,"column":46}},"62":{"start":{"line":169,"column":4},"end":{"line":169,"column":null}},"63":{"start":{"line":170,"column":23},"end":{"line":170,"column":66}},"64":{"start":{"line":172,"column":4},"end":{"line":175,"column":null}},"65":{"start":{"line":177,"column":0},"end":{"line":177,"column":null}},"66":{"start":{"line":179,"column":46},"end":{"line":179,"column":100}}},"fnMap":{"0":{"name":"parseParam","decl":{"start":{"line":22,"column":9},"end":{"line":22,"column":19}},"loc":{"start":{"line":22,"column":27},"end":{"line":36,"column":null}},"line":22},"1":{"name":"toCamelCase","decl":{"start":{"line":43,"column":9},"end":{"line":43,"column":20}},"loc":{"start":{"line":43,"column":27},"end":{"line":52,"column":null}},"line":43},"2":{"name":"(anonymous_2)","decl":{"start":{"line":46,"column":13},"end":{"line":46,"column":14}},"loc":{"start":{"line":46,"column":26},"end":{"line":50,"column":9}},"line":46},"3":{"name":"validateDefs","decl":{"start":{"line":58,"column":9},"end":{"line":58,"column":21}},"loc":{"start":{"line":58,"column":28},"end":{"line":74,"column":null}},"line":58},"4":{"name":"extractParameters","decl":{"start":{"line":82,"column":9},"end":{"line":82,"column":26}},"loc":{"start":{"line":82,"column":46},"end":{"line":110,"column":null}},"line":82},"5":{"name":"parametersTransformConfig","decl":{"start":{"line":113,"column":9},"end":{"line":113,"column":34}},"loc":{"start":{"line":113,"column":43},"end":{"line":134,"column":null}},"line":113},"6":{"name":"parametersTransformResult","decl":{"start":{"line":140,"column":9},"end":{"line":140,"column":34}},"loc":{"start":{"line":140,"column":51},"end":{"line":176,"column":null}},"line":140}},"branchMap":{"0":{"loc":{"start":{"line":24,"column":4},"end":{"line":26,"column":null}},"type":"if","locations":[{"start":{"line":24,"column":4},"end":{"line":26,"column":null}},{"start":{},"end":{}}],"line":24},"1":{"loc":{"start":{"line":30,"column":4},"end":{"line":32,"column":null}},"type":"if","locations":[{"start":{"line":30,"column":4},"end":{"line":32,"column":null}},{"start":{},"end":{}}],"line":30},"2":{"loc":{"start":{"line":30,"column":8},"end":{"line":30,"column":81}},"type":"binary-expr","locations":[{"start":{"line":30,"column":9},"end":{"line":30,"column":17}},{"start":{"line":30,"column":21},"end":{"line":30,"column":41}},{"start":{"line":30,"column":47},"end":{"line":30,"column":56}},{"start":{"line":30,"column":60},"end":{"line":30,"column":80}}],"line":30},"3":{"loc":{"start":{"line":48,"column":12},"end":{"line":48,"column":null}},"type":"if","locations":[{"start":{"line":48,"column":12},"end":{"line":48,"column":null}},{"start":{},"end":{}}],"line":48},"4":{"loc":{"start":{"line":62,"column":8},"end":{"line":66,"column":null}},"type":"if","locations":[{"start":{"line":62,"column":8},"end":{"line":66,"column":null}},{"start":{},"end":{}}],"line":62},"5":{"loc":{"start":{"line":63,"column":12},"end":{"line":65,"column":null}},"type":"if","locations":[{"start":{"line":63,"column":12},"end":{"line":65,"column":null}},{"start":{},"end":{}}],"line":63},"6":{"loc":{"start":{"line":67,"column":8},"end":{"line":69,"column":null}},"type":"if","locations":[{"start":{"line":67,"column":8},"end":{"line":69,"column":null}},{"start":{},"end":{}}],"line":67},"7":{"loc":{"start":{"line":67,"column":12},"end":{"line":67,"column":40}},"type":"binary-expr","locations":[{"start":{"line":67,"column":12},"end":{"line":67,"column":24}},{"start":{"line":67,"column":28},"end":{"line":67,"column":40}}],"line":67},"8":{"loc":{"start":{"line":70,"column":8},"end":{"line":72,"column":null}},"type":"if","locations":[{"start":{"line":70,"column":8},"end":{"line":72,"column":null}},{"start":{},"end":{}}],"line":70},"9":{"loc":{"start":{"line":88,"column":8},"end":{"line":106,"column":null}},"type":"if","locations":[{"start":{"line":88,"column":8},"end":{"line":106,"column":null}},{"start":{"line":96,"column":15},"end":{"line":106,"column":null}}],"line":88},"10":{"loc":{"start":{"line":91,"column":12},"end":{"line":93,"column":null}},"type":"if","locations":[{"start":{"line":91,"column":12},"end":{"line":93,"column":null}},{"start":{},"end":{}}],"line":91},"11":{"loc":{"start":{"line":91,"column":16},"end":{"line":91,"column":54}},"type":"binary-expr","locations":[{"start":{"line":91,"column":16},"end":{"line":91,"column":28}},{"start":{"line":91,"column":32},"end":{"line":91,"column":54}}],"line":91},"12":{"loc":{"start":{"line":94,"column":40},"end":{"line":94,"column":111}},"type":"cond-expr","locations":[{"start":{"line":94,"column":55},"end":{"line":94,"column":64}},{"start":{"line":94,"column":67},"end":{"line":94,"column":111}}],"line":94},"13":{"loc":{"start":{"line":94,"column":67},"end":{"line":94,"column":111}},"type":"cond-expr","locations":[{"start":{"line":94,"column":90},"end":{"line":94,"column":99}},{"start":{"line":94,"column":102},"end":{"line":94,"column":111}}],"line":94},"14":{"loc":{"start":{"line":99,"column":12},"end":{"line":101,"column":null}},"type":"if","locations":[{"start":{"line":99,"column":12},"end":{"line":101,"column":null}},{"start":{},"end":{}}],"line":99},"15":{"loc":{"start":{"line":99,"column":16},"end":{"line":99,"column":51}},"type":"binary-expr","locations":[{"start":{"line":99,"column":16},"end":{"line":99,"column":28}},{"start":{"line":99,"column":32},"end":{"line":99,"column":51}}],"line":99},"16":{"loc":{"start":{"line":103,"column":12},"end":{"line":105,"column":null}},"type":"if","locations":[{"start":{"line":103,"column":12},"end":{"line":105,"column":null}},{"start":{},"end":{}}],"line":103},"17":{"loc":{"start":{"line":115,"column":4},"end":{"line":117,"column":null}},"type":"if","locations":[{"start":{"line":115,"column":4},"end":{"line":117,"column":null}},{"start":{},"end":{}}],"line":115},"18":{"loc":{"start":{"line":115,"column":8},"end":{"line":115,"column":66}},"type":"binary-expr","locations":[{"start":{"line":115,"column":8},"end":{"line":115,"column":29}},{"start":{"line":115,"column":33},"end":{"line":115,"column":66}}],"line":115},"19":{"loc":{"start":{"line":121,"column":4},"end":{"line":123,"column":null}},"type":"if","locations":[{"start":{"line":121,"column":4},"end":{"line":123,"column":null}},{"start":{},"end":{}}],"line":121},"20":{"loc":{"start":{"line":143,"column":4},"end":{"line":145,"column":null}},"type":"if","locations":[{"start":{"line":143,"column":4},"end":{"line":145,"column":null}},{"start":{},"end":{}}],"line":143},"21":{"loc":{"start":{"line":143,"column":8},"end":{"line":143,"column":51}},"type":"binary-expr","locations":[{"start":{"line":143,"column":8},"end":{"line":143,"column":26}},{"start":{"line":143,"column":30},"end":{"line":143,"column":51}}],"line":143},"22":{"loc":{"start":{"line":152,"column":4},"end":{"line":162,"column":null}},"type":"if","locations":[{"start":{"line":152,"column":4},"end":{"line":162,"column":null}},{"start":{"line":156,"column":11},"end":{"line":162,"column":null}}],"line":152},"23":{"loc":{"start":{"line":152,"column":8},"end":{"line":152,"column":63}},"type":"binary-expr","locations":[{"start":{"line":152,"column":8},"end":{"line":152,"column":33}},{"start":{"line":152,"column":37},"end":{"line":152,"column":63}}],"line":152},"24":{"loc":{"start":{"line":164,"column":4},"end":{"line":166,"column":null}},"type":"if","locations":[{"start":{"line":164,"column":4},"end":{"line":166,"column":null}},{"start":{},"end":{}}],"line":164},"25":{"loc":{"start":{"line":164,"column":8},"end":{"line":164,"column":52}},"type":"binary-expr","locations":[{"start":{"line":164,"column":8},"end":{"line":164,"column":22}},{"start":{"line":164,"column":26},"end":{"line":164,"column":52}}],"line":164}},"s":{"0":1,"1":1,"2":116,"3":116,"4":1,"5":115,"6":115,"7":115,"8":2,"9":113,"10":113,"11":113,"12":113,"13":124,"14":124,"15":113,"16":11,"17":84,"18":84,"19":84,"20":111,"21":111,"22":29,"23":2,"24":109,"25":1,"26":108,"27":31,"28":50,"29":50,"30":50,"31":66,"32":16,"33":16,"34":2,"35":14,"36":16,"37":50,"38":50,"39":2,"40":48,"41":48,"42":45,"43":46,"44":65,"45":65,"46":26,"47":39,"48":2,"49":37,"50":37,"51":37,"52":57,"53":4,"54":53,"55":53,"56":23,"57":30,"58":30,"59":53,"60":3,"61":50,"62":50,"63":50,"64":50,"65":1,"66":1},"f":{"0":116,"1":113,"2":124,"3":84,"4":50,"5":65,"6":57},"b":{"0":[1,115],"1":[2,113],"2":[115,83,114,32],"3":[113,11],"4":[29,82],"5":[2,27],"6":[1,108],"7":[109,78],"8":[31,77],"9":[16,50],"10":[2,14],"11":[16,7],"12":[5,9],"13":[5,4],"14":[2,48],"15":[50,42],"16":[45,3],"17":[26,39],"18":[65,41],"19":[2,37],"20":[4,53],"21":[57,54],"22":[23,30],"23":[53,23],"24":[3,50],"25":[53,51]},"meta":{"lastBranch":26,"lastFunction":7,"lastStatement":67,"seen":{"s:13:22:13:62":0,"s:15:19:15:70":1,"f:22:9:22:19":0,"s:23:18:23:40":2,"b:24:4:26:Infinity:undefined:undefined:undefined:undefined":0,"s:24:4:26:Infinity":3,"s:25:8:25:Infinity":4,"s:27:53:27:58":5,"s:28:21:28:36":6,"b:30:4:32:Infinity:undefined:undefined:undefined:undefined":1,"s:30:4:32:Infinity":7,"b:30:9:30:17:30:21:30:41:30:47:30:56:30:60:30:80":2,"s:31:8:31:Infinity":8,"s:33:19:33:33":9,"s:34:22:34:42":10,"s:35:4:35:Infinity":11,"f:43:9:43:20":1,"s:44:4:51:Infinity":12,"f:46:13:46:14":2,"s:47:26:47:44":13,"b:48:12:48:Infinity:undefined:undefined:undefined:undefined":3,"s:48:12:48:Infinity":14,"s:48:25:48:Infinity":15,"s:49:12:49:Infinity":16,"f:58:9:58:21":3,"s:59:23:59:28":17,"s:60:4:73:Infinity":18,"s:60:17:60:18":19,"s:61:20:61:27":20,"b:62:8:66:Infinity:undefined:undefined:undefined:undefined":4,"s:62:8:66:Infinity":21,"b:63:12:65:Infinity:undefined:undefined:undefined:undefined":5,"s:63:12:65:Infinity":22,"s:64:16:64:Infinity":23,"b:67:8:69:Infinity:undefined:undefined:undefined:undefined":6,"s:67:8:69:Infinity":24,"b:67:12:67:24:67:28:67:40":7,"s:68:12:68:Infinity":25,"b:70:8:72:Infinity:undefined:undefined:undefined:undefined":8,"s:70:8:72:Infinity":26,"s:71:12:71:Infinity":27,"f:82:9:82:26":4,"s:84:23:84:25":28,"s:85:26:85:27":29,"s:87:4:107:Infinity":30,"b:88:8:106:Infinity:96:15:106:Infinity":9,"s:88:8:106:Infinity":31,"s:90:30:90:64":32,"b:91:12:93:Infinity:undefined:undefined:undefined:undefined":10,"s:91:12:93:Infinity":33,"b:91:16:91:28:91:32:91:54":11,"s:92:16:92:Infinity":34,"s:94:12:94:Infinity":35,"b:94:55:94:64:94:67:94:111":12,"b:94:90:94:99:94:102:94:111":13,"s:95:12:95:Infinity":36,"s:98:26:98:54":37,"b:99:12:101:Infinity:undefined:undefined:undefined:undefined":14,"s:99:12:101:Infinity":38,"b:99:16:99:28:99:32:99:51":15,"s:100:16:100:Infinity":39,"s:102:12:102:Infinity":40,"b:103:12:105:Infinity:undefined:undefined:undefined:undefined":16,"s:103:12:105:Infinity":41,"s:104:16:104:Infinity":42,"s:109:4:109:Infinity":43,"f:113:9:113:34":5,"s:114:132:114:138":44,"b:115:4:117:Infinity:undefined:undefined:undefined:undefined":17,"s:115:4:117:Infinity":45,"b:115:8:115:29:115:33:115:66":18,"s:116:8:116:Infinity":46,"b:121:4:123:Infinity:undefined:undefined:undefined:undefined":19,"s:121:4:123:Infinity":47,"s:122:8:122:Infinity":48,"s:126:17:126:53":49,"s:127:4:127:Infinity":50,"s:130:4:133:Infinity":51,"f:140:9:140:34":6,"b:143:4:145:Infinity:undefined:undefined:undefined:undefined":20,"s:143:4:145:Infinity":52,"b:143:8:143:26:143:30:143:51":21,"s:144:8:144:Infinity":53,"s:147:44:147:67":54,"b:152:4:162:Infinity:156:11:162:Infinity":22,"s:152:4:162:Infinity":55,"b:152:8:152:33:152:37:152:63":23,"s:155:8:155:Infinity":56,"s:159:12:159:Infinity":57,"s:161:8:161:Infinity":58,"b:164:4:166:Infinity:undefined:undefined:undefined:undefined":24,"s:164:4:166:Infinity":59,"b:164:8:164:22:164:26:164:52":25,"s:165:8:165:Infinity":60,"s:168:17:168:46":61,"s:169:4:169:Infinity":62,"s:170:23:170:66":63,"s:172:4:175:Infinity":64,"s:177:0:177:Infinity":65,"s:179:46:179:100":66}}}
}
