{"/home/runner/work/niceties/niceties/ansi/src/browser.js": {"path":"/home/runner/work/niceties/niceties/ansi/src/browser.js","statementMap":{"0":{"start":{"line":7,"column":17},"end":{"line":7,"column":27}},"1":{"start":{"line":8,"column":17},"end":{"line":8,"column":27}},"2":{"start":{"line":9,"column":23},"end":{"line":9,"column":33}},"3":{"start":{"line":13,"column":21},"end":{"line":13,"column":46}},"4":{"start":{"line":13,"column":26},"end":{"line":13,"column":46}},"5":{"start":{"line":15,"column":33},"end":{"line":15,"column":89}},"6":{"start":{"line":17,"column":32},"end":{"line":17,"column":88}},"7":{"start":{"line":19,"column":35},"end":{"line":19,"column":68}},"8":{"start":{"line":21,"column":38},"end":{"line":21,"column":71}},"9":{"start":{"line":23,"column":36},"end":{"line":23,"column":69}},"10":{"start":{"line":25,"column":35},"end":{"line":25,"column":68}},"11":{"start":{"line":27,"column":42},"end":{"line":27,"column":75}},"12":{"start":{"line":31,"column":34},"end":{"line":31,"column":66}},"13":{"start":{"line":33,"column":32},"end":{"line":33,"column":64}},"14":{"start":{"line":35,"column":34},"end":{"line":35,"column":66}},"15":{"start":{"line":37,"column":35},"end":{"line":37,"column":67}},"16":{"start":{"line":39,"column":33},"end":{"line":39,"column":65}},"17":{"start":{"line":41,"column":36},"end":{"line":41,"column":68}},"18":{"start":{"line":43,"column":33},"end":{"line":43,"column":65}},"19":{"start":{"line":45,"column":34},"end":{"line":45,"column":66}},"20":{"start":{"line":47,"column":33},"end":{"line":47,"column":65}},"21":{"start":{"line":51,"column":36},"end":{"line":51,"column":68}},"22":{"start":{"line":53,"column":34},"end":{"line":53,"column":66}},"23":{"start":{"line":55,"column":36},"end":{"line":55,"column":68}},"24":{"start":{"line":57,"column":37},"end":{"line":57,"column":69}},"25":{"start":{"line":59,"column":35},"end":{"line":59,"column":67}},"26":{"start":{"line":61,"column":38},"end":{"line":61,"column":70}},"27":{"start":{"line":63,"column":35},"end":{"line":63,"column":67}},"28":{"start":{"line":65,"column":36},"end":{"line":65,"column":68}},"29":{"start":{"line":69,"column":40},"end":{"line":69,"column":72}},"30":{"start":{"line":71,"column":38},"end":{"line":71,"column":70}},"31":{"start":{"line":73,"column":40},"end":{"line":73,"column":72}},"32":{"start":{"line":75,"column":41},"end":{"line":75,"column":73}},"33":{"start":{"line":77,"column":39},"end":{"line":77,"column":71}},"34":{"start":{"line":79,"column":42},"end":{"line":79,"column":74}},"35":{"start":{"line":81,"column":39},"end":{"line":81,"column":71}},"36":{"start":{"line":83,"column":40},"end":{"line":83,"column":72}},"37":{"start":{"line":87,"column":42},"end":{"line":87,"column":75}},"38":{"start":{"line":89,"column":40},"end":{"line":89,"column":73}},"39":{"start":{"line":91,"column":42},"end":{"line":91,"column":75}},"40":{"start":{"line":93,"column":43},"end":{"line":93,"column":76}},"41":{"start":{"line":95,"column":41},"end":{"line":95,"column":74}},"42":{"start":{"line":97,"column":44},"end":{"line":97,"column":77}},"43":{"start":{"line":99,"column":41},"end":{"line":99,"column":74}},"44":{"start":{"line":101,"column":42},"end":{"line":101,"column":75}}},"fnMap":{"0":{"name":"(anonymous_0)","decl":{"start":{"line":13,"column":21},"end":{"line":13,"column":22}},"loc":{"start":{"line":13,"column":26},"end":{"line":13,"column":46}},"line":13}},"branchMap":{},"s":{"0":1,"1":1,"2":1,"3":1,"4":1,"5":1,"6":1,"7":1,"8":1,"9":1,"10":1,"11":1,"12":1,"13":1,"14":1,"15":1,"16":1,"17":1,"18":1,"19":1,"20":1,"21":1,"22":1,"23":1,"24":1,"25":1,"26":1,"27":1,"28":1,"29":1,"30":1,"31":1,"32":1,"33":1,"34":1,"35":1,"36":1,"37":1,"38":1,"39":1,"40":1,"41":1,"42":1,"43":1,"44":1},"f":{"0":1},"b":{},"meta":{"lastBranch":0,"lastFunction":1,"lastStatement":45,"seen":{"s:7:17:7:27":0,"s:8:17:8:27":1,"s:9:23:9:33":2,"s:13:21:13:46":3,"f:13:21:13:22":0,"s:13:26:13:46":4,"s:15:33:15:89":5,"s:17:32:17:88":6,"s:19:35:19:68":7,"s:21:38:21:71":8,"s:23:36:23:69":9,"s:25:35:25:68":10,"s:27:42:27:75":11,"s:31:34:31:66":12,"s:33:32:33:64":13,"s:35:34:35:66":14,"s:37:35:37:67":15,"s:39:33:39:65":16,"s:41:36:41:68":17,"s:43:33:43:65":18,"s:45:34:45:66":19,"s:47:33:47:65":20,"s:51:36:51:68":21,"s:53:34:53:66":22,"s:55:36:55:68":23,"s:57:37:57:69":24,"s:59:35:59:67":25,"s:61:38:61:70":26,"s:63:35:63:67":27,"s:65:36:65:68":28,"s:69:40:69:72":29,"s:71:38:71:70":30,"s:73:40:73:72":31,"s:75:41:75:73":32,"s:77:39:77:71":33,"s:79:42:79:74":34,"s:81:39:81:71":35,"s:83:40:83:72":36,"s:87:42:87:75":37,"s:89:40:89:73":38,"s:91:42:91:75":39,"s:93:43:93:76":40,"s:95:41:95:74":41,"s:97:44:97:77":42,"s:99:41:99:74":43,"s:101:42:101:75":44}}}
,"/home/runner/work/niceties/niceties/ansi/src/index.js": {"path":"/home/runner/work/niceties/niceties/ansi/src/index.js","statementMap":{"0":{"start":{"line":8,"column":17},"end":{"line":8,"column":27}},"1":{"start":{"line":9,"column":17},"end":{"line":9,"column":27}},"2":{"start":{"line":10,"column":23},"end":{"line":10,"column":33}},"3":{"start":{"line":12,"column":18},"end":{"line":12,"column":47}},"4":{"start":{"line":14,"column":52},"end":{"line":14,"column":71}},"5":{"start":{"line":14,"column":61},"end":{"line":14,"column":71}},"6":{"start":{"line":15,"column":10},"end":{"line":15,"column":57}},"7":{"start":{"line":15,"column":40},"end":{"line":15,"column":57}},"8":{"start":{"line":19,"column":21},"end":{"line":19,"column":78}},"9":{"start":{"line":19,"column":38},"end":{"line":19,"column":58}},"10":{"start":{"line":21,"column":34},"end":{"line":21,"column":81}},"11":{"start":{"line":23,"column":33},"end":{"line":23,"column":80}},"12":{"start":{"line":25,"column":36},"end":{"line":25,"column":60}},"13":{"start":{"line":27,"column":39},"end":{"line":27,"column":63}},"14":{"start":{"line":29,"column":37},"end":{"line":29,"column":61}},"15":{"start":{"line":31,"column":36},"end":{"line":31,"column":60}},"16":{"start":{"line":33,"column":43},"end":{"line":33,"column":67}},"17":{"start":{"line":37,"column":35},"end":{"line":37,"column":58}},"18":{"start":{"line":39,"column":33},"end":{"line":39,"column":56}},"19":{"start":{"line":41,"column":35},"end":{"line":41,"column":58}},"20":{"start":{"line":43,"column":36},"end":{"line":43,"column":59}},"21":{"start":{"line":45,"column":34},"end":{"line":45,"column":57}},"22":{"start":{"line":47,"column":37},"end":{"line":47,"column":60}},"23":{"start":{"line":49,"column":34},"end":{"line":49,"column":57}},"24":{"start":{"line":51,"column":35},"end":{"line":51,"column":58}},"25":{"start":{"line":53,"column":34},"end":{"line":53,"column":57}},"26":{"start":{"line":57,"column":37},"end":{"line":57,"column":60}},"27":{"start":{"line":59,"column":35},"end":{"line":59,"column":58}},"28":{"start":{"line":61,"column":37},"end":{"line":61,"column":60}},"29":{"start":{"line":63,"column":38},"end":{"line":63,"column":61}},"30":{"start":{"line":65,"column":36},"end":{"line":65,"column":59}},"31":{"start":{"line":67,"column":39},"end":{"line":67,"column":62}},"32":{"start":{"line":69,"column":36},"end":{"line":69,"column":59}},"33":{"start":{"line":71,"column":37},"end":{"line":71,"column":60}},"34":{"start":{"line":75,"column":41},"end":{"line":75,"column":64}},"35":{"start":{"line":77,"column":39},"end":{"line":77,"column":62}},"36":{"start":{"line":79,"column":41},"end":{"line":79,"column":64}},"37":{"start":{"line":81,"column":42},"end":{"line":81,"column":65}},"38":{"start":{"line":83,"column":40},"end":{"line":83,"column":63}},"39":{"start":{"line":85,"column":43},"end":{"line":85,"column":66}},"40":{"start":{"line":87,"column":40},"end":{"line":87,"column":63}},"41":{"start":{"line":89,"column":41},"end":{"line":89,"column":64}},"42":{"start":{"line":93,"column":43},"end":{"line":93,"column":67}},"43":{"start":{"line":95,"column":41},"end":{"line":95,"column":65}},"44":{"start":{"line":97,"column":43},"end":{"line":97,"column":67}},"45":{"start":{"line":99,"column":44},"end":{"line":99,"column":68}},"46":{"start":{"line":101,"column":42},"end":{"line":101,"column":66}},"47":{"start":{"line":103,"column":45},"end":{"line":103,"column":69}},"48":{"start":{"line":105,"column":42},"end":{"line":105,"column":66}},"49":{"start":{"line":107,"column":43},"end":{"line":107,"column":67}}},"fnMap":{"0":{"name":"(anonymous_0)","decl":{"start":{"line":14,"column":52},"end":{"line":14,"column":57}},"loc":{"start":{"line":14,"column":61},"end":{"line":14,"column":71}},"line":14},"1":{"name":"(anonymous_1)","decl":{"start":{"line":15,"column":34},"end":{"line":15,"column":35}},"loc":{"start":{"line":15,"column":40},"end":{"line":15,"column":57}},"line":15},"2":{"name":"(anonymous_2)","decl":{"start":{"line":19,"column":33},"end":{"line":19,"column":34}},"loc":{"start":{"line":19,"column":38},"end":{"line":19,"column":58}},"line":19}},"branchMap":{"0":{"loc":{"start":{"line":15,"column":10},"end":{"line":15,"column":57}},"type":"cond-expr","locations":[{"start":{"line":15,"column":22},"end":{"line":15,"column":31}},{"start":{"line":15,"column":34},"end":{"line":15,"column":57}}],"line":15},"1":{"loc":{"start":{"line":19,"column":21},"end":{"line":19,"column":78}},"type":"cond-expr","locations":[{"start":{"line":19,"column":33},"end":{"line":19,"column":58}},{"start":{"line":19,"column":61},"end":{"line":19,"column":78}}],"line":19}},"s":{"0":2,"1":2,"2":2,"3":2,"4":2,"5":44,"6":2,"7":40,"8":2,"9":1,"10":2,"11":2,"12":2,"13":2,"14":2,"15":2,"16":2,"17":2,"18":2,"19":2,"20":2,"21":2,"22":2,"23":2,"24":2,"25":2,"26":2,"27":2,"28":2,"29":2,"30":2,"31":2,"32":2,"33":2,"34":2,"35":2,"36":2,"37":2,"38":2,"39":2,"40":2,"41":2,"42":2,"43":2,"44":2,"45":2,"46":2,"47":2,"48":2,"49":2},"f":{"0":44,"1":40,"2":1},"b":{"0":[1,40],"1":[1,1]},"meta":{"lastBranch":2,"lastFunction":3,"lastStatement":50,"seen":{"s:8:17:8:27":0,"s:9:17:9:27":1,"s:10:23:10:33":2,"s:12:18:12:47":3,"s:14:52:14:71":4,"f:14:52:14:57":0,"s:14:61:14:71":5,"s:15:10:15:57":6,"b:15:22:15:31:15:34:15:57":0,"f:15:34:15:35":1,"s:15:40:15:57":7,"s:19:21:19:78":8,"b:19:33:19:58:19:61:19:78":1,"f:19:33:19:34":2,"s:19:38:19:58":9,"s:21:34:21:81":10,"s:23:33:23:80":11,"s:25:36:25:60":12,"s:27:39:27:63":13,"s:29:37:29:61":14,"s:31:36:31:60":15,"s:33:43:33:67":16,"s:37:35:37:58":17,"s:39:33:39:56":18,"s:41:35:41:58":19,"s:43:36:43:59":20,"s:45:34:45:57":21,"s:47:37:47:60":22,"s:49:34:49:57":23,"s:51:35:51:58":24,"s:53:34:53:57":25,"s:57:37:57:60":26,"s:59:35:59:58":27,"s:61:37:61:60":28,"s:63:38:63:61":29,"s:65:36:65:59":30,"s:67:39:67:62":31,"s:69:36:69:59":32,"s:71:37:71:60":33,"s:75:41:75:64":34,"s:77:39:77:62":35,"s:79:41:79:64":36,"s:81:42:81:65":37,"s:83:40:83:63":38,"s:85:43:85:66":39,"s:87:40:87:63":40,"s:89:41:89:64":41,"s:93:43:93:67":42,"s:95:41:95:65":43,"s:97:43:97:67":44,"s:99:44:99:68":45,"s:101:42:101:66":46,"s:103:45:103:69":47,"s:105:42:105:66":48,"s:107:43:107:67":49}}}
,"/home/runner/work/niceties/niceties/ansi/src/shared.js": {"path":"/home/runner/work/niceties/niceties/ansi/src/shared.js","statementMap":{"0":{"start":{"line":11,"column":25},"end":{"line":18,"column":1}},"1":{"start":{"line":12,"column":17},"end":{"line":12,"column":28}},"2":{"start":{"line":13,"column":4},"end":{"line":17,"column":null}},"3":{"start":{"line":15,"column":23},"end":{"line":15,"column":33}},"4":{"start":{"line":16,"column":8},"end":{"line":16,"column":null}}},"fnMap":{"0":{"name":"(anonymous_0)","decl":{"start":{"line":11,"column":25},"end":{"line":11,"column":26}},"loc":{"start":{"line":11,"column":58},"end":{"line":18,"column":1}},"line":11},"1":{"name":"(anonymous_1)","decl":{"start":{"line":13,"column":11},"end":{"line":13,"column":16}},"loc":{"start":{"line":13,"column":20},"end":{"line":17,"column":5}},"line":13}},"branchMap":{"0":{"loc":{"start":{"line":11,"column":39},"end":{"line":11,"column":53}},"type":"default-arg","locations":[{"start":{"line":11,"column":49},"end":{"line":11,"column":53}}],"line":11},"1":{"loc":{"start":{"line":16,"column":15},"end":{"line":16,"column":118}},"type":"cond-expr","locations":[{"start":{"line":16,"column":46},"end":{"line":16,"column":94}},{"start":{"line":16,"column":97},"end":{"line":16,"column":118}}],"line":16}},"s":{"0":3,"1":80,"2":80,"3":149,"4":149},"f":{"0":80,"1":149},"b":{"0":[80],"1":[14,135]},"meta":{"lastBranch":2,"lastFunction":2,"lastStatement":5,"seen":{"s:11:25:18:1":0,"f:11:25:11:26":0,"b:11:49:11:53":0,"s:12:17:12:28":1,"s:13:4:17:Infinity":2,"f:13:11:13:16":1,"s:15:23:15:33":3,"s:16:8:16:Infinity":4,"b:16:46:16:94:16:97:16:118":1}}}
}
